# JRE version: Java(TM) SE Runtime Environment (8.0_91-b15) (build 1.8.0_91-b15)
# Java VM: Java HotSpot(TM) 64-Bit Server VM (25.91-b15 mixed mode windows-amd64 compressed oops)
Heap:
 PSYoungGen      total 91648K, used 35177K [0x00000000d6180000, 0x00000000dc900000, 0x0000000100000000)
  eden space 84480K, 41% used [0x00000000d6180000,0x00000000d839cec0,0x00000000db400000)
  from space 7168K, 3% used [0x00000000dc200000,0x00000000dc23d690,0x00000000dc900000)
  to   space 10752K, 0% used [0x00000000db400000,0x00000000db400000,0x00000000dbe80000)
 ParOldGen       total 86016K, used 24311K [0x0000000082400000, 0x0000000087800000, 0x00000000d6180000)
  object space 86016K, 28% used [0x0000000082400000,0x0000000083bbdc60,0x0000000087800000)
 Metaspace       used 19651K, capacity 20284K, committed 20608K, reserved 1067008K
  class space    used 2404K, capacity 2588K, committed 2688K, reserved 1048576K
GC Heap History (10 events):
Event: 21.405 GC heap before
{Heap before GC invocations=16 (full 0):
 PSYoungGen      total 101376K, used 100326K [0x00000000d6180000, 0x00000000ddd00000, 0x0000000100000000)
  eden space 100864K, 99% used [0x00000000d6180000,0x00000000dc349918,0x00000000dc400000)
  from space 512K, 37% used [0x00000000dc780000,0x00000000dc7b0010,0x00000000dc800000)
  to   space 12800K, 0% used [0x00000000dd080000,0x00000000dd080000,0x00000000ddd00000)
 ParOldGen       total 86016K, used 24159K [0x0000000082400000, 0x0000000087800000, 0x00000000d6180000)
  object space 86016K, 28% used [0x0000000082400000,0x0000000083b97c60,0x0000000087800000)
 Metaspace       used 19549K, capacity 20220K, committed 20352K, reserved 1067008K
  class space    used 2403K, capacity 2588K, committed 2688K, reserved 1048576K
Event: 21.406 GC heap after
Heap after GC invocations=16 (full 0):
 PSYoungGen      total 105472K, used 221K [0x00000000d6180000, 0x00000000dd880000, 0x0000000100000000)
  eden space 97280K, 0% used [0x00000000d6180000,0x00000000d6180000,0x00000000dc080000)
  from space 8192K, 2% used [0x00000000dd080000,0x00000000dd0b74a8,0x00000000dd880000)
  to   space 12288K, 0% used [0x00000000dc080000,0x00000000dc080000,0x00000000dcc80000)
 ParOldGen       total 86016K, used 24191K [0x0000000082400000, 0x0000000087800000, 0x00000000d6180000)
  object space 86016K, 28% used [0x0000000082400000,0x0000000083b9fc60,0x0000000087800000)
 Metaspace       used 19549K, capacity 20220K, committed 20352K, reserved 1067008K
  class space    used 2403K, capacity 2588K, committed 2688K, reserved 1048576K
}
Event: 22.373 GC heap before
{Heap before GC invocations=17 (full 0):
 PSYoungGen      total 105472K, used 96118K [0x00000000d6180000, 0x00000000dd880000, 0x0000000100000000)
  eden space 97280K, 98% used [0x00000000d6180000,0x00000000dbf26620,0x00000000dc080000)
  from space 8192K, 2% used [0x00000000dd080000,0x00000000dd0b74a8,0x00000000dd880000)
  to   space 12288K, 0% used [0x00000000dc080000,0x00000000dc080000,0x00000000dcc80000)
 ParOldGen       total 86016K, used 24191K [0x0000000082400000, 0x0000000087800000, 0x00000000d6180000)
  object space 86016K, 28% used [0x0000000082400000,0x0000000083b9fc60,0x0000000087800000)
 Metaspace       used 19564K, capacity 20220K, committed 20352K, reserved 1067008K
  class space    used 2404K, capacity 2588K, committed 2688K, reserved 1048576K
Event: 22.374 GC heap after
Heap after GC invocations=17 (full 0):
 PSYoungGen      total 94208K, used 160K [0x00000000d6180000, 0x00000000dd500000, 0x0000000100000000)
  eden space 93696K, 0% used [0x00000000d6180000,0x00000000d6180000,0x00000000dbd00000)
  from space 512K, 31% used [0x00000000dc080000,0x00000000dc0a8000,0x00000000dc100000)
  to   space 12288K, 0% used [0x00000000dc900000,0x00000000dc900000,0x00000000dd500000)
 ParOldGen       total 86016K, used 24231K [0x0000000082400000, 0x0000000087800000, 0x00000000d6180000)
  object space 86016K, 28% used [0x0000000082400000,0x0000000083ba9c60,0x0000000087800000)
 Metaspace       used 19564K, capacity 20220K, committed 20352K, reserved 1067008K
  class space    used 2404K, capacity 2588K, committed 2688K, reserved 1048576K
}
Event: 23.344 GC heap before
{Heap before GC invocations=18 (full 0):
 PSYoungGen      total 94208K, used 93856K [0x00000000d6180000, 0x00000000dd500000, 0x0000000100000000)
  eden space 93696K, 100% used [0x00000000d6180000,0x00000000dbd00000,0x00000000dbd00000)
  from space 512K, 31% used [0x00000000dc080000,0x00000000dc0a8000,0x00000000dc100000)
  to   space 12288K, 0% used [0x00000000dc900000,0x00000000dc900000,0x00000000dd500000)
 ParOldGen       total 86016K, used 24231K [0x0000000082400000, 0x0000000087800000, 0x00000000d6180000)
  object space 86016K, 28% used [0x0000000082400000,0x0000000083ba9c60,0x0000000087800000)
 Metaspace       used 19564K, capacity 20220K, committed 20352K, reserved 1067008K
  class space    used 2404K, capacity 2588K, committed 2688K, reserved 1048576K
Event: 23.346 GC heap after
Heap after GC invocations=18 (full 0):
 PSYoungGen      total 98816K, used 205K [0x00000000d6180000, 0x00000000dd100000, 0x0000000100000000)
  eden space 90624K, 0% used [0x00000000d6180000,0x00000000d6180000,0x00000000dba00000)
  from space 8192K, 2% used [0x00000000dc900000,0x00000000dc9335b0,0x00000000dd100000)
  to   space 11776K, 0% used [0x00000000dba00000,0x00000000dba00000,0x00000000dc580000)
 ParOldGen       total 86016K, used 24255K [0x0000000082400000, 0x0000000087800000, 0x00000000d6180000)
  object space 86016K, 28% used [0x0000000082400000,0x0000000083bafc60,0x0000000087800000)
 Metaspace       used 19564K, capacity 20220K, committed 20352K, reserved 1067008K
  class space    used 2404K, capacity 2588K, committed 2688K, reserved 1048576K
}
Event: 30.552 GC heap before
{Heap before GC invocations=19 (full 0):
 PSYoungGen      total 98816K, used 90829K [0x00000000d6180000, 0x00000000dd100000, 0x0000000100000000)
  eden space 90624K, 100% used [0x00000000d6180000,0x00000000dba00000,0x00000000dba00000)
  from space 8192K, 2% used [0x00000000dc900000,0x00000000dc9335b0,0x00000000dd100000)
  to   space 11776K, 0% used [0x00000000dba00000,0x00000000dba00000,0x00000000dc580000)
 ParOldGen       total 86016K, used 24255K [0x0000000082400000, 0x0000000087800000, 0x00000000d6180000)
  object space 86016K, 28% used [0x0000000082400000,0x0000000083bafc60,0x0000000087800000)
 Metaspace       used 19618K, capacity 20220K, committed 20352K, reserved 1067008K
  class space    used 2404K, capacity 2588K, committed 2688K, reserved 1048576K
Event: 30.554 GC heap after
Heap after GC invocations=19 (full 0):
 PSYoungGen      total 88064K, used 160K [0x00000000d6180000, 0x00000000dcd00000, 0x0000000100000000)
  eden space 87552K, 0% used [0x00000000d6180000,0x00000000d6180000,0x00000000db700000)
  from space 512K, 31% used [0x00000000dba00000,0x00000000dba28000,0x00000000dba80000)
  to   space 11264K, 0% used [0x00000000dc200000,0x00000000dc200000,0x00000000dcd00000)
 ParOldGen       total 86016K, used 24279K [0x0000000082400000, 0x0000000087800000, 0x00000000d6180000)
  object space 86016K, 28% used [0x0000000082400000,0x0000000083bb5c60,0x0000000087800000)
 Metaspace       used 19618K, capacity 20220K, committed 20352K, reserved 1067008K
  class space    used 2404K, capacity 2588K, committed 2688K, reserved 1048576K
}
Event: 31.539 GC heap before
{Heap before GC invocations=20 (full 0):
 PSYoungGen      total 88064K, used 87712K [0x00000000d6180000, 0x00000000dcd00000, 0x0000000100000000)
  eden space 87552K, 100% used [0x00000000d6180000,0x00000000db700000,0x00000000db700000)
  from space 512K, 31% used [0x00000000dba00000,0x00000000dba28000,0x00000000dba80000)
  to   space 11264K, 0% used [0x00000000dc200000,0x00000000dc200000,0x00000000dcd00000)
 ParOldGen       total 86016K, used 24279K [0x0000000082400000, 0x0000000087800000, 0x00000000d6180000)
  object space 86016K, 28% used [0x0000000082400000,0x0000000083bb5c60,0x0000000087800000)
 Metaspace       used 19646K, capacity 20284K, committed 20608K, reserved 1067008K
  class space    used 2404K, capacity 2588K, committed 2688K, reserved 1048576K
Event: 31.542 GC heap after
Heap after GC invocations=20 (full 0):
 PSYoungGen      total 91648K, used 245K [0x00000000d6180000, 0x00000000dc900000, 0x0000000100000000)
  eden space 84480K, 0% used [0x00000000d6180000,0x00000000d6180000,0x00000000db400000)
  from space 7168K, 3% used [0x00000000dc200000,0x00000000dc23d690,0x00000000dc900000)
  to   space 10752K, 0% used [0x00000000db400000,0x00000000db400000,0x00000000dbe80000)
 ParOldGen       total 86016K, used 24311K [0x0000000082400000, 0x0000000087800000, 0x00000000d6180000)
  object space 86016K, 28% used [0x0000000082400000,0x0000000083bbdc60,0x0000000087800000)
 Metaspace       used 19646K, capacity 20284K, committed 20608K, reserved 1067008K
  class space    used 2404K, capacity 2588K, committed 2688K, reserved 1048576K
}

