# JRE version: Java(TM) SE Runtime Environment (8.0_91-b14) (build 1.8.0_91-b14)
# Java VM: Java HotSpot(TM) 64-Bit Server VM (25.91-b14 mixed mode windows-amd64 compressed oops)
Heap:
 PSYoungGen      total 352768K, used 187617K [0x00000000d5b80000, 0x00000000ee700000, 0x0000000100000000)
  eden space 352256K, 53% used [0x00000000d5b80000,0x00000000e12705f0,0x00000000eb380000)
  from space 512K, 56% used [0x00000000ee680000,0x00000000ee6c8000,0x00000000ee700000)
  to   space 22528K, 0% used [0x00000000ebb00000,0x00000000ebb00000,0x00000000ed100000)
 ParOldGen       total 87552K, used 57379K [0x0000000081200000, 0x0000000086780000, 0x00000000d5b80000)
  object space 87552K, 65% used [0x0000000081200000,0x0000000084a08e78,0x0000000086780000)
 Metaspace       used 19176K, capacity 19838K, committed 20096K, reserved 1067008K
  class space    used 2410K, capacity 2591K, committed 2688K, reserved 1048576K
GC Heap History (10 events):
Event: 4.809 GC heap before
{Heap before GC invocations=10 (full 0):
 PSYoungGen      total 285184K, used 275104K [0x00000000d5b80000, 0x00000000f2100000, 0x0000000100000000)
  eden space 265216K, 100% used [0x00000000d5b80000,0x00000000e5e80000,0x00000000e5e80000)
  from space 19968K, 49% used [0x00000000e5e80000,0x00000000e68283c0,0x00000000e7200000)
  to   space 19968K, 0% used [0x00000000f0d80000,0x00000000f0d80000,0x00000000f2100000)
 ParOldGen       total 87552K, used 47468K [0x0000000081200000, 0x0000000086780000, 0x00000000d5b80000)
  object space 87552K, 54% used [0x0000000081200000,0x000000008405b1e8,0x0000000086780000)
 Metaspace       used 18554K, capacity 19134K, committed 19328K, reserved 1067008K
  class space    used 2410K, capacity 2591K, committed 2688K, reserved 1048576K
Event: 4.813 GC heap after
Heap after GC invocations=10 (full 0):
 PSYoungGen      total 444416K, used 5547K [0x00000000d5b80000, 0x00000000f2100000, 0x0000000100000000)
  eden space 424448K, 0% used [0x00000000d5b80000,0x00000000d5b80000,0x00000000efa00000)
  from space 19968K, 27% used [0x00000000f0d80000,0x00000000f12ead50,0x00000000f2100000)
  to   space 19968K, 0% used [0x00000000efa00000,0x00000000efa00000,0x00000000f0d80000)
 ParOldGen       total 87552K, used 51946K [0x0000000081200000, 0x0000000086780000, 0x00000000d5b80000)
  object space 87552K, 59% used [0x0000000081200000,0x00000000844ba868,0x0000000086780000)
 Metaspace       used 18554K, capacity 19134K, committed 19328K, reserved 1067008K
  class space    used 2410K, capacity 2591K, committed 2688K, reserved 1048576K
}
Event: 6.354 GC heap before
{Heap before GC invocations=11 (full 0):
 PSYoungGen      total 444416K, used 429995K [0x00000000d5b80000, 0x00000000f2100000, 0x0000000100000000)
  eden space 424448K, 100% used [0x00000000d5b80000,0x00000000efa00000,0x00000000efa00000)
  from space 19968K, 27% used [0x00000000f0d80000,0x00000000f12ead50,0x00000000f2100000)
  to   space 19968K, 0% used [0x00000000efa00000,0x00000000efa00000,0x00000000f0d80000)
 ParOldGen       total 87552K, used 51946K [0x0000000081200000, 0x0000000086780000, 0x00000000d5b80000)
  object space 87552K, 59% used [0x0000000081200000,0x00000000844ba868,0x0000000086780000)
 Metaspace       used 18727K, capacity 19390K, committed 19584K, reserved 1067008K
  class space    used 2410K, capacity 2591K, committed 2688K, reserved 1048576K
Event: 6.356 GC heap after
Heap after GC invocations=11 (full 0):
 PSYoungGen      total 405504K, used 320K [0x00000000d5b80000, 0x00000000f1100000, 0x0000000100000000)
  eden space 404992K, 0% used [0x00000000d5b80000,0x00000000d5b80000,0x00000000ee700000)
  from space 512K, 62% used [0x00000000efa00000,0x00000000efa50000,0x00000000efa80000)
  to   space 21504K, 0% used [0x00000000efc00000,0x00000000efc00000,0x00000000f1100000)
 ParOldGen       total 87552K, used 57197K [0x0000000081200000, 0x0000000086780000, 0x00000000d5b80000)
  object space 87552K, 65% used [0x0000000081200000,0x00000000849db5d8,0x0000000086780000)
 Metaspace       used 18727K, capacity 19390K, committed 19584K, reserved 1067008K
  class space    used 2410K, capacity 2591K, committed 2688K, reserved 1048576K
}
Event: 7.886 GC heap before
{Heap before GC invocations=12 (full 0):
 PSYoungGen      total 405504K, used 405312K [0x00000000d5b80000, 0x00000000f1100000, 0x0000000100000000)
  eden space 404992K, 100% used [0x00000000d5b80000,0x00000000ee700000,0x00000000ee700000)
  from space 512K, 62% used [0x00000000efa00000,0x00000000efa50000,0x00000000efa80000)
  to   space 21504K, 0% used [0x00000000efc00000,0x00000000efc00000,0x00000000f1100000)
 ParOldGen       total 87552K, used 57197K [0x0000000081200000, 0x0000000086780000, 0x00000000d5b80000)
  object space 87552K, 65% used [0x0000000081200000,0x00000000849db5d8,0x0000000086780000)
 Metaspace       used 18964K, capacity 19582K, committed 19840K, reserved 1067008K
  class space    used 2410K, capacity 2591K, committed 2688K, reserved 1048576K
Event: 7.888 GC heap after
Heap after GC invocations=12 (full 0):
 PSYoungGen      total 390656K, used 320K [0x00000000d5b80000, 0x00000000f0000000, 0x0000000100000000)
  eden space 386560K, 0% used [0x00000000d5b80000,0x00000000d5b80000,0x00000000ed500000)
  from space 4096K, 7% used [0x00000000efc00000,0x00000000efc50000,0x00000000f0000000)
  to   space 22016K, 0% used [0x00000000ed500000,0x00000000ed500000,0x00000000eea80000)
 ParOldGen       total 87552K, used 57253K [0x0000000081200000, 0x0000000086780000, 0x00000000d5b80000)
  object space 87552K, 65% used [0x0000000081200000,0x00000000849e95d8,0x0000000086780000)
 Metaspace       used 18964K, capacity 19582K, committed 19840K, reserved 1067008K
  class space    used 2410K, capacity 2591K, committed 2688K, reserved 1048576K
}
Event: 9.592 GC heap before
{Heap before GC invocations=13 (full 0):
 PSYoungGen      total 390656K, used 386880K [0x00000000d5b80000, 0x00000000f0000000, 0x0000000100000000)
  eden space 386560K, 100% used [0x00000000d5b80000,0x00000000ed500000,0x00000000ed500000)
  from space 4096K, 7% used [0x00000000efc00000,0x00000000efc50000,0x00000000f0000000)
  to   space 22016K, 0% used [0x00000000ed500000,0x00000000ed500000,0x00000000eea80000)
 ParOldGen       total 87552K, used 57253K [0x0000000081200000, 0x0000000086780000, 0x00000000d5b80000)
  object space 87552K, 65% used [0x0000000081200000,0x00000000849e95d8,0x0000000086780000)
 Metaspace       used 19075K, capacity 19710K, committed 19840K, reserved 1067008K
  class space    used 2410K, capacity 2591K, committed 2688K, reserved 1048576K
Event: 9.594 GC heap after
Heap after GC invocations=13 (full 0):
 PSYoungGen      total 369664K, used 288K [0x00000000d5b80000, 0x00000000efc80000, 0x0000000100000000)
  eden space 369152K, 0% used [0x00000000d5b80000,0x00000000d5b80000,0x00000000ec400000)
  from space 512K, 56% used [0x00000000ed500000,0x00000000ed548000,0x00000000ed580000)
  to   space 22528K, 0% used [0x00000000ee680000,0x00000000ee680000,0x00000000efc80000)
 ParOldGen       total 87552K, used 57309K [0x0000000081200000, 0x0000000086780000, 0x00000000d5b80000)
  object space 87552K, 65% used [0x0000000081200000,0x00000000849f75d8,0x0000000086780000)
 Metaspace       used 19075K, capacity 19710K, committed 19840K, reserved 1067008K
  class space    used 2410K, capacity 2591K, committed 2688K, reserved 1048576K
}
Event: 11.207 GC heap before
{Heap before GC invocations=14 (full 0):
 PSYoungGen      total 369664K, used 368654K [0x00000000d5b80000, 0x00000000efc80000, 0x0000000100000000)
  eden space 369152K, 99% used [0x00000000d5b80000,0x00000000ec33b920,0x00000000ec400000)
  from space 512K, 56% used [0x00000000ed500000,0x00000000ed548000,0x00000000ed580000)
  to   space 22528K, 0% used [0x00000000ee680000,0x00000000ee680000,0x00000000efc80000)
 ParOldGen       total 87552K, used 57309K [0x0000000081200000, 0x0000000086780000, 0x00000000d5b80000)
  object space 87552K, 65% used [0x0000000081200000,0x00000000849f75d8,0x0000000086780000)
 Metaspace       used 19173K, capacity 19838K, committed 20096K, reserved 1067008K
  class space    used 2410K, capacity 2591K, committed 2688K, reserved 1048576K
Event: 11.209 GC heap after
Heap after GC invocations=14 (full 0):
 PSYoungGen      total 352768K, used 288K [0x00000000d5b80000, 0x00000000ee700000, 0x0000000100000000)
  eden space 352256K, 0% used [0x00000000d5b80000,0x00000000d5b80000,0x00000000eb380000)
  from space 512K, 56% used [0x00000000ee680000,0x00000000ee6c8000,0x00000000ee700000)
  to   space 22528K, 0% used [0x00000000ebb00000,0x00000000ebb00000,0x00000000ed100000)
 ParOldGen       total 87552K, used 57379K [0x0000000081200000, 0x0000000086780000, 0x00000000d5b80000)
  object space 87552K, 65% used [0x0000000081200000,0x0000000084a08e78,0x0000000086780000)
 Metaspace       used 19173K, capacity 19838K, committed 20096K, reserved 1067008K
  class space    used 2410K, capacity 2591K, committed 2688K, reserved 1048576K
}

