# JRE version: Java(TM) SE Runtime Environment (8.0_91-b15) (build 1.8.0_91-b15)
# Java VM: Java HotSpot(TM) 64-Bit Server VM (25.91-b15 mixed mode windows-amd64 compressed oops)
Heap:
 PSYoungGen      total 125440K, used 38085K [0x00000000d6180000, 0x00000000f1780000, 0x0000000100000000)
  eden space 119808K, 31% used [0x00000000d6180000,0x00000000d8689710,0x00000000dd680000)
  from space 5632K, 2% used [0x00000000f0c80000,0x00000000f0ca8000,0x00000000f1200000)
  to   space 5120K, 0% used [0x00000000f1280000,0x00000000f1280000,0x00000000f1780000)
 ParOldGen       total 83456K, used 31703K [0x0000000082400000, 0x0000000087580000, 0x00000000d6180000)
  object space 83456K, 37% used [0x0000000082400000,0x00000000842f5df0,0x0000000087580000)
 Metaspace       used 23108K, capacity 23784K, committed 24064K, reserved 1071104K
  class space    used 2844K, capacity 3020K, committed 3072K, reserved 1048576K
GC Heap History (10 events):
Event: 69.187 GC heap before
{Heap before GC invocations=38 (full 1):
 PSYoungGen      total 145408K, used 143516K [0x00000000d6180000, 0x00000000f2380000, 0x0000000100000000)
  eden space 144896K, 98% used [0x00000000d6180000,0x00000000ded7f210,0x00000000def00000)
  from space 512K, 31% used [0x00000000f2300000,0x00000000f2328000,0x00000000f2380000)
  to   space 7680K, 0% used [0x00000000f1480000,0x00000000f1480000,0x00000000f1c00000)
 ParOldGen       total 83456K, used 31615K [0x0000000082400000, 0x0000000087580000, 0x00000000d6180000)
  object space 83456K, 37% used [0x0000000082400000,0x00000000842dfdf0,0x0000000087580000)
 Metaspace       used 23087K, capacity 23720K, committed 23808K, reserved 1071104K
  class space    used 2844K, capacity 3020K, committed 3072K, reserved 1048576K
Event: 69.189 GC heap after
Heap after GC invocations=38 (full 1):
 PSYoungGen      total 146944K, used 160K [0x00000000d6180000, 0x00000000f2380000, 0x0000000100000000)
  eden space 139264K, 0% used [0x00000000d6180000,0x00000000d6180000,0x00000000de980000)
  from space 7680K, 2% used [0x00000000f1480000,0x00000000f14a8000,0x00000000f1c00000)
  to   space 7168K, 0% used [0x00000000f1c80000,0x00000000f1c80000,0x00000000f2380000)
 ParOldGen       total 83456K, used 31639K [0x0000000082400000, 0x0000000087580000, 0x00000000d6180000)
  object space 83456K, 37% used [0x0000000082400000,0x00000000842e5df0,0x0000000087580000)
 Metaspace       used 23087K, capacity 23720K, committed 23808K, reserved 1071104K
  class space    used 2844K, capacity 3020K, committed 3072K, reserved 1048576K
}
Event: 70.064 GC heap before
{Heap before GC invocations=39 (full 1):
 PSYoungGen      total 146944K, used 138680K [0x00000000d6180000, 0x00000000f2380000, 0x0000000100000000)
  eden space 139264K, 99% used [0x00000000d6180000,0x00000000de8c6290,0x00000000de980000)
  from space 7680K, 2% used [0x00000000f1480000,0x00000000f14a8000,0x00000000f1c00000)
  to   space 7168K, 0% used [0x00000000f1c80000,0x00000000f1c80000,0x00000000f2380000)
 ParOldGen       total 83456K, used 31639K [0x0000000082400000, 0x0000000087580000, 0x00000000d6180000)
  object space 83456K, 37% used [0x0000000082400000,0x00000000842e5df0,0x0000000087580000)
 Metaspace       used 23087K, capacity 23720K, committed 23808K, reserved 1071104K
  class space    used 2844K, capacity 3020K, committed 3072K, reserved 1048576K
Event: 70.065 GC heap after
Heap after GC invocations=39 (full 1):
 PSYoungGen      total 134656K, used 192K [0x00000000d6180000, 0x00000000f1d00000, 0x0000000100000000)
  eden space 134144K, 0% used [0x00000000d6180000,0x00000000d6180000,0x00000000de480000)
  from space 512K, 37% used [0x00000000f1c80000,0x00000000f1cb0000,0x00000000f1d00000)
  to   space 6656K, 0% used [0x00000000f1000000,0x00000000f1000000,0x00000000f1680000)
 ParOldGen       total 83456K, used 31663K [0x0000000082400000, 0x0000000087580000, 0x00000000d6180000)
  object space 83456K, 37% used [0x0000000082400000,0x00000000842ebdf0,0x0000000087580000)
 Metaspace       used 23087K, capacity 23720K, committed 23808K, reserved 1071104K
  class space    used 2844K, capacity 3020K, committed 3072K, reserved 1048576K
}
Event: 70.883 GC heap before
{Heap before GC invocations=40 (full 1):
 PSYoungGen      total 134656K, used 132814K [0x00000000d6180000, 0x00000000f1d00000, 0x0000000100000000)
  eden space 134144K, 98% used [0x00000000d6180000,0x00000000de303bf0,0x00000000de480000)
  from space 512K, 37% used [0x00000000f1c80000,0x00000000f1cb0000,0x00000000f1d00000)
  to   space 6656K, 0% used [0x00000000f1000000,0x00000000f1000000,0x00000000f1680000)
 ParOldGen       total 83456K, used 31663K [0x0000000082400000, 0x0000000087580000, 0x00000000d6180000)
  object space 83456K, 37% used [0x0000000082400000,0x00000000842ebdf0,0x0000000087580000)
 Metaspace       used 23087K, capacity 23720K, committed 23808K, reserved 1071104K
  class space    used 2844K, capacity 3020K, committed 3072K, reserved 1048576K
Event: 70.884 GC heap after
Heap after GC invocations=40 (full 1):
 PSYoungGen      total 135680K, used 279K [0x00000000d6180000, 0x00000000f1d00000, 0x0000000100000000)
  eden space 129024K, 0% used [0x00000000d6180000,0x00000000d6180000,0x00000000ddf80000)
  from space 6656K, 4% used [0x00000000f1000000,0x00000000f1045ce8,0x00000000f1680000)
  to   space 6144K, 0% used [0x00000000f1700000,0x00000000f1700000,0x00000000f1d00000)
 ParOldGen       total 83456K, used 31671K [0x0000000082400000, 0x0000000087580000, 0x00000000d6180000)
  object space 83456K, 37% used [0x0000000082400000,0x00000000842eddf0,0x0000000087580000)
 Metaspace       used 23087K, capacity 23720K, committed 23808K, reserved 1071104K
  class space    used 2844K, capacity 3020K, committed 3072K, reserved 1048576K
}
Event: 78.352 GC heap before
{Heap before GC invocations=41 (full 1):
 PSYoungGen      total 135680K, used 127948K [0x00000000d6180000, 0x00000000f1d00000, 0x0000000100000000)
  eden space 129024K, 98% used [0x00000000d6180000,0x00000000dde2d4a0,0x00000000ddf80000)
  from space 6656K, 4% used [0x00000000f1000000,0x00000000f1045ce8,0x00000000f1680000)
  to   space 6144K, 0% used [0x00000000f1700000,0x00000000f1700000,0x00000000f1d00000)
 ParOldGen       total 83456K, used 31671K [0x0000000082400000, 0x0000000087580000, 0x00000000d6180000)
  object space 83456K, 37% used [0x0000000082400000,0x00000000842eddf0,0x0000000087580000)
 Metaspace       used 23102K, capacity 23784K, committed 24064K, reserved 1071104K
  class space    used 2844K, capacity 3020K, committed 3072K, reserved 1048576K
Event: 78.353 GC heap after
Heap after GC invocations=41 (full 1):
 PSYoungGen      total 124928K, used 240K [0x00000000d6180000, 0x00000000f1780000, 0x0000000100000000)
  eden space 124416K, 0% used [0x00000000d6180000,0x00000000d6180000,0x00000000ddb00000)
  from space 512K, 46% used [0x00000000f1700000,0x00000000f173c230,0x00000000f1780000)
  to   space 5632K, 0% used [0x00000000f0c80000,0x00000000f0c80000,0x00000000f1200000)
 ParOldGen       total 83456K, used 31695K [0x0000000082400000, 0x0000000087580000, 0x00000000d6180000)
  object space 83456K, 37% used [0x0000000082400000,0x00000000842f3df0,0x0000000087580000)
 Metaspace       used 23102K, capacity 23784K, committed 24064K, reserved 1071104K
  class space    used 2844K, capacity 3020K, committed 3072K, reserved 1048576K
}
Event: 79.268 GC heap before
{Heap before GC invocations=42 (full 1):
 PSYoungGen      total 124928K, used 124021K [0x00000000d6180000, 0x00000000f1780000, 0x0000000100000000)
  eden space 124416K, 99% used [0x00000000d6180000,0x00000000dda611e0,0x00000000ddb00000)
  from space 512K, 46% used [0x00000000f1700000,0x00000000f173c230,0x00000000f1780000)
  to   space 5632K, 0% used [0x00000000f0c80000,0x00000000f0c80000,0x00000000f1200000)
 ParOldGen       total 83456K, used 31695K [0x0000000082400000, 0x0000000087580000, 0x00000000d6180000)
  object space 83456K, 37% used [0x0000000082400000,0x00000000842f3df0,0x0000000087580000)
 Metaspace       used 23102K, capacity 23784K, committed 24064K, reserved 1071104K
  class space    used 2844K, capacity 3020K, committed 3072K, reserved 1048576K
Event: 79.269 GC heap after
Heap after GC invocations=42 (full 1):
 PSYoungGen      total 125440K, used 160K [0x00000000d6180000, 0x00000000f1780000, 0x0000000100000000)
  eden space 119808K, 0% used [0x00000000d6180000,0x00000000d6180000,0x00000000dd680000)
  from space 5632K, 2% used [0x00000000f0c80000,0x00000000f0ca8000,0x00000000f1200000)
  to   space 5120K, 0% used [0x00000000f1280000,0x00000000f1280000,0x00000000f1780000)
 ParOldGen       total 83456K, used 31703K [0x0000000082400000, 0x0000000087580000, 0x00000000d6180000)
  object space 83456K, 37% used [0x0000000082400000,0x00000000842f5df0,0x0000000087580000)
 Metaspace       used 23102K, capacity 23784K, committed 24064K, reserved 1071104K
  class space    used 2844K, capacity 3020K, committed 3072K, reserved 1048576K
}

