# JRE version: Java(TM) SE Runtime Environment (8.0_91-b14) (build 1.8.0_91-b14)
# Java VM: Java HotSpot(TM) 64-Bit Server VM (25.91-b14 mixed mode windows-amd64 compressed oops)
Heap:
 PSYoungGen      total 180224K, used 160733K [0x00000000d5b80000, 0x00000000eca00000, 0x0000000100000000)
  eden space 179712K, 89% used [0x00000000d5b80000,0x00000000df8374c0,0x00000000e0b00000)
  from space 512K, 50% used [0x00000000ec980000,0x00000000ec9c0000,0x00000000eca00000)
  to   space 15360K, 0% used [0x00000000eac00000,0x00000000eac00000,0x00000000ebb00000)
 ParOldGen       total 87552K, used 44819K [0x0000000081200000, 0x0000000086780000, 0x00000000d5b80000)
  object space 87552K, 51% used [0x0000000081200000,0x0000000083dc4ea0,0x0000000086780000)
 Metaspace       used 19321K, capacity 19946K, committed 20096K, reserved 1067008K
  class space    used 2412K, capacity 2587K, committed 2688K, reserved 1048576K
GC Heap History (10 events):
Event: 10.121 GC heap before
{Heap before GC invocations=14 (full 0):
 PSYoungGen      total 239616K, used 219362K [0x00000000d5b80000, 0x00000000ef900000, 0x0000000100000000)
  eden space 222720K, 98% used [0x00000000d5b80000,0x00000000e3178888,0x00000000e3500000)
  from space 16896K, 1% used [0x00000000ed800000,0x00000000ed840010,0x00000000ee880000)
  to   space 16896K, 0% used [0x00000000ee880000,0x00000000ee880000,0x00000000ef900000)
 ParOldGen       total 87552K, used 44555K [0x0000000081200000, 0x0000000086780000, 0x00000000d5b80000)
  object space 87552K, 50% used [0x0000000081200000,0x0000000083d82ea0,0x0000000086780000)
 Metaspace       used 19191K, capacity 19818K, committed 20096K, reserved 1067008K
  class space    used 2412K, capacity 2587K, committed 2688K, reserved 1048576K
Event: 10.123 GC heap after
Heap after GC invocations=14 (full 0):
 PSYoungGen      total 214016K, used 288K [0x00000000d5b80000, 0x00000000ee900000, 0x0000000100000000)
  eden space 213504K, 0% used [0x00000000d5b80000,0x00000000d5b80000,0x00000000e2c00000)
  from space 512K, 56% used [0x00000000ee880000,0x00000000ee8c8000,0x00000000ee900000)
  to   space 16896K, 0% used [0x00000000ec800000,0x00000000ec800000,0x00000000ed880000)
 ParOldGen       total 87552K, used 44611K [0x0000000081200000, 0x0000000086780000, 0x00000000d5b80000)
  object space 87552K, 50% used [0x0000000081200000,0x0000000083d90ea0,0x0000000086780000)
 Metaspace       used 19191K, capacity 19818K, committed 20096K, reserved 1067008K
  class space    used 2412K, capacity 2587K, committed 2688K, reserved 1048576K
}
Event: 11.180 GC heap before
{Heap before GC invocations=15 (full 0):
 PSYoungGen      total 214016K, used 210548K [0x00000000d5b80000, 0x00000000ee900000, 0x0000000100000000)
  eden space 213504K, 98% used [0x00000000d5b80000,0x00000000e28d51a8,0x00000000e2c00000)
  from space 512K, 56% used [0x00000000ee880000,0x00000000ee8c8000,0x00000000ee900000)
  to   space 16896K, 0% used [0x00000000ec800000,0x00000000ec800000,0x00000000ed880000)
 ParOldGen       total 87552K, used 44611K [0x0000000081200000, 0x0000000086780000, 0x00000000d5b80000)
  object space 87552K, 50% used [0x0000000081200000,0x0000000083d90ea0,0x0000000086780000)
 Metaspace       used 19210K, capacity 19818K, committed 20096K, reserved 1067008K
  class space    used 2412K, capacity 2587K, committed 2688K, reserved 1048576K
Event: 11.182 GC heap after
Heap after GC invocations=15 (full 0):
 PSYoungGen      total 221184K, used 352K [0x00000000d5b80000, 0x00000000ee900000, 0x0000000100000000)
  eden space 204288K, 0% used [0x00000000d5b80000,0x00000000d5b80000,0x00000000e2300000)
  from space 16896K, 2% used [0x00000000ec800000,0x00000000ec858010,0x00000000ed880000)
  to   space 16896K, 0% used [0x00000000ed880000,0x00000000ed880000,0x00000000ee900000)
 ParOldGen       total 87552K, used 44651K [0x0000000081200000, 0x0000000086780000, 0x00000000d5b80000)
  object space 87552K, 51% used [0x0000000081200000,0x0000000083d9aea0,0x0000000086780000)
 Metaspace       used 19210K, capacity 19818K, committed 20096K, reserved 1067008K
  class space    used 2412K, capacity 2587K, committed 2688K, reserved 1048576K
}
Event: 12.316 GC heap before
{Heap before GC invocations=16 (full 0):
 PSYoungGen      total 221184K, used 202123K [0x00000000d5b80000, 0x00000000ee900000, 0x0000000100000000)
  eden space 204288K, 98% used [0x00000000d5b80000,0x00000000e208ad50,0x00000000e2300000)
  from space 16896K, 2% used [0x00000000ec800000,0x00000000ec858010,0x00000000ed880000)
  to   space 16896K, 0% used [0x00000000ed880000,0x00000000ed880000,0x00000000ee900000)
 ParOldGen       total 87552K, used 44651K [0x0000000081200000, 0x0000000086780000, 0x00000000d5b80000)
  object space 87552K, 51% used [0x0000000081200000,0x0000000083d9aea0,0x0000000086780000)
 Metaspace       used 19303K, capacity 19946K, committed 20096K, reserved 1067008K
  class space    used 2412K, capacity 2587K, committed 2688K, reserved 1048576K
Event: 12.317 GC heap after
Heap after GC invocations=16 (full 0):
 PSYoungGen      total 196096K, used 288K [0x00000000d5b80000, 0x00000000ed900000, 0x0000000100000000)
  eden space 195584K, 0% used [0x00000000d5b80000,0x00000000d5b80000,0x00000000e1a80000)
  from space 512K, 56% used [0x00000000ed880000,0x00000000ed8c8000,0x00000000ed900000)
  to   space 16384K, 0% used [0x00000000eb900000,0x00000000eb900000,0x00000000ec900000)
 ParOldGen       total 87552K, used 44715K [0x0000000081200000, 0x0000000086780000, 0x00000000d5b80000)
  object space 87552K, 51% used [0x0000000081200000,0x0000000083daaea0,0x0000000086780000)
 Metaspace       used 19303K, capacity 19946K, committed 20096K, reserved 1067008K
  class space    used 2412K, capacity 2587K, committed 2688K, reserved 1048576K
}
Event: 13.301 GC heap before
{Heap before GC invocations=17 (full 0):
 PSYoungGen      total 196096K, used 194125K [0x00000000d5b80000, 0x00000000ed900000, 0x0000000100000000)
  eden space 195584K, 99% used [0x00000000d5b80000,0x00000000e18cb7f0,0x00000000e1a80000)
  from space 512K, 56% used [0x00000000ed880000,0x00000000ed8c8000,0x00000000ed900000)
  to   space 16384K, 0% used [0x00000000eb900000,0x00000000eb900000,0x00000000ec900000)
 ParOldGen       total 87552K, used 44715K [0x0000000081200000, 0x0000000086780000, 0x00000000d5b80000)
  object space 87552K, 51% used [0x0000000081200000,0x0000000083daaea0,0x0000000086780000)
 Metaspace       used 19306K, capacity 19946K, committed 20096K, reserved 1067008K
  class space    used 2412K, capacity 2587K, committed 2688K, reserved 1048576K
Event: 13.302 GC heap after
Heap after GC invocations=17 (full 0):
 PSYoungGen      total 203776K, used 288K [0x00000000d5b80000, 0x00000000ed900000, 0x0000000100000000)
  eden space 187392K, 0% used [0x00000000d5b80000,0x00000000d5b80000,0x00000000e1280000)
  from space 16384K, 1% used [0x00000000eb900000,0x00000000eb948000,0x00000000ec900000)
  to   space 15872K, 0% used [0x00000000ec980000,0x00000000ec980000,0x00000000ed900000)
 ParOldGen       total 87552K, used 44763K [0x0000000081200000, 0x0000000086780000, 0x00000000d5b80000)
  object space 87552K, 51% used [0x0000000081200000,0x0000000083db6ea0,0x0000000086780000)
 Metaspace       used 19306K, capacity 19946K, committed 20096K, reserved 1067008K
  class space    used 2412K, capacity 2587K, committed 2688K, reserved 1048576K
}
Event: 14.312 GC heap before
{Heap before GC invocations=18 (full 0):
 PSYoungGen      total 203776K, used 187457K [0x00000000d5b80000, 0x00000000ed900000, 0x0000000100000000)
  eden space 187392K, 99% used [0x00000000d5b80000,0x00000000e12484f0,0x00000000e1280000)
  from space 16384K, 1% used [0x00000000eb900000,0x00000000eb948000,0x00000000ec900000)
  to   space 15872K, 0% used [0x00000000ec980000,0x00000000ec980000,0x00000000ed900000)
 ParOldGen       total 87552K, used 44763K [0x0000000081200000, 0x0000000086780000, 0x00000000d5b80000)
  object space 87552K, 51% used [0x0000000081200000,0x0000000083db6ea0,0x0000000086780000)
 Metaspace       used 19319K, capacity 19946K, committed 20096K, reserved 1067008K
  class space    used 2412K, capacity 2587K, committed 2688K, reserved 1048576K
Event: 14.313 GC heap after
Heap after GC invocations=18 (full 0):
 PSYoungGen      total 180224K, used 256K [0x00000000d5b80000, 0x00000000eca00000, 0x0000000100000000)
  eden space 179712K, 0% used [0x00000000d5b80000,0x00000000d5b80000,0x00000000e0b00000)
  from space 512K, 50% used [0x00000000ec980000,0x00000000ec9c0000,0x00000000eca00000)
  to   space 15360K, 0% used [0x00000000eac00000,0x00000000eac00000,0x00000000ebb00000)
 ParOldGen       total 87552K, used 44819K [0x0000000081200000, 0x0000000086780000, 0x00000000d5b80000)
  object space 87552K, 51% used [0x0000000081200000,0x0000000083dc4ea0,0x0000000086780000)
 Metaspace       used 19319K, capacity 19946K, committed 20096K, reserved 1067008K
  class space    used 2412K, capacity 2587K, committed 2688K, reserved 1048576K
}

