# JRE version: Java(TM) SE Runtime Environment (8.0_91-b15) (build 1.8.0_91-b15)
# Java VM: Java HotSpot(TM) 64-Bit Server VM (25.91-b15 mixed mode windows-amd64 compressed oops)
Heap:
 PSYoungGen      total 654336K, used 195301K [0x00000000d6180000, 0x00000000ffe80000, 0x0000000100000000)
  eden space 624640K, 31% used [0x00000000d6180000,0x00000000e2009670,0x00000000fc380000)
  from space 29696K, 0% used [0x00000000fe180000,0x00000000fe1b0000,0x00000000ffe80000)
  to   space 30208K, 0% used [0x00000000fc380000,0x00000000fc380000,0x00000000fe100000)
 ParOldGen       total 96768K, used 37584K [0x0000000082400000, 0x0000000088280000, 0x00000000d6180000)
  object space 96768K, 38% used [0x0000000082400000,0x00000000848b43f0,0x0000000088280000)
 Metaspace       used 20679K, capacity 21304K, committed 21504K, reserved 1069056K
  class space    used 2619K, capacity 2756K, committed 2816K, reserved 1048576K
GC Heap History (10 events):
Event: 6.638 GC heap before
{Heap before GC invocations=9 (full 1):
 PSYoungGen      total 553984K, used 524472K [0x00000000d6180000, 0x00000000f9e80000, 0x0000000100000000)
  eden space 523264K, 99% used [0x00000000d6180000,0x00000000f5c5f018,0x00000000f6080000)
  from space 30720K, 17% used [0x00000000f8080000,0x00000000f85cf190,0x00000000f9e80000)
  to   space 31744K, 0% used [0x00000000f6080000,0x00000000f6080000,0x00000000f7f80000)
 ParOldGen       total 86016K, used 65584K [0x0000000082400000, 0x0000000087800000, 0x00000000d6180000)
  object space 86016K, 76% used [0x0000000082400000,0x000000008640c2a0,0x0000000087800000)
 Metaspace       used 20388K, capacity 21054K, committed 21248K, reserved 1067008K
  class space    used 2621K, capacity 2759K, committed 2816K, reserved 1048576K
Event: 6.671 GC heap after
Heap after GC invocations=9 (full 1):
 PSYoungGen      total 553984K, used 0K [0x00000000d6180000, 0x00000000f9e80000, 0x0000000100000000)
  eden space 523264K, 0% used [0x00000000d6180000,0x00000000d6180000,0x00000000f6080000)
  from space 30720K, 0% used [0x00000000f8080000,0x00000000f8080000,0x00000000f9e80000)
  to   space 31744K, 0% used [0x00000000f6080000,0x00000000f6080000,0x00000000f7f80000)
 ParOldGen       total 96768K, used 31704K [0x0000000082400000, 0x0000000088280000, 0x00000000d6180000)
  object space 96768K, 32% used [0x0000000082400000,0x00000000842f6340,0x0000000088280000)
 Metaspace       used 20380K, capacity 21036K, committed 21248K, reserved 1067008K
  class space    used 2619K, capacity 2756K, committed 2816K, reserved 1048576K
}
Event: 9.061 GC heap before
{Heap before GC invocations=10 (full 1):
 PSYoungGen      total 553984K, used 523264K [0x00000000d6180000, 0x00000000f9e80000, 0x0000000100000000)
  eden space 523264K, 100% used [0x00000000d6180000,0x00000000f6080000,0x00000000f6080000)
  from space 30720K, 0% used [0x00000000f8080000,0x00000000f8080000,0x00000000f9e80000)
  to   space 31744K, 0% used [0x00000000f6080000,0x00000000f6080000,0x00000000f7f80000)
 ParOldGen       total 96768K, used 36892K [0x0000000082400000, 0x0000000088280000, 0x00000000d6180000)
  object space 96768K, 38% used [0x0000000082400000,0x0000000084807050,0x0000000088280000)
 Metaspace       used 20435K, capacity 21044K, committed 21248K, reserved 1067008K
  class space    used 2619K, capacity 2756K, committed 2816K, reserved 1048576K
Event: 9.066 GC heap after
Heap after GC invocations=10 (full 1):
 PSYoungGen      total 555008K, used 734K [0x00000000d6180000, 0x0000000100000000, 0x0000000100000000)
  eden space 523264K, 0% used [0x00000000d6180000,0x00000000d6180000,0x00000000f6080000)
  from space 31744K, 2% used [0x00000000f6080000,0x00000000f61379f8,0x00000000f7f80000)
  to   space 31744K, 0% used [0x00000000fe100000,0x00000000fe100000,0x0000000100000000)
 ParOldGen       total 96768K, used 36900K [0x0000000082400000, 0x0000000088280000, 0x00000000d6180000)
  object space 96768K, 38% used [0x0000000082400000,0x0000000084809050,0x0000000088280000)
 Metaspace       used 20435K, capacity 21044K, committed 21248K, reserved 1067008K
  class space    used 2619K, capacity 2756K, committed 2816K, reserved 1048576K
}
Event: 10.569 GC heap before
{Heap before GC invocations=11 (full 1):
 PSYoungGen      total 555008K, used 518830K [0x00000000d6180000, 0x0000000100000000, 0x0000000100000000)
  eden space 523264K, 99% used [0x00000000d6180000,0x00000000f5b740a0,0x00000000f6080000)
  from space 31744K, 2% used [0x00000000f6080000,0x00000000f61379f8,0x00000000f7f80000)
  to   space 31744K, 0% used [0x00000000fe100000,0x00000000fe100000,0x0000000100000000)
 ParOldGen       total 96768K, used 36900K [0x0000000082400000, 0x0000000088280000, 0x00000000d6180000)
  object space 96768K, 38% used [0x0000000082400000,0x0000000084809050,0x0000000088280000)
 Metaspace       used 20500K, capacity 21108K, committed 21248K, reserved 1067008K
  class space    used 2619K, capacity 2756K, committed 2816K, reserved 1048576K
Event: 10.570 GC heap after
Heap after GC invocations=11 (full 1):
 PSYoungGen      total 653824K, used 782K [0x00000000d6180000, 0x00000000fff00000, 0x0000000100000000)
  eden space 623104K, 0% used [0x00000000d6180000,0x00000000d6180000,0x00000000fc200000)
  from space 30720K, 2% used [0x00000000fe100000,0x00000000fe1c3848,0x00000000fff00000)
  to   space 31232K, 0% used [0x00000000fc200000,0x00000000fc200000,0x00000000fe080000)
 ParOldGen       total 96768K, used 36908K [0x0000000082400000, 0x0000000088280000, 0x00000000d6180000)
  object space 96768K, 38% used [0x0000000082400000,0x000000008480b050,0x0000000088280000)
 Metaspace       used 20500K, capacity 21108K, committed 21248K, reserved 1067008K
  class space    used 2619K, capacity 2756K, committed 2816K, reserved 1048576K
}
Event: 12.496 GC heap before
{Heap before GC invocations=12 (full 1):
 PSYoungGen      total 653824K, used 623886K [0x00000000d6180000, 0x00000000fff00000, 0x0000000100000000)
  eden space 623104K, 100% used [0x00000000d6180000,0x00000000fc200000,0x00000000fc200000)
  from space 30720K, 2% used [0x00000000fe100000,0x00000000fe1c3848,0x00000000fff00000)
  to   space 31232K, 0% used [0x00000000fc200000,0x00000000fc200000,0x00000000fe080000)
 ParOldGen       total 96768K, used 36908K [0x0000000082400000, 0x0000000088280000, 0x00000000d6180000)
  object space 96768K, 38% used [0x0000000082400000,0x000000008480b050,0x0000000088280000)
 Metaspace       used 20557K, capacity 21172K, committed 21504K, reserved 1069056K
  class space    used 2619K, capacity 2756K, committed 2816K, reserved 1048576K
Event: 12.498 GC heap after
Heap after GC invocations=12 (full 1):
 PSYoungGen      total 654336K, used 224K [0x00000000d6180000, 0x00000000fff80000, 0x0000000100000000)
  eden space 623104K, 0% used [0x00000000d6180000,0x00000000d6180000,0x00000000fc200000)
  from space 31232K, 0% used [0x00000000fc200000,0x00000000fc238000,0x00000000fe080000)
  to   space 30720K, 0% used [0x00000000fe180000,0x00000000fe180000,0x00000000fff80000)
 ParOldGen       total 96768K, used 37554K [0x0000000082400000, 0x0000000088280000, 0x00000000d6180000)
  object space 96768K, 38% used [0x0000000082400000,0x00000000848acb50,0x0000000088280000)
 Metaspace       used 20557K, capacity 21172K, committed 21504K, reserved 1069056K
  class space    used 2619K, capacity 2756K, committed 2816K, reserved 1048576K
}
Event: 14.040 GC heap before
{Heap before GC invocations=13 (full 1):
 PSYoungGen      total 654336K, used 618925K [0x00000000d6180000, 0x00000000fff80000, 0x0000000100000000)
  eden space 623104K, 99% used [0x00000000d6180000,0x00000000fbdb3748,0x00000000fc200000)
  from space 31232K, 0% used [0x00000000fc200000,0x00000000fc238000,0x00000000fe080000)
  to   space 30720K, 0% used [0x00000000fe180000,0x00000000fe180000,0x00000000fff80000)
 ParOldGen       total 96768K, used 37554K [0x0000000082400000, 0x0000000088280000, 0x00000000d6180000)
  object space 96768K, 38% used [0x0000000082400000,0x00000000848acb50,0x0000000088280000)
 Metaspace       used 20670K, capacity 21304K, committed 21504K, reserved 1069056K
  class space    used 2619K, capacity 2756K, committed 2816K, reserved 1048576K
Event: 14.042 GC heap after
Heap after GC invocations=13 (full 1):
 PSYoungGen      total 654336K, used 192K [0x00000000d6180000, 0x00000000ffe80000, 0x0000000100000000)
  eden space 624640K, 0% used [0x00000000d6180000,0x00000000d6180000,0x00000000fc380000)
  from space 29696K, 0% used [0x00000000fe180000,0x00000000fe1b0000,0x00000000ffe80000)
  to   space 30208K, 0% used [0x00000000fc380000,0x00000000fc380000,0x00000000fe100000)
 ParOldGen       total 96768K, used 37584K [0x0000000082400000, 0x0000000088280000, 0x00000000d6180000)
  object space 96768K, 38% used [0x0000000082400000,0x00000000848b43f0,0x0000000088280000)
 Metaspace       used 20670K, capacity 21304K, committed 21504K, reserved 1069056K
  class space    used 2619K, capacity 2756K, committed 2816K, reserved 1048576K
}

