# JRE version: Java(TM) SE Runtime Environment (8.0_91-b15) (build 1.8.0_91-b15)
# Java VM: Java HotSpot(TM) 64-Bit Server VM (25.91-b15 mixed mode windows-amd64 compressed oops)
Heap:
 PSYoungGen      total 440832K, used 996K [0x00000000d6180000, 0x00000000f2e00000, 0x0000000100000000)
  eden space 423424K, 0% used [0x00000000d6180000,0x00000000d6241110,0x00000000eff00000)
  from space 17408K, 1% used [0x00000000eff00000,0x00000000eff38000,0x00000000f1000000)
  to   space 16384K, 0% used [0x00000000f1e00000,0x00000000f1e00000,0x00000000f2e00000)
 ParOldGen       total 98816K, used 35354K [0x0000000082400000, 0x0000000088480000, 0x00000000d6180000)
  object space 98816K, 35% used [0x0000000082400000,0x00000000846869f0,0x0000000088480000)
 Metaspace       used 20802K, capacity 21470K, committed 21760K, reserved 1069056K
  class space    used 2624K, capacity 2789K, committed 2816K, reserved 1048576K
GC Heap History (10 events):
Event: 14.738 GC heap after
Heap after GC invocations=17 (full 1):
 PSYoungGen      total 400384K, used 5527K [0x00000000d6180000, 0x00000000f0200000, 0x0000000100000000)
  eden space 385536K, 0% used [0x00000000d6180000,0x00000000d6180000,0x00000000eda00000)
  from space 14848K, 37% used [0x00000000ef380000,0x00000000ef8e5f28,0x00000000f0200000)
  to   space 20480K, 0% used [0x00000000eda00000,0x00000000eda00000,0x00000000eee00000)
 ParOldGen       total 98816K, used 35338K [0x0000000082400000, 0x0000000088480000, 0x00000000d6180000)
  object space 98816K, 35% used [0x0000000082400000,0x00000000846829f0,0x0000000088480000)
 Metaspace       used 20652K, capacity 21342K, committed 21504K, reserved 1069056K
  class space    used 2623K, capacity 2789K, committed 2816K, reserved 1048576K
}
Event: 16.708 GC heap before
{Heap before GC invocations=18 (full 1):
 PSYoungGen      total 400384K, used 387037K [0x00000000d6180000, 0x00000000f0200000, 0x0000000100000000)
  eden space 385536K, 98% used [0x00000000d6180000,0x00000000ed611578,0x00000000eda00000)
  from space 14848K, 37% used [0x00000000ef380000,0x00000000ef8e5f28,0x00000000f0200000)
  to   space 20480K, 0% used [0x00000000eda00000,0x00000000eda00000,0x00000000eee00000)
 ParOldGen       total 98816K, used 35338K [0x0000000082400000, 0x0000000088480000, 0x00000000d6180000)
  object space 98816K, 35% used [0x0000000082400000,0x00000000846829f0,0x0000000088480000)
 Metaspace       used 20668K, capacity 21342K, committed 21504K, reserved 1069056K
  class space    used 2624K, capacity 2789K, committed 2816K, reserved 1048576K
Event: 16.709 GC heap after
Heap after GC invocations=18 (full 1):
 PSYoungGen      total 406016K, used 312K [0x00000000d6180000, 0x00000000f1700000, 0x0000000100000000)
  eden space 385536K, 0% used [0x00000000d6180000,0x00000000d6180000,0x00000000eda00000)
  from space 20480K, 1% used [0x00000000eda00000,0x00000000eda4e028,0x00000000eee00000)
  to   space 19968K, 0% used [0x00000000f0380000,0x00000000f0380000,0x00000000f1700000)
 ParOldGen       total 98816K, used 35346K [0x0000000082400000, 0x0000000088480000, 0x00000000d6180000)
  object space 98816K, 35% used [0x0000000082400000,0x00000000846849f0,0x0000000088480000)
 Metaspace       used 20668K, capacity 21342K, committed 21504K, reserved 1069056K
  class space    used 2624K, capacity 2789K, committed 2816K, reserved 1048576K
}
Event: 18.427 GC heap before
{Heap before GC invocations=19 (full 1):
 PSYoungGen      total 406016K, used 385848K [0x00000000d6180000, 0x00000000f1700000, 0x0000000100000000)
  eden space 385536K, 100% used [0x00000000d6180000,0x00000000eda00000,0x00000000eda00000)
  from space 20480K, 1% used [0x00000000eda00000,0x00000000eda4e028,0x00000000eee00000)
  to   space 19968K, 0% used [0x00000000f0380000,0x00000000f0380000,0x00000000f1700000)
 ParOldGen       total 98816K, used 35346K [0x0000000082400000, 0x0000000088480000, 0x00000000d6180000)
  object space 98816K, 35% used [0x0000000082400000,0x00000000846849f0,0x0000000088480000)
 Metaspace       used 20695K, capacity 21406K, committed 21504K, reserved 1069056K
  class space    used 2624K, capacity 2789K, committed 2816K, reserved 1048576K
Event: 18.430 GC heap after
Heap after GC invocations=19 (full 1):
 PSYoungGen      total 422912K, used 251K [0x00000000d6180000, 0x00000000f1380000, 0x0000000100000000)
  eden space 406528K, 0% used [0x00000000d6180000,0x00000000d6180000,0x00000000eee80000)
  from space 16384K, 1% used [0x00000000f0380000,0x00000000f03bec48,0x00000000f1380000)
  to   space 18944K, 0% used [0x00000000eee80000,0x00000000eee80000,0x00000000f0100000)
 ParOldGen       total 98816K, used 35346K [0x0000000082400000, 0x0000000088480000, 0x00000000d6180000)
  object space 98816K, 35% used [0x0000000082400000,0x00000000846849f0,0x0000000088480000)
 Metaspace       used 20695K, capacity 21406K, committed 21504K, reserved 1069056K
  class space    used 2624K, capacity 2789K, committed 2816K, reserved 1048576K
}
Event: 19.937 GC heap before
{Heap before GC invocations=20 (full 1):
 PSYoungGen      total 422912K, used 406779K [0x00000000d6180000, 0x00000000f1380000, 0x0000000100000000)
  eden space 406528K, 100% used [0x00000000d6180000,0x00000000eee80000,0x00000000eee80000)
  from space 16384K, 1% used [0x00000000f0380000,0x00000000f03bec48,0x00000000f1380000)
  to   space 18944K, 0% used [0x00000000eee80000,0x00000000eee80000,0x00000000f0100000)
 ParOldGen       total 98816K, used 35346K [0x0000000082400000, 0x0000000088480000, 0x00000000d6180000)
  object space 98816K, 35% used [0x0000000082400000,0x00000000846849f0,0x0000000088480000)
 Metaspace       used 20765K, capacity 21470K, committed 21760K, reserved 1069056K
  class space    used 2624K, capacity 2789K, committed 2816K, reserved 1048576K
Event: 19.938 GC heap after
Heap after GC invocations=20 (full 1):
 PSYoungGen      total 425472K, used 282K [0x00000000d6180000, 0x00000000f2580000, 0x0000000100000000)
  eden space 406528K, 0% used [0x00000000d6180000,0x00000000d6180000,0x00000000eee80000)
  from space 18944K, 1% used [0x00000000eee80000,0x00000000eeec6b10,0x00000000f0100000)
  to   space 18432K, 0% used [0x00000000f1380000,0x00000000f1380000,0x00000000f2580000)
 ParOldGen       total 98816K, used 35354K [0x0000000082400000, 0x0000000088480000, 0x00000000d6180000)
  object space 98816K, 35% used [0x0000000082400000,0x00000000846869f0,0x0000000088480000)
 Metaspace       used 20765K, capacity 21470K, committed 21760K, reserved 1069056K
  class space    used 2624K, capacity 2789K, committed 2816K, reserved 1048576K
}
Event: 21.605 GC heap before
{Heap before GC invocations=21 (full 1):
 PSYoungGen      total 425472K, used 401995K [0x00000000d6180000, 0x00000000f2580000, 0x0000000100000000)
  eden space 406528K, 98% used [0x00000000d6180000,0x00000000ee9cc3d8,0x00000000eee80000)
  from space 18944K, 1% used [0x00000000eee80000,0x00000000eeec6b10,0x00000000f0100000)
  to   space 18432K, 0% used [0x00000000f1380000,0x00000000f1380000,0x00000000f2580000)
 ParOldGen       total 98816K, used 35354K [0x0000000082400000, 0x0000000088480000, 0x00000000d6180000)
  object space 98816K, 35% used [0x0000000082400000,0x00000000846869f0,0x0000000088480000)
 Metaspace       used 20780K, capacity 21470K, committed 21760K, reserved 1069056K
  class space    used 2624K, capacity 2789K, committed 2816K, reserved 1048576K
Event: 21.607 GC heap after
Heap after GC invocations=21 (full 1):
 PSYoungGen      total 437248K, used 320K [0x00000000d6180000, 0x00000000f2100000, 0x0000000100000000)
  eden space 423424K, 0% used [0x00000000d6180000,0x00000000d6180000,0x00000000eff00000)
  from space 13824K, 2% used [0x00000000f1380000,0x00000000f13d0010,0x00000000f2100000)
  to   space 17408K, 0% used [0x00000000eff00000,0x00000000eff00000,0x00000000f1000000)
 ParOldGen       total 98816K, used 35354K [0x0000000082400000, 0x0000000088480000, 0x00000000d6180000)
  object space 98816K, 35% used [0x0000000082400000,0x00000000846869f0,0x0000000088480000)
 Metaspace       used 20780K, capacity 21470K, committed 21760K, reserved 1069056K
  class space    used 2624K, capacity 2789K, committed 2816K, reserved 1048576K
}
Event: 23.251 GC heap before
{Heap before GC invocations=22 (full 1):
 PSYoungGen      total 437248K, used 423744K [0x00000000d6180000, 0x00000000f2100000, 0x0000000100000000)
  eden space 423424K, 100% used [0x00000000d6180000,0x00000000eff00000,0x00000000eff00000)
  from space 13824K, 2% used [0x00000000f1380000,0x00000000f13d0010,0x00000000f2100000)
  to   space 17408K, 0% used [0x00000000eff00000,0x00000000eff00000,0x00000000f1000000)
 ParOldGen       total 98816K, used 35354K [0x0000000082400000, 0x0000000088480000, 0x00000000d6180000)
  object space 98816K, 35% used [0x0000000082400000,0x00000000846869f0,0x0000000088480000)
 Metaspace       used 20802K, capacity 21470K, committed 21760K, reserved 1069056K
  class space    used 2624K, capacity 2789K, committed 2816K, reserved 1048576K

