# JRE version: Java(TM) SE Runtime Environment (8.0_91-b15) (build 1.8.0_91-b15)
# Java VM: Java HotSpot(TM) 64-Bit Server VM (25.91-b15 mixed mode windows-amd64 compressed oops)
Heap:
 PSYoungGen      total 76288K, used 52292K [0x00000000d6180000, 0x00000000e2d80000, 0x0000000100000000)
  eden space 75776K, 68% used [0x00000000d6180000,0x00000000d94691b8,0x00000000dab80000)
  from space 512K, 31% used [0x00000000e2d00000,0x00000000e2d28000,0x00000000e2d80000)
  to   space 7168K, 0% used [0x00000000e1f80000,0x00000000e1f80000,0x00000000e2680000)
 ParOldGen       total 86016K, used 16474K [0x0000000082400000, 0x0000000087800000, 0x00000000d6180000)
  object space 86016K, 19% used [0x0000000082400000,0x0000000083416ac8,0x0000000087800000)
 Metaspace       used 19771K, capacity 20458K, committed 20608K, reserved 1067008K
  class space    used 2412K, capacity 2585K, committed 2688K, reserved 1048576K
GC Heap History (10 events):
Event: 17.622 GC heap before
{Heap before GC invocations=18 (full 0):
 PSYoungGen      total 98816K, used 89762K [0x00000000d6180000, 0x00000000e4480000, 0x0000000100000000)
  eden space 89600K, 99% used [0x00000000d6180000,0x00000000db8e0a20,0x00000000db900000)
  from space 9216K, 3% used [0x00000000e3280000,0x00000000e32c8010,0x00000000e3b80000)
  to   space 9216K, 0% used [0x00000000e3b80000,0x00000000e3b80000,0x00000000e4480000)
 ParOldGen       total 86016K, used 16338K [0x0000000082400000, 0x0000000087800000, 0x00000000d6180000)
  object space 86016K, 18% used [0x0000000082400000,0x00000000833f4ac8,0x0000000087800000)
 Metaspace       used 19569K, capacity 20202K, committed 20352K, reserved 1067008K
  class space    used 2412K, capacity 2585K, committed 2688K, reserved 1048576K
Event: 17.623 GC heap after
Heap after GC invocations=18 (full 0):
 PSYoungGen      total 87040K, used 160K [0x00000000d6180000, 0x00000000e3c00000, 0x0000000100000000)
  eden space 86528K, 0% used [0x00000000d6180000,0x00000000d6180000,0x00000000db600000)
  from space 512K, 31% used [0x00000000e3b80000,0x00000000e3ba8000,0x00000000e3c00000)
  to   space 8704K, 0% used [0x00000000e2b00000,0x00000000e2b00000,0x00000000e3380000)
 ParOldGen       total 86016K, used 16370K [0x0000000082400000, 0x0000000087800000, 0x00000000d6180000)
  object space 86016K, 19% used [0x0000000082400000,0x00000000833fcac8,0x0000000087800000)
 Metaspace       used 19569K, capacity 20202K, committed 20352K, reserved 1067008K
  class space    used 2412K, capacity 2585K, committed 2688K, reserved 1048576K
}
Event: 18.309 GC heap before
{Heap before GC invocations=19 (full 0):
 PSYoungGen      total 87040K, used 86111K [0x00000000d6180000, 0x00000000e3c00000, 0x0000000100000000)
  eden space 86528K, 99% used [0x00000000d6180000,0x00000000db56feb8,0x00000000db600000)
  from space 512K, 31% used [0x00000000e3b80000,0x00000000e3ba8000,0x00000000e3c00000)
  to   space 8704K, 0% used [0x00000000e2b00000,0x00000000e2b00000,0x00000000e3380000)
 ParOldGen       total 86016K, used 16370K [0x0000000082400000, 0x0000000087800000, 0x00000000d6180000)
  object space 86016K, 19% used [0x0000000082400000,0x00000000833fcac8,0x0000000087800000)
 Metaspace       used 19582K, capacity 20202K, committed 20352K, reserved 1067008K
  class space    used 2412K, capacity 2585K, committed 2688K, reserved 1048576K
Event: 18.311 GC heap after
Heap after GC invocations=19 (full 0):
 PSYoungGen      total 92160K, used 288K [0x00000000d6180000, 0x00000000e3c00000, 0x0000000100000000)
  eden space 83456K, 0% used [0x00000000d6180000,0x00000000d6180000,0x00000000db300000)
  from space 8704K, 3% used [0x00000000e2b00000,0x00000000e2b48010,0x00000000e3380000)
  to   space 8192K, 0% used [0x00000000e3400000,0x00000000e3400000,0x00000000e3c00000)
 ParOldGen       total 86016K, used 16394K [0x0000000082400000, 0x0000000087800000, 0x00000000d6180000)
  object space 86016K, 19% used [0x0000000082400000,0x0000000083402ac8,0x0000000087800000)
 Metaspace       used 19582K, capacity 20202K, committed 20352K, reserved 1067008K
  class space    used 2412K, capacity 2585K, committed 2688K, reserved 1048576K
}
Event: 18.938 GC heap before
{Heap before GC invocations=20 (full 0):
 PSYoungGen      total 92160K, used 82759K [0x00000000d6180000, 0x00000000e3c00000, 0x0000000100000000)
  eden space 83456K, 98% used [0x00000000d6180000,0x00000000db209cf0,0x00000000db300000)
  from space 8704K, 3% used [0x00000000e2b00000,0x00000000e2b48010,0x00000000e3380000)
  to   space 8192K, 0% used [0x00000000e3400000,0x00000000e3400000,0x00000000e3c00000)
 ParOldGen       total 86016K, used 16394K [0x0000000082400000, 0x0000000087800000, 0x00000000d6180000)
  object space 86016K, 19% used [0x0000000082400000,0x0000000083402ac8,0x0000000087800000)
 Metaspace       used 19588K, capacity 20202K, committed 20352K, reserved 1067008K
  class space    used 2412K, capacity 2585K, committed 2688K, reserved 1048576K
Event: 18.939 GC heap after
Heap after GC invocations=20 (full 0):
 PSYoungGen      total 81408K, used 288K [0x00000000d6180000, 0x00000000e3480000, 0x0000000100000000)
  eden space 80896K, 0% used [0x00000000d6180000,0x00000000d6180000,0x00000000db080000)
  from space 512K, 56% used [0x00000000e3400000,0x00000000e3448010,0x00000000e3480000)
  to   space 7680K, 0% used [0x00000000e2580000,0x00000000e2580000,0x00000000e2d00000)
 ParOldGen       total 86016K, used 16426K [0x0000000082400000, 0x0000000087800000, 0x00000000d6180000)
  object space 86016K, 19% used [0x0000000082400000,0x000000008340aac8,0x0000000087800000)
 Metaspace       used 19588K, capacity 20202K, committed 20352K, reserved 1067008K
  class space    used 2412K, capacity 2585K, committed 2688K, reserved 1048576K
}
Event: 19.570 GC heap before
{Heap before GC invocations=21 (full 0):
 PSYoungGen      total 81408K, used 79992K [0x00000000d6180000, 0x00000000e3480000, 0x0000000100000000)
  eden space 80896K, 98% used [0x00000000d6180000,0x00000000daf56100,0x00000000db080000)
  from space 512K, 56% used [0x00000000e3400000,0x00000000e3448010,0x00000000e3480000)
  to   space 7680K, 0% used [0x00000000e2580000,0x00000000e2580000,0x00000000e2d00000)
 ParOldGen       total 86016K, used 16426K [0x0000000082400000, 0x0000000087800000, 0x00000000d6180000)
  object space 86016K, 19% used [0x0000000082400000,0x000000008340aac8,0x0000000087800000)
 Metaspace       used 19689K, capacity 20394K, committed 20608K, reserved 1067008K
  class space    used 2412K, capacity 2585K, committed 2688K, reserved 1048576K
Event: 19.571 GC heap after
Heap after GC invocations=21 (full 0):
 PSYoungGen      total 86016K, used 288K [0x00000000d6180000, 0x00000000e3480000, 0x0000000100000000)
  eden space 78336K, 0% used [0x00000000d6180000,0x00000000d6180000,0x00000000dae00000)
  from space 7680K, 3% used [0x00000000e2580000,0x00000000e25c8010,0x00000000e2d00000)
  to   space 7680K, 0% used [0x00000000e2d00000,0x00000000e2d00000,0x00000000e3480000)
 ParOldGen       total 86016K, used 16442K [0x0000000082400000, 0x0000000087800000, 0x00000000d6180000)
  object space 86016K, 19% used [0x0000000082400000,0x000000008340eac8,0x0000000087800000)
 Metaspace       used 19689K, capacity 20394K, committed 20608K, reserved 1067008K
  class space    used 2412K, capacity 2585K, committed 2688K, reserved 1048576K
}
Event: 20.171 GC heap before
{Heap before GC invocations=22 (full 0):
 PSYoungGen      total 86016K, used 78106K [0x00000000d6180000, 0x00000000e3480000, 0x0000000100000000)
  eden space 78336K, 99% used [0x00000000d6180000,0x00000000dad7ea88,0x00000000dae00000)
  from space 7680K, 3% used [0x00000000e2580000,0x00000000e25c8010,0x00000000e2d00000)
  to   space 7680K, 0% used [0x00000000e2d00000,0x00000000e2d00000,0x00000000e3480000)
 ParOldGen       total 86016K, used 16442K [0x0000000082400000, 0x0000000087800000, 0x00000000d6180000)
  object space 86016K, 19% used [0x0000000082400000,0x000000008340eac8,0x0000000087800000)
 Metaspace       used 19713K, capacity 20394K, committed 20608K, reserved 1067008K
  class space    used 2412K, capacity 2585K, committed 2688K, reserved 1048576K
Event: 20.173 GC heap after
Heap after GC invocations=22 (full 0):
 PSYoungGen      total 76288K, used 160K [0x00000000d6180000, 0x00000000e2d80000, 0x0000000100000000)
  eden space 75776K, 0% used [0x00000000d6180000,0x00000000d6180000,0x00000000dab80000)
  from space 512K, 31% used [0x00000000e2d00000,0x00000000e2d28000,0x00000000e2d80000)
  to   space 7168K, 0% used [0x00000000e1f80000,0x00000000e1f80000,0x00000000e2680000)
 ParOldGen       total 86016K, used 16474K [0x0000000082400000, 0x0000000087800000, 0x00000000d6180000)
  object space 86016K, 19% used [0x0000000082400000,0x0000000083416ac8,0x0000000087800000)
 Metaspace       used 19713K, capacity 20394K, committed 20608K, reserved 1067008K
  class space    used 2412K, capacity 2585K, committed 2688K, reserved 1048576K
}

