# JRE version: Java(TM) SE Runtime Environment (8.0_91-b14) (build 1.8.0_91-b14)
# Java VM: Java HotSpot(TM) 64-Bit Server VM (25.91-b14 mixed mode windows-amd64 compressed oops)
Heap:
 PSYoungGen      total 336384K, used 71081K [0x00000000d5b80000, 0x00000000fcc80000, 0x0000000100000000)
  eden space 335872K, 21% used [0x00000000d5b80000,0x00000000da092420,0x00000000ea380000)
  from space 512K, 68% used [0x00000000fcc00000,0x00000000fcc58000,0x00000000fcc80000)
  to   space 16896K, 0% used [0x00000000fab80000,0x00000000fab80000,0x00000000fbc00000)
 ParOldGen       total 87552K, used 39775K [0x0000000081200000, 0x0000000086780000, 0x00000000d5b80000)
  object space 87552K, 45% used [0x0000000081200000,0x00000000838d7c08,0x0000000086780000)
 Metaspace       used 19456K, capacity 20110K, committed 20352K, reserved 1067008K
  class space    used 2417K, capacity 2591K, committed 2688K, reserved 1048576K
GC Heap History (10 events):
Event: 9.138 GC heap before
{Heap before GC invocations=12 (full 0):
 PSYoungGen      total 442368K, used 422544K [0x00000000d5b80000, 0x0000000100000000, 0x0000000100000000)
  eden space 423936K, 99% used [0x00000000d5b80000,0x00000000ef7d41a8,0x00000000ef980000)
  from space 18432K, 1% used [0x00000000ef980000,0x00000000ef9d0000,0x00000000f0b80000)
  to   space 18432K, 0% used [0x00000000fee00000,0x00000000fee00000,0x0000000100000000)
 ParOldGen       total 87552K, used 39440K [0x0000000081200000, 0x0000000086780000, 0x00000000d5b80000)
  object space 87552K, 45% used [0x0000000081200000,0x00000000838841f0,0x0000000086780000)
 Metaspace       used 19121K, capacity 19714K, committed 19840K, reserved 1067008K
  class space    used 2414K, capacity 2591K, committed 2688K, reserved 1048576K
Event: 9.139 GC heap after
Heap after GC invocations=12 (full 0):
 PSYoungGen      total 404992K, used 449K [0x00000000d5b80000, 0x00000000fee80000, 0x0000000100000000)
  eden space 404480K, 0% used [0x00000000d5b80000,0x00000000d5b80000,0x00000000ee680000)
  from space 512K, 87% used [0x00000000fee00000,0x00000000fee70680,0x00000000fee80000)
  to   space 18432K, 0% used [0x00000000fca80000,0x00000000fca80000,0x00000000fdc80000)
 ParOldGen       total 87552K, used 39504K [0x0000000081200000, 0x0000000086780000, 0x00000000d5b80000)
  object space 87552K, 45% used [0x0000000081200000,0x00000000838941f0,0x0000000086780000)
 Metaspace       used 19121K, capacity 19714K, committed 19840K, reserved 1067008K
  class space    used 2414K, capacity 2591K, committed 2688K, reserved 1048576K
}
Event: 18.741 GC heap before
{Heap before GC invocations=13 (full 0):
 PSYoungGen      total 404992K, used 403109K [0x00000000d5b80000, 0x00000000fee80000, 0x0000000100000000)
  eden space 404480K, 99% used [0x00000000d5b80000,0x00000000ee4b8fe0,0x00000000ee680000)
  from space 512K, 87% used [0x00000000fee00000,0x00000000fee70680,0x00000000fee80000)
  to   space 18432K, 0% used [0x00000000fca80000,0x00000000fca80000,0x00000000fdc80000)
 ParOldGen       total 87552K, used 39504K [0x0000000081200000, 0x0000000086780000, 0x00000000d5b80000)
  object space 87552K, 45% used [0x0000000081200000,0x00000000838941f0,0x0000000086780000)
 Metaspace       used 19238K, capacity 19918K, committed 20096K, reserved 1067008K
  class space    used 2414K, capacity 2591K, committed 2688K, reserved 1048576K
Event: 18.742 GC heap after
Heap after GC invocations=13 (full 0):
 PSYoungGen      total 404480K, used 288K [0x00000000d5b80000, 0x00000000fee80000, 0x0000000100000000)
  eden space 386048K, 0% used [0x00000000d5b80000,0x00000000d5b80000,0x00000000ed480000)
  from space 18432K, 1% used [0x00000000fca80000,0x00000000fcac8000,0x00000000fdc80000)
  to   space 18432K, 0% used [0x00000000fdc80000,0x00000000fdc80000,0x00000000fee80000)
 ParOldGen       total 87552K, used 39560K [0x0000000081200000, 0x0000000086780000, 0x00000000d5b80000)
  object space 87552K, 45% used [0x0000000081200000,0x00000000838a21f0,0x0000000086780000)
 Metaspace       used 19238K, capacity 19918K, committed 20096K, reserved 1067008K
  class space    used 2414K, capacity 2591K, committed 2688K, reserved 1048576K
}
Event: 292.014 GC heap before
{Heap before GC invocations=14 (full 0):
 PSYoungGen      total 404480K, used 386029K [0x00000000d5b80000, 0x00000000fee80000, 0x0000000100000000)
  eden space 386048K, 99% used [0x00000000d5b80000,0x00000000ed433448,0x00000000ed480000)
  from space 18432K, 1% used [0x00000000fca80000,0x00000000fcac8000,0x00000000fdc80000)
  to   space 18432K, 0% used [0x00000000fdc80000,0x00000000fdc80000,0x00000000fee80000)
 ParOldGen       total 87552K, used 39560K [0x0000000081200000, 0x0000000086780000, 0x00000000d5b80000)
  object space 87552K, 45% used [0x0000000081200000,0x00000000838a21f0,0x0000000086780000)
 Metaspace       used 19315K, capacity 19982K, committed 20096K, reserved 1067008K
  class space    used 2417K, capacity 2591K, committed 2688K, reserved 1048576K
Event: 292.015 GC heap after
Heap after GC invocations=14 (full 0):
 PSYoungGen      total 369152K, used 256K [0x00000000d5b80000, 0x00000000fdd00000, 0x0000000100000000)
  eden space 368640K, 0% used [0x00000000d5b80000,0x00000000d5b80000,0x00000000ec380000)
  from space 512K, 50% used [0x00000000fdc80000,0x00000000fdcc0000,0x00000000fdd00000)
  to   space 17920K, 0% used [0x00000000fba00000,0x00000000fba00000,0x00000000fcb80000)
 ParOldGen       total 87552K, used 39647K [0x0000000081200000, 0x0000000086780000, 0x00000000d5b80000)
  object space 87552K, 45% used [0x0000000081200000,0x00000000838b7c08,0x0000000086780000)
 Metaspace       used 19315K, capacity 19982K, committed 20096K, reserved 1067008K
  class space    used 2417K, capacity 2591K, committed 2688K, reserved 1048576K
}
Event: 293.719 GC heap before
{Heap before GC invocations=15 (full 0):
 PSYoungGen      total 369152K, used 368509K [0x00000000d5b80000, 0x00000000fdd00000, 0x0000000100000000)
  eden space 368640K, 99% used [0x00000000d5b80000,0x00000000ec31f560,0x00000000ec380000)
  from space 512K, 50% used [0x00000000fdc80000,0x00000000fdcc0000,0x00000000fdd00000)
  to   space 17920K, 0% used [0x00000000fba00000,0x00000000fba00000,0x00000000fcb80000)
 ParOldGen       total 87552K, used 39647K [0x0000000081200000, 0x0000000086780000, 0x00000000d5b80000)
  object space 87552K, 45% used [0x0000000081200000,0x00000000838b7c08,0x0000000086780000)
 Metaspace       used 19333K, capacity 19982K, committed 20096K, reserved 1067008K
  class space    used 2417K, capacity 2591K, committed 2688K, reserved 1048576K
Event: 293.720 GC heap after
Heap after GC invocations=15 (full 0):
 PSYoungGen      total 369664K, used 288K [0x00000000d5b80000, 0x00000000fdd00000, 0x0000000100000000)
  eden space 351744K, 0% used [0x00000000d5b80000,0x00000000d5b80000,0x00000000eb300000)
  from space 17920K, 1% used [0x00000000fba00000,0x00000000fba48000,0x00000000fcb80000)
  to   space 17408K, 0% used [0x00000000fcc00000,0x00000000fcc00000,0x00000000fdd00000)
 ParOldGen       total 87552K, used 39711K [0x0000000081200000, 0x0000000086780000, 0x00000000d5b80000)
  object space 87552K, 45% used [0x0000000081200000,0x00000000838c7c08,0x0000000086780000)
 Metaspace       used 19333K, capacity 19982K, committed 20096K, reserved 1067008K
  class space    used 2417K, capacity 2591K, committed 2688K, reserved 1048576K
}
Event: 295.448 GC heap before
{Heap before GC invocations=16 (full 0):
 PSYoungGen      total 369664K, used 352032K [0x00000000d5b80000, 0x00000000fdd00000, 0x0000000100000000)
  eden space 351744K, 100% used [0x00000000d5b80000,0x00000000eb300000,0x00000000eb300000)
  from space 17920K, 1% used [0x00000000fba00000,0x00000000fba48000,0x00000000fcb80000)
  to   space 17408K, 0% used [0x00000000fcc00000,0x00000000fcc00000,0x00000000fdd00000)
 ParOldGen       total 87552K, used 39711K [0x0000000081200000, 0x0000000086780000, 0x00000000d5b80000)
  object space 87552K, 45% used [0x0000000081200000,0x00000000838c7c08,0x0000000086780000)
 Metaspace       used 19356K, capacity 19982K, committed 20096K, reserved 1067008K
  class space    used 2417K, capacity 2591K, committed 2688K, reserved 1048576K
Event: 295.449 GC heap after
Heap after GC invocations=16 (full 0):
 PSYoungGen      total 336384K, used 352K [0x00000000d5b80000, 0x00000000fcc80000, 0x0000000100000000)
  eden space 335872K, 0% used [0x00000000d5b80000,0x00000000d5b80000,0x00000000ea380000)
  from space 512K, 68% used [0x00000000fcc00000,0x00000000fcc58000,0x00000000fcc80000)
  to   space 16896K, 0% used [0x00000000fab80000,0x00000000fab80000,0x00000000fbc00000)
 ParOldGen       total 87552K, used 39775K [0x0000000081200000, 0x0000000086780000, 0x00000000d5b80000)
  object space 87552K, 45% used [0x0000000081200000,0x00000000838d7c08,0x0000000086780000)
 Metaspace       used 19356K, capacity 19982K, committed 20096K, reserved 1067008K
  class space    used 2417K, capacity 2591K, committed 2688K, reserved 1048576K
}

