# JRE version: Java(TM) SE Runtime Environment (8.0_91-b14) (build 1.8.0_91-b14)
# Java VM: Java HotSpot(TM) 64-Bit Server VM (25.91-b14 mixed mode windows-amd64 compressed oops)
Heap:
 PSYoungGen      total 244224K, used 10417K [0x00000000d5b80000, 0x00000000f0b80000, 0x0000000100000000)
  eden space 243712K, 4% used [0x00000000d5b80000,0x00000000d653c728,0x00000000e4980000)
  from space 512K, 87% used [0x00000000ef080000,0x00000000ef0f0010,0x00000000ef100000)
  to   space 16384K, 0% used [0x00000000efb80000,0x00000000efb80000,0x00000000f0b80000)
 ParOldGen       total 87552K, used 46013K [0x0000000081200000, 0x0000000086780000, 0x00000000d5b80000)
  object space 87552K, 52% used [0x0000000081200000,0x0000000083eef560,0x0000000086780000)
 Metaspace       used 18757K, capacity 19360K, committed 19584K, reserved 1067008K
  class space    used 2407K, capacity 2586K, committed 2688K, reserved 1048576K
GC Heap History (10 events):
Event: 2.332 GC heap before
{Heap before GC invocations=7 (full 0):
 PSYoungGen      total 147456K, used 143011K [0x00000000d5b80000, 0x00000000dfa80000, 0x0000000100000000)
  eden space 133120K, 99% used [0x00000000d5b80000,0x00000000ddce7970,0x00000000ddd80000)
  from space 14336K, 73% used [0x00000000dec80000,0x00000000df6c15d0,0x00000000dfa80000)
  to   space 14848K, 0% used [0x00000000ddd80000,0x00000000ddd80000,0x00000000dec00000)
 ParOldGen       total 87552K, used 39544K [0x0000000081200000, 0x0000000086780000, 0x00000000d5b80000)
  object space 87552K, 45% used [0x0000000081200000,0x000000008389e0e8,0x0000000086780000)
 Metaspace       used 18191K, capacity 18760K, committed 19072K, reserved 1064960K
  class space    used 2405K, capacity 2586K, committed 2688K, reserved 1048576K
Event: 2.337 GC heap after
Heap after GC invocations=7 (full 0):
 PSYoungGen      total 147968K, used 10972K [0x00000000d5b80000, 0x00000000e7c80000, 0x0000000100000000)
  eden space 133120K, 0% used [0x00000000d5b80000,0x00000000d5b80000,0x00000000ddd80000)
  from space 14848K, 73% used [0x00000000ddd80000,0x00000000de837290,0x00000000dec00000)
  to   space 14848K, 0% used [0x00000000e6e00000,0x00000000e6e00000,0x00000000e7c80000)
 ParOldGen       total 87552K, used 40704K [0x0000000081200000, 0x0000000086780000, 0x00000000d5b80000)
  object space 87552K, 46% used [0x0000000081200000,0x00000000839c0148,0x0000000086780000)
 Metaspace       used 18191K, capacity 18760K, committed 19072K, reserved 1064960K
  class space    used 2405K, capacity 2586K, committed 2688K, reserved 1048576K
}
Event: 2.867 GC heap before
{Heap before GC invocations=8 (full 0):
 PSYoungGen      total 147968K, used 144092K [0x00000000d5b80000, 0x00000000e7c80000, 0x0000000100000000)
  eden space 133120K, 100% used [0x00000000d5b80000,0x00000000ddd80000,0x00000000ddd80000)
  from space 14848K, 73% used [0x00000000ddd80000,0x00000000de837290,0x00000000dec00000)
  to   space 14848K, 0% used [0x00000000e6e00000,0x00000000e6e00000,0x00000000e7c80000)
 ParOldGen       total 87552K, used 40704K [0x0000000081200000, 0x0000000086780000, 0x00000000d5b80000)
  object space 87552K, 46% used [0x0000000081200000,0x00000000839c0148,0x0000000086780000)
 Metaspace       used 18269K, capacity 18824K, committed 19072K, reserved 1064960K
  class space    used 2405K, capacity 2586K, committed 2688K, reserved 1048576K
Event: 2.869 GC heap after
Heap after GC invocations=8 (full 0):
 PSYoungGen      total 280064K, used 9811K [0x00000000d5b80000, 0x00000000e7b80000, 0x0000000100000000)
  eden space 266240K, 0% used [0x00000000d5b80000,0x00000000d5b80000,0x00000000e5f80000)
  from space 13824K, 70% used [0x00000000e6e00000,0x00000000e7794e90,0x00000000e7b80000)
  to   space 14336K, 0% used [0x00000000e5f80000,0x00000000e5f80000,0x00000000e6d80000)
 ParOldGen       total 87552K, used 40768K [0x0000000081200000, 0x0000000086780000, 0x00000000d5b80000)
  object space 87552K, 46% used [0x0000000081200000,0x00000000839d0148,0x0000000086780000)
 Metaspace       used 18269K, capacity 18824K, committed 19072K, reserved 1064960K
  class space    used 2405K, capacity 2586K, committed 2688K, reserved 1048576K
}
Event: 3.811 GC heap before
{Heap before GC invocations=9 (full 0):
 PSYoungGen      total 280064K, used 274102K [0x00000000d5b80000, 0x00000000e7b80000, 0x0000000100000000)
  eden space 266240K, 99% used [0x00000000d5b80000,0x00000000e5d98c10,0x00000000e5f80000)
  from space 13824K, 70% used [0x00000000e6e00000,0x00000000e7794e90,0x00000000e7b80000)
  to   space 14336K, 0% used [0x00000000e5f80000,0x00000000e5f80000,0x00000000e6d80000)
 ParOldGen       total 87552K, used 40768K [0x0000000081200000, 0x0000000086780000, 0x00000000d5b80000)
  object space 87552K, 46% used [0x0000000081200000,0x00000000839d0148,0x0000000086780000)
 Metaspace       used 18369K, capacity 19032K, committed 19328K, reserved 1067008K
  class space    used 2406K, capacity 2586K, committed 2688K, reserved 1048576K
Event: 3.813 GC heap after
Heap after GC invocations=9 (full 0):
 PSYoungGen      total 280576K, used 288K [0x00000000d5b80000, 0x00000000f1a80000, 0x0000000100000000)
  eden space 266240K, 0% used [0x00000000d5b80000,0x00000000d5b80000,0x00000000e5f80000)
  from space 14336K, 2% used [0x00000000e5f80000,0x00000000e5fc8000,0x00000000e6d80000)
  to   space 15872K, 0% used [0x00000000f0b00000,0x00000000f0b00000,0x00000000f1a80000)
 ParOldGen       total 87552K, used 45913K [0x0000000081200000, 0x0000000086780000, 0x00000000d5b80000)
  object space 87552K, 52% used [0x0000000081200000,0x0000000083ed6480,0x0000000086780000)
 Metaspace       used 18369K, capacity 19032K, committed 19328K, reserved 1067008K
  class space    used 2406K, capacity 2586K, committed 2688K, reserved 1048576K
}
Event: 5.474 GC heap before
{Heap before GC invocations=10 (full 0):
 PSYoungGen      total 280576K, used 266528K [0x00000000d5b80000, 0x00000000f1a80000, 0x0000000100000000)
  eden space 266240K, 100% used [0x00000000d5b80000,0x00000000e5f80000,0x00000000e5f80000)
  from space 14336K, 2% used [0x00000000e5f80000,0x00000000e5fc8000,0x00000000e6d80000)
  to   space 15872K, 0% used [0x00000000f0b00000,0x00000000f0b00000,0x00000000f1a80000)
 ParOldGen       total 87552K, used 45913K [0x0000000081200000, 0x0000000086780000, 0x00000000d5b80000)
  object space 87552K, 52% used [0x0000000081200000,0x0000000083ed6480,0x0000000086780000)
 Metaspace       used 18561K, capacity 19168K, committed 19328K, reserved 1067008K
  class space    used 2406K, capacity 2586K, committed 2688K, reserved 1048576K
Event: 5.479 GC heap after
Heap after GC invocations=10 (full 0):
 PSYoungGen      total 259072K, used 4208K [0x00000000d5b80000, 0x00000000f0f80000, 0x0000000100000000)
  eden space 254464K, 0% used [0x00000000d5b80000,0x00000000d5b80000,0x00000000e5400000)
  from space 4608K, 91% used [0x00000000f0b00000,0x00000000f0f1c130,0x00000000f0f80000)
  to   space 15872K, 0% used [0x00000000ef080000,0x00000000ef080000,0x00000000f0000000)
 ParOldGen       total 87552K, used 45945K [0x0000000081200000, 0x0000000086780000, 0x00000000d5b80000)
  object space 87552K, 52% used [0x0000000081200000,0x0000000083ede480,0x0000000086780000)
 Metaspace       used 18561K, capacity 19168K, committed 19328K, reserved 1067008K
  class space    used 2406K, capacity 2586K, committed 2688K, reserved 1048576K
}
Event: 6.865 GC heap before
{Heap before GC invocations=11 (full 0):
 PSYoungGen      total 259072K, used 257520K [0x00000000d5b80000, 0x00000000f0f80000, 0x0000000100000000)
  eden space 254464K, 99% used [0x00000000d5b80000,0x00000000e52e0078,0x00000000e5400000)
  from space 4608K, 91% used [0x00000000f0b00000,0x00000000f0f1c130,0x00000000f0f80000)
  to   space 15872K, 0% used [0x00000000ef080000,0x00000000ef080000,0x00000000f0000000)
 ParOldGen       total 87552K, used 45945K [0x0000000081200000, 0x0000000086780000, 0x00000000d5b80000)
  object space 87552K, 52% used [0x0000000081200000,0x0000000083ede480,0x0000000086780000)
 Metaspace       used 18757K, capacity 19360K, committed 19584K, reserved 1067008K
  class space    used 2407K, capacity 2586K, committed 2688K, reserved 1048576K
Event: 6.867 GC heap after
Heap after GC invocations=11 (full 0):
 PSYoungGen      total 244224K, used 448K [0x00000000d5b80000, 0x00000000f0b80000, 0x0000000100000000)
  eden space 243712K, 0% used [0x00000000d5b80000,0x00000000d5b80000,0x00000000e4980000)
  from space 512K, 87% used [0x00000000ef080000,0x00000000ef0f0010,0x00000000ef100000)
  to   space 16384K, 0% used [0x00000000efb80000,0x00000000efb80000,0x00000000f0b80000)
 ParOldGen       total 87552K, used 46013K [0x0000000081200000, 0x0000000086780000, 0x00000000d5b80000)
  object space 87552K, 52% used [0x0000000081200000,0x0000000083eef560,0x0000000086780000)
 Metaspace       used 18757K, capacity 19360K, committed 19584K, reserved 1067008K
  class space    used 2407K, capacity 2586K, committed 2688K, reserved 1048576K
}

