# JRE version: Java(TM) SE Runtime Environment (8.0_91-b14) (build 1.8.0_91-b14)
# Java VM: Java HotSpot(TM) 64-Bit Server VM (25.91-b14 mixed mode windows-amd64 compressed oops)
Heap:
 PSYoungGen      total 167424K, used 140025K [0x00000000d5b80000, 0x00000000f7480000, 0x0000000100000000)
  eden space 159232K, 87% used [0x00000000d5b80000,0x00000000de3f65c8,0x00000000df700000)
  from space 8192K, 3% used [0x00000000f6480000,0x00000000f64c8000,0x00000000f6c80000)
  to   space 7680K, 0% used [0x00000000f6d00000,0x00000000f6d00000,0x00000000f7480000)
 ParOldGen       total 87552K, used 62666K [0x0000000081200000, 0x0000000086780000, 0x00000000d5b80000)
  object space 87552K, 71% used [0x0000000081200000,0x0000000084f32a40,0x0000000086780000)
 Metaspace       used 19460K, capacity 20118K, committed 20352K, reserved 1067008K
  class space    used 2434K, capacity 2607K, committed 2688K, reserved 1048576K
GC Heap History (10 events):
Event: 30.259 GC heap before
{Heap before GC invocations=29 (full 0):
 PSYoungGen      total 196608K, used 193952K [0x00000000d5b80000, 0x00000000f8580000, 0x0000000100000000)
  eden space 196096K, 98% used [0x00000000d5b80000,0x00000000e18983a8,0x00000000e1b00000)
  from space 512K, 62% used [0x00000000f8500000,0x00000000f8550000,0x00000000f8580000)
  to   space 10240K, 0% used [0x00000000f7180000,0x00000000f7180000,0x00000000f7b80000)
 ParOldGen       total 87552K, used 62390K [0x0000000081200000, 0x0000000086780000, 0x00000000d5b80000)
  object space 87552K, 71% used [0x0000000081200000,0x0000000084eeda30,0x0000000086780000)
 Metaspace       used 19122K, capacity 19690K, committed 19712K, reserved 1067008K
  class space    used 2377K, capacity 2559K, committed 2560K, reserved 1048576K
Event: 30.260 GC heap after
Heap after GC invocations=29 (full 0):
 PSYoungGen      total 198144K, used 288K [0x00000000d5b80000, 0x00000000f8580000, 0x0000000100000000)
  eden space 187904K, 0% used [0x00000000d5b80000,0x00000000d5b80000,0x00000000e1300000)
  from space 10240K, 2% used [0x00000000f7180000,0x00000000f71c8000,0x00000000f7b80000)
  to   space 9728K, 0% used [0x00000000f7c00000,0x00000000f7c00000,0x00000000f8580000)
 ParOldGen       total 87552K, used 62438K [0x0000000081200000, 0x0000000086780000, 0x00000000d5b80000)
  object space 87552K, 71% used [0x0000000081200000,0x0000000084ef9a30,0x0000000086780000)
 Metaspace       used 19122K, capacity 19690K, committed 19712K, reserved 1067008K
  class space    used 2377K, capacity 2559K, committed 2560K, reserved 1048576K
}
Event: 31.049 GC heap before
{Heap before GC invocations=30 (full 0):
 PSYoungGen      total 198144K, used 187422K [0x00000000d5b80000, 0x00000000f8580000, 0x0000000100000000)
  eden space 187904K, 99% used [0x00000000d5b80000,0x00000000e123f808,0x00000000e1300000)
  from space 10240K, 2% used [0x00000000f7180000,0x00000000f71c8000,0x00000000f7b80000)
  to   space 9728K, 0% used [0x00000000f7c00000,0x00000000f7c00000,0x00000000f8580000)
 ParOldGen       total 87552K, used 62438K [0x0000000081200000, 0x0000000086780000, 0x00000000d5b80000)
  object space 87552K, 71% used [0x0000000081200000,0x0000000084ef9a30,0x0000000086780000)
 Metaspace       used 19122K, capacity 19690K, committed 19712K, reserved 1067008K
  class space    used 2377K, capacity 2559K, committed 2560K, reserved 1048576K
Event: 31.051 GC heap after
Heap after GC invocations=30 (full 0):
 PSYoungGen      total 180736K, used 256K [0x00000000d5b80000, 0x00000000f7c80000, 0x0000000100000000)
  eden space 180224K, 0% used [0x00000000d5b80000,0x00000000d5b80000,0x00000000e0b80000)
  from space 512K, 50% used [0x00000000f7c00000,0x00000000f7c40000,0x00000000f7c80000)
  to   space 9216K, 0% used [0x00000000f6a80000,0x00000000f6a80000,0x00000000f7380000)
 ParOldGen       total 87552K, used 62498K [0x0000000081200000, 0x0000000086780000, 0x00000000d5b80000)
  object space 87552K, 71% used [0x0000000081200000,0x0000000084f08a40,0x0000000086780000)
 Metaspace       used 19122K, capacity 19690K, committed 19712K, reserved 1067008K
  class space    used 2377K, capacity 2559K, committed 2560K, reserved 1048576K
}
Event: 32.266 GC heap before
{Heap before GC invocations=31 (full 0):
 PSYoungGen      total 180736K, used 177458K [0x00000000d5b80000, 0x00000000f7c80000, 0x0000000100000000)
  eden space 180224K, 98% used [0x00000000d5b80000,0x00000000e088ca98,0x00000000e0b80000)
  from space 512K, 50% used [0x00000000f7c00000,0x00000000f7c40000,0x00000000f7c80000)
  to   space 9216K, 0% used [0x00000000f6a80000,0x00000000f6a80000,0x00000000f7380000)
 ParOldGen       total 87552K, used 62498K [0x0000000081200000, 0x0000000086780000, 0x00000000d5b80000)
  object space 87552K, 71% used [0x0000000081200000,0x0000000084f08a40,0x0000000086780000)
 Metaspace       used 19123K, capacity 19690K, committed 19712K, reserved 1067008K
  class space    used 2377K, capacity 2559K, committed 2560K, reserved 1048576K
Event: 32.267 GC heap after
Heap after GC invocations=31 (full 0):
 PSYoungGen      total 182272K, used 288K [0x00000000d5b80000, 0x00000000f7c80000, 0x0000000100000000)
  eden space 173056K, 0% used [0x00000000d5b80000,0x00000000d5b80000,0x00000000e0480000)
  from space 9216K, 3% used [0x00000000f6a80000,0x00000000f6ac8000,0x00000000f7380000)
  to   space 8704K, 0% used [0x00000000f7400000,0x00000000f7400000,0x00000000f7c80000)
 ParOldGen       total 87552K, used 62546K [0x0000000081200000, 0x0000000086780000, 0x00000000d5b80000)
  object space 87552K, 71% used [0x0000000081200000,0x0000000084f14a40,0x0000000086780000)
 Metaspace       used 19123K, capacity 19690K, committed 19712K, reserved 1067008K
  class space    used 2377K, capacity 2559K, committed 2560K, reserved 1048576K
}
Event: 32.947 GC heap before
{Heap before GC invocations=32 (full 0):
 PSYoungGen      total 182272K, used 172504K [0x00000000d5b80000, 0x00000000f7c80000, 0x0000000100000000)
  eden space 173056K, 99% used [0x00000000d5b80000,0x00000000e03ae1b8,0x00000000e0480000)
  from space 9216K, 3% used [0x00000000f6a80000,0x00000000f6ac8000,0x00000000f7380000)
  to   space 8704K, 0% used [0x00000000f7400000,0x00000000f7400000,0x00000000f7c80000)
 ParOldGen       total 87552K, used 62546K [0x0000000081200000, 0x0000000086780000, 0x00000000d5b80000)
  object space 87552K, 71% used [0x0000000081200000,0x0000000084f14a40,0x0000000086780000)
 Metaspace       used 19123K, capacity 19690K, committed 19712K, reserved 1067008K
  class space    used 2377K, capacity 2559K, committed 2560K, reserved 1048576K
Event: 32.948 GC heap after
Heap after GC invocations=32 (full 0):
 PSYoungGen      total 166400K, used 288K [0x00000000d5b80000, 0x00000000f7480000, 0x0000000100000000)
  eden space 165888K, 0% used [0x00000000d5b80000,0x00000000d5b80000,0x00000000dfd80000)
  from space 512K, 56% used [0x00000000f7400000,0x00000000f7448000,0x00000000f7480000)
  to   space 8192K, 0% used [0x00000000f6480000,0x00000000f6480000,0x00000000f6c80000)
 ParOldGen       total 87552K, used 62610K [0x0000000081200000, 0x0000000086780000, 0x00000000d5b80000)
  object space 87552K, 71% used [0x0000000081200000,0x0000000084f24a40,0x0000000086780000)
 Metaspace       used 19123K, capacity 19690K, committed 19712K, reserved 1067008K
  class space    used 2377K, capacity 2559K, committed 2560K, reserved 1048576K
}
Event: 33.789 GC heap before
{Heap before GC invocations=33 (full 0):
 PSYoungGen      total 166400K, used 163920K [0x00000000d5b80000, 0x00000000f7480000, 0x0000000100000000)
  eden space 165888K, 98% used [0x00000000d5b80000,0x00000000dfb4c0c8,0x00000000dfd80000)
  from space 512K, 56% used [0x00000000f7400000,0x00000000f7448000,0x00000000f7480000)
  to   space 8192K, 0% used [0x00000000f6480000,0x00000000f6480000,0x00000000f6c80000)
 ParOldGen       total 87552K, used 62610K [0x0000000081200000, 0x0000000086780000, 0x00000000d5b80000)
  object space 87552K, 71% used [0x0000000081200000,0x0000000084f24a40,0x0000000086780000)
 Metaspace       used 19123K, capacity 19690K, committed 19712K, reserved 1067008K
  class space    used 2378K, capacity 2559K, committed 2560K, reserved 1048576K
Event: 33.790 GC heap after
Heap after GC invocations=33 (full 0):
 PSYoungGen      total 167424K, used 288K [0x00000000d5b80000, 0x00000000f7480000, 0x0000000100000000)
  eden space 159232K, 0% used [0x00000000d5b80000,0x00000000d5b80000,0x00000000df700000)
  from space 8192K, 3% used [0x00000000f6480000,0x00000000f64c8000,0x00000000f6c80000)
  to   space 7680K, 0% used [0x00000000f6d00000,0x00000000f6d00000,0x00000000f7480000)
 ParOldGen       total 87552K, used 62666K [0x0000000081200000, 0x0000000086780000, 0x00000000d5b80000)
  object space 87552K, 71% used [0x0000000081200000,0x0000000084f32a40,0x0000000086780000)
 Metaspace       used 19123K, capacity 19690K, committed 19712K, reserved 1067008K
  class space    used 2378K, capacity 2559K, committed 2560K, reserved 1048576K
}

