# JRE version: Java(TM) SE Runtime Environment (8.0_91-b15) (build 1.8.0_91-b15)
# Java VM: Java HotSpot(TM) 64-Bit Server VM (25.91-b15 mixed mode windows-amd64 compressed oops)
Heap:
 PSYoungGen      total 202752K, used 188278K [0x00000000d6180000, 0x00000000e4800000, 0x0000000100000000)
  eden space 202240K, 93% used [0x00000000d6180000,0x00000000e1935b08,0x00000000e2700000)
  from space 512K, 31% used [0x00000000e4780000,0x00000000e47a8000,0x00000000e4800000)
  to   space 15360K, 0% used [0x00000000e2a00000,0x00000000e2a00000,0x00000000e3900000)
 ParOldGen       total 86016K, used 27688K [0x0000000082400000, 0x0000000087800000, 0x00000000d6180000)
  object space 86016K, 32% used [0x0000000082400000,0x0000000083f0a3e0,0x0000000087800000)
 Metaspace       used 19668K, capacity 20324K, committed 20608K, reserved 1067008K
  class space    used 2412K, capacity 2586K, committed 2688K, reserved 1048576K
GC Heap History (10 events):
Event: 6.483 GC heap before
{Heap before GC invocations=10 (full 0):
 PSYoungGen      total 251392K, used 251232K [0x00000000d6180000, 0x00000000e7480000, 0x0000000100000000)
  eden space 250880K, 100% used [0x00000000d6180000,0x00000000e5680000,0x00000000e5680000)
  from space 512K, 68% used [0x00000000e6180000,0x00000000e61d8020,0x00000000e6200000)
  to   space 15360K, 0% used [0x00000000e6580000,0x00000000e6580000,0x00000000e7480000)
 ParOldGen       total 86016K, used 27484K [0x0000000082400000, 0x0000000087800000, 0x00000000d6180000)
  object space 86016K, 31% used [0x0000000082400000,0x0000000083ed7300,0x0000000087800000)
 Metaspace       used 19242K, capacity 19872K, committed 20096K, reserved 1067008K
  class space    used 2412K, capacity 2586K, committed 2688K, reserved 1048576K
Event: 6.487 GC heap after
Heap after GC invocations=10 (full 0):
 PSYoungGen      total 245760K, used 256K [0x00000000d6180000, 0x00000000e6b00000, 0x0000000100000000)
  eden space 240128K, 0% used [0x00000000d6180000,0x00000000d6180000,0x00000000e4c00000)
  from space 5632K, 4% used [0x00000000e6580000,0x00000000e65c0000,0x00000000e6b00000)
  to   space 15872K, 0% used [0x00000000e4c00000,0x00000000e4c00000,0x00000000e5b80000)
 ParOldGen       total 86016K, used 27516K [0x0000000082400000, 0x0000000087800000, 0x00000000d6180000)
  object space 86016K, 31% used [0x0000000082400000,0x0000000083edf300,0x0000000087800000)
 Metaspace       used 19242K, capacity 19872K, committed 20096K, reserved 1067008K
  class space    used 2412K, capacity 2586K, committed 2688K, reserved 1048576K
}
Event: 8.125 GC heap before
{Heap before GC invocations=11 (full 0):
 PSYoungGen      total 245760K, used 239880K [0x00000000d6180000, 0x00000000e6b00000, 0x0000000100000000)
  eden space 240128K, 99% used [0x00000000d6180000,0x00000000e4b82338,0x00000000e4c00000)
  from space 5632K, 4% used [0x00000000e6580000,0x00000000e65c0000,0x00000000e6b00000)
  to   space 15872K, 0% used [0x00000000e4c00000,0x00000000e4c00000,0x00000000e5b80000)
 ParOldGen       total 86016K, used 27516K [0x0000000082400000, 0x0000000087800000, 0x00000000d6180000)
  object space 86016K, 31% used [0x0000000082400000,0x0000000083edf300,0x0000000087800000)
 Metaspace       used 19402K, capacity 20004K, committed 20352K, reserved 1067008K
  class space    used 2412K, capacity 2586K, committed 2688K, reserved 1048576K
Event: 8.126 GC heap after
Heap after GC invocations=11 (full 0):
 PSYoungGen      total 230400K, used 160K [0x00000000d6180000, 0x00000000e6600000, 0x0000000100000000)
  eden space 229888K, 0% used [0x00000000d6180000,0x00000000d6180000,0x00000000e4200000)
  from space 512K, 31% used [0x00000000e4c00000,0x00000000e4c28000,0x00000000e4c80000)
  to   space 15872K, 0% used [0x00000000e5680000,0x00000000e5680000,0x00000000e6600000)
 ParOldGen       total 86016K, used 27592K [0x0000000082400000, 0x0000000087800000, 0x00000000d6180000)
  object space 86016K, 32% used [0x0000000082400000,0x0000000083ef23e0,0x0000000087800000)
 Metaspace       used 19402K, capacity 20004K, committed 20352K, reserved 1067008K
  class space    used 2412K, capacity 2586K, committed 2688K, reserved 1048576K
}
Event: 9.521 GC heap before
{Heap before GC invocations=12 (full 0):
 PSYoungGen      total 230400K, used 229929K [0x00000000d6180000, 0x00000000e6600000, 0x0000000100000000)
  eden space 229888K, 99% used [0x00000000d6180000,0x00000000e41e26a0,0x00000000e4200000)
  from space 512K, 31% used [0x00000000e4c00000,0x00000000e4c28000,0x00000000e4c80000)
  to   space 15872K, 0% used [0x00000000e5680000,0x00000000e5680000,0x00000000e6600000)
 ParOldGen       total 86016K, used 27592K [0x0000000082400000, 0x0000000087800000, 0x00000000d6180000)
  object space 86016K, 32% used [0x0000000082400000,0x0000000083ef23e0,0x0000000087800000)
 Metaspace       used 19421K, capacity 20004K, committed 20352K, reserved 1067008K
  class space    used 2412K, capacity 2586K, committed 2688K, reserved 1048576K
Event: 9.523 GC heap after
Heap after GC invocations=12 (full 0):
 PSYoungGen      total 221184K, used 160K [0x00000000d6180000, 0x00000000e5780000, 0x0000000100000000)
  eden space 220160K, 0% used [0x00000000d6180000,0x00000000d6180000,0x00000000e3880000)
  from space 1024K, 15% used [0x00000000e5680000,0x00000000e56a8000,0x00000000e5780000)
  to   space 15872K, 0% used [0x00000000e3880000,0x00000000e3880000,0x00000000e4800000)
 ParOldGen       total 86016K, used 27624K [0x0000000082400000, 0x0000000087800000, 0x00000000d6180000)
  object space 86016K, 32% used [0x0000000082400000,0x0000000083efa3e0,0x0000000087800000)
 Metaspace       used 19421K, capacity 20004K, committed 20352K, reserved 1067008K
  class space    used 2412K, capacity 2586K, committed 2688K, reserved 1048576K
}
Event: 10.880 GC heap before
{Heap before GC invocations=13 (full 0):
 PSYoungGen      total 221184K, used 220320K [0x00000000d6180000, 0x00000000e5780000, 0x0000000100000000)
  eden space 220160K, 100% used [0x00000000d6180000,0x00000000e3880000,0x00000000e3880000)
  from space 1024K, 15% used [0x00000000e5680000,0x00000000e56a8000,0x00000000e5780000)
  to   space 15872K, 0% used [0x00000000e3880000,0x00000000e3880000,0x00000000e4800000)
 ParOldGen       total 86016K, used 27624K [0x0000000082400000, 0x0000000087800000, 0x00000000d6180000)
  object space 86016K, 32% used [0x0000000082400000,0x0000000083efa3e0,0x0000000087800000)
 Metaspace       used 19530K, capacity 20068K, committed 20352K, reserved 1067008K
  class space    used 2412K, capacity 2586K, committed 2688K, reserved 1048576K
Event: 10.881 GC heap after
Heap after GC invocations=13 (full 0):
 PSYoungGen      total 211456K, used 160K [0x00000000d6180000, 0x00000000e5700000, 0x0000000100000000)
  eden space 210944K, 0% used [0x00000000d6180000,0x00000000d6180000,0x00000000e2f80000)
  from space 512K, 31% used [0x00000000e3880000,0x00000000e38a8000,0x00000000e3900000)
  to   space 15872K, 0% used [0x00000000e4780000,0x00000000e4780000,0x00000000e5700000)
 ParOldGen       total 86016K, used 27656K [0x0000000082400000, 0x0000000087800000, 0x00000000d6180000)
  object space 86016K, 32% used [0x0000000082400000,0x0000000083f023e0,0x0000000087800000)
 Metaspace       used 19530K, capacity 20068K, committed 20352K, reserved 1067008K
  class space    used 2412K, capacity 2586K, committed 2688K, reserved 1048576K
}
Event: 12.240 GC heap before
{Heap before GC invocations=14 (full 0):
 PSYoungGen      total 211456K, used 210375K [0x00000000d6180000, 0x00000000e5700000, 0x0000000100000000)
  eden space 210944K, 99% used [0x00000000d6180000,0x00000000e2ec9ee0,0x00000000e2f80000)
  from space 512K, 31% used [0x00000000e3880000,0x00000000e38a8000,0x00000000e3900000)
  to   space 15872K, 0% used [0x00000000e4780000,0x00000000e4780000,0x00000000e5700000)
 ParOldGen       total 86016K, used 27656K [0x0000000082400000, 0x0000000087800000, 0x00000000d6180000)
  object space 86016K, 32% used [0x0000000082400000,0x0000000083f023e0,0x0000000087800000)
 Metaspace       used 19648K, capacity 20260K, committed 20608K, reserved 1067008K
  class space    used 2412K, capacity 2586K, committed 2688K, reserved 1048576K
Event: 12.243 GC heap after
Heap after GC invocations=14 (full 0):
 PSYoungGen      total 202752K, used 160K [0x00000000d6180000, 0x00000000e4800000, 0x0000000100000000)
  eden space 202240K, 0% used [0x00000000d6180000,0x00000000d6180000,0x00000000e2700000)
  from space 512K, 31% used [0x00000000e4780000,0x00000000e47a8000,0x00000000e4800000)
  to   space 15360K, 0% used [0x00000000e2a00000,0x00000000e2a00000,0x00000000e3900000)
 ParOldGen       total 86016K, used 27688K [0x0000000082400000, 0x0000000087800000, 0x00000000d6180000)
  object space 86016K, 32% used [0x0000000082400000,0x0000000083f0a3e0,0x0000000087800000)
 Metaspace       used 19648K, capacity 20260K, committed 20608K, reserved 1067008K
  class space    used 2412K, capacity 2586K, committed 2688K, reserved 1048576K
}

