# JRE version: Java(TM) SE Runtime Environment (8.0_91-b15) (build 1.8.0_91-b15)
# Java VM: Java HotSpot(TM) 64-Bit Server VM (25.91-b15 mixed mode windows-amd64 compressed oops)
Heap:
 PSYoungGen      total 247296K, used 169498K [0x00000000d6180000, 0x00000000e7000000, 0x0000000100000000)
  eden space 239104K, 70% used [0x00000000d6180000,0x00000000e06d6980,0x00000000e4b00000)
  from space 8192K, 2% used [0x00000000e6800000,0x00000000e6830000,0x00000000e7000000)
  to   space 18944K, 0% used [0x00000000e4b00000,0x00000000e4b00000,0x00000000e5d80000)
 ParOldGen       total 86016K, used 28295K [0x0000000082400000, 0x0000000087800000, 0x00000000d6180000)
  object space 86016K, 32% used [0x0000000082400000,0x0000000083fa1fa0,0x0000000087800000)
 Metaspace       used 19344K, capacity 19942K, committed 20096K, reserved 1067008K
  class space    used 2400K, capacity 2587K, committed 2688K, reserved 1048576K
GC Heap History (10 events):
Event: 2.765 GC heap before
{Heap before GC invocations=6 (full 0):
 PSYoungGen      total 70656K, used 68760K [0x00000000d6180000, 0x00000000e0480000, 0x0000000100000000)
  eden space 65536K, 97% used [0x00000000d6180000,0x00000000d9fad680,0x00000000da180000)
  from space 5120K, 99% used [0x00000000da180000,0x00000000da678af0,0x00000000da680000)
  to   space 17920K, 0% used [0x00000000df300000,0x00000000df300000,0x00000000e0480000)
 ParOldGen       total 86016K, used 25722K [0x0000000082400000, 0x0000000087800000, 0x00000000d6180000)
  object space 86016K, 29% used [0x0000000082400000,0x0000000083d1ea20,0x0000000087800000)
 Metaspace       used 18509K, capacity 19150K, committed 19328K, reserved 1067008K
  class space    used 2399K, capacity 2587K, committed 2688K, reserved 1048576K
Event: 2.767 GC heap after
Heap after GC invocations=6 (full 0):
 PSYoungGen      total 148480K, used 3616K [0x00000000d6180000, 0x00000000e0580000, 0x0000000100000000)
  eden space 130560K, 0% used [0x00000000d6180000,0x00000000d6180000,0x00000000de100000)
  from space 17920K, 20% used [0x00000000df300000,0x00000000df688030,0x00000000e0480000)
  to   space 18432K, 0% used [0x00000000de100000,0x00000000de100000,0x00000000df300000)
 ParOldGen       total 86016K, used 25730K [0x0000000082400000, 0x0000000087800000, 0x00000000d6180000)
  object space 86016K, 29% used [0x0000000082400000,0x0000000083d20a20,0x0000000087800000)
 Metaspace       used 18509K, capacity 19150K, committed 19328K, reserved 1067008K
  class space    used 2399K, capacity 2587K, committed 2688K, reserved 1048576K
}
Event: 3.664 GC heap before
{Heap before GC invocations=7 (full 0):
 PSYoungGen      total 148480K, used 134176K [0x00000000d6180000, 0x00000000e0580000, 0x0000000100000000)
  eden space 130560K, 100% used [0x00000000d6180000,0x00000000de100000,0x00000000de100000)
  from space 17920K, 20% used [0x00000000df300000,0x00000000df688030,0x00000000e0480000)
  to   space 18432K, 0% used [0x00000000de100000,0x00000000de100000,0x00000000df300000)
 ParOldGen       total 86016K, used 25730K [0x0000000082400000, 0x0000000087800000, 0x00000000d6180000)
  object space 86016K, 29% used [0x0000000082400000,0x0000000083d20a20,0x0000000087800000)
 Metaspace       used 18579K, capacity 19150K, committed 19328K, reserved 1067008K
  class space    used 2399K, capacity 2587K, committed 2688K, reserved 1048576K
Event: 3.667 GC heap after
Heap after GC invocations=7 (full 0):
 PSYoungGen      total 148992K, used 2391K [0x00000000d6180000, 0x00000000e8580000, 0x0000000100000000)
  eden space 130560K, 0% used [0x00000000d6180000,0x00000000d6180000,0x00000000de100000)
  from space 18432K, 12% used [0x00000000de100000,0x00000000de355c78,0x00000000df300000)
  to   space 18944K, 0% used [0x00000000e7300000,0x00000000e7300000,0x00000000e8580000)
 ParOldGen       total 86016K, used 28207K [0x0000000082400000, 0x0000000087800000, 0x00000000d6180000)
  object space 86016K, 32% used [0x0000000082400000,0x0000000083f8bfa0,0x0000000087800000)
 Metaspace       used 18579K, capacity 19150K, committed 19328K, reserved 1067008K
  class space    used 2399K, capacity 2587K, committed 2688K, reserved 1048576K
}
Event: 4.485 GC heap before
{Heap before GC invocations=8 (full 0):
 PSYoungGen      total 148992K, used 132457K [0x00000000d6180000, 0x00000000e8580000, 0x0000000100000000)
  eden space 130560K, 99% used [0x00000000d6180000,0x00000000de0847e8,0x00000000de100000)
  from space 18432K, 12% used [0x00000000de100000,0x00000000de355c78,0x00000000df300000)
  to   space 18944K, 0% used [0x00000000e7300000,0x00000000e7300000,0x00000000e8580000)
 ParOldGen       total 86016K, used 28207K [0x0000000082400000, 0x0000000087800000, 0x00000000d6180000)
  object space 86016K, 32% used [0x0000000082400000,0x0000000083f8bfa0,0x0000000087800000)
 Metaspace       used 18689K, capacity 19290K, committed 19584K, reserved 1067008K
  class space    used 2400K, capacity 2587K, committed 2688K, reserved 1048576K
Event: 4.488 GC heap after
Heap after GC invocations=8 (full 0):
 PSYoungGen      total 279040K, used 2464K [0x00000000d6180000, 0x00000000e8480000, 0x0000000100000000)
  eden space 261120K, 0% used [0x00000000d6180000,0x00000000d6180000,0x00000000e6080000)
  from space 17920K, 13% used [0x00000000e7300000,0x00000000e7568020,0x00000000e8480000)
  to   space 18432K, 0% used [0x00000000e6080000,0x00000000e6080000,0x00000000e7280000)
 ParOldGen       total 86016K, used 28239K [0x0000000082400000, 0x0000000087800000, 0x00000000d6180000)
  object space 86016K, 32% used [0x0000000082400000,0x0000000083f93fa0,0x0000000087800000)
 Metaspace       used 18689K, capacity 19290K, committed 19584K, reserved 1067008K
  class space    used 2400K, capacity 2587K, committed 2688K, reserved 1048576K
}
Event: 5.813 GC heap before
{Heap before GC invocations=9 (full 0):
 PSYoungGen      total 279040K, used 263584K [0x00000000d6180000, 0x00000000e8480000, 0x0000000100000000)
  eden space 261120K, 100% used [0x00000000d6180000,0x00000000e6080000,0x00000000e6080000)
  from space 17920K, 13% used [0x00000000e7300000,0x00000000e7568020,0x00000000e8480000)
  to   space 18432K, 0% used [0x00000000e6080000,0x00000000e6080000,0x00000000e7280000)
 ParOldGen       total 86016K, used 28239K [0x0000000082400000, 0x0000000087800000, 0x00000000d6180000)
  object space 86016K, 32% used [0x0000000082400000,0x0000000083f93fa0,0x0000000087800000)
 Metaspace       used 18867K, capacity 19494K, committed 19840K, reserved 1067008K
  class space    used 2400K, capacity 2587K, committed 2688K, reserved 1048576K
Event: 5.814 GC heap after
Heap after GC invocations=9 (full 0):
 PSYoungGen      total 250368K, used 160K [0x00000000d6180000, 0x00000000e7a80000, 0x0000000100000000)
  eden space 249856K, 0% used [0x00000000d6180000,0x00000000d6180000,0x00000000e5580000)
  from space 512K, 31% used [0x00000000e6080000,0x00000000e60a8000,0x00000000e6100000)
  to   space 18944K, 0% used [0x00000000e6800000,0x00000000e6800000,0x00000000e7a80000)
 ParOldGen       total 86016K, used 28263K [0x0000000082400000, 0x0000000087800000, 0x00000000d6180000)
  object space 86016K, 32% used [0x0000000082400000,0x0000000083f99fa0,0x0000000087800000)
 Metaspace       used 18867K, capacity 19494K, committed 19840K, reserved 1067008K
  class space    used 2400K, capacity 2587K, committed 2688K, reserved 1048576K
}
Event: 8.514 GC heap before
{Heap before GC invocations=10 (full 0):
 PSYoungGen      total 250368K, used 248672K [0x00000000d6180000, 0x00000000e7a80000, 0x0000000100000000)
  eden space 249856K, 99% used [0x00000000d6180000,0x00000000e5430318,0x00000000e5580000)
  from space 512K, 31% used [0x00000000e6080000,0x00000000e60a8000,0x00000000e6100000)
  to   space 18944K, 0% used [0x00000000e6800000,0x00000000e6800000,0x00000000e7a80000)
 ParOldGen       total 86016K, used 28263K [0x0000000082400000, 0x0000000087800000, 0x00000000d6180000)
  object space 86016K, 32% used [0x0000000082400000,0x0000000083f99fa0,0x0000000087800000)
 Metaspace       used 19105K, capacity 19750K, committed 20096K, reserved 1067008K
  class space    used 2400K, capacity 2587K, committed 2688K, reserved 1048576K
Event: 8.515 GC heap after
Heap after GC invocations=10 (full 0):
 PSYoungGen      total 247296K, used 192K [0x00000000d6180000, 0x00000000e7000000, 0x0000000100000000)
  eden space 239104K, 0% used [0x00000000d6180000,0x00000000d6180000,0x00000000e4b00000)
  from space 8192K, 2% used [0x00000000e6800000,0x00000000e6830000,0x00000000e7000000)
  to   space 18944K, 0% used [0x00000000e4b00000,0x00000000e4b00000,0x00000000e5d80000)
 ParOldGen       total 86016K, used 28295K [0x0000000082400000, 0x0000000087800000, 0x00000000d6180000)
  object space 86016K, 32% used [0x0000000082400000,0x0000000083fa1fa0,0x0000000087800000)
 Metaspace       used 19105K, capacity 19750K, committed 20096K, reserved 1067008K
  class space    used 2400K, capacity 2587K, committed 2688K, reserved 1048576K
}

