# JRE version: Java(TM) SE Runtime Environment (8.0_91-b15) (build 1.8.0_91-b15)
# Java VM: Java HotSpot(TM) 64-Bit Server VM (25.91-b15 mixed mode windows-amd64 compressed oops)
Heap:
 PSYoungGen      total 74240K, used 69900K [0x00000000d6180000, 0x00000000f4180000, 0x0000000100000000)
  eden space 73216K, 95% used [0x00000000d6180000,0x00000000da5759c0,0x00000000da900000)
  from space 1024K, 30% used [0x00000000f3f80000,0x00000000f3fcd9f0,0x00000000f4080000)
  to   space 1024K, 0% used [0x00000000f4080000,0x00000000f4080000,0x00000000f4180000)
 ParOldGen       total 71168K, used 29432K [0x0000000082400000, 0x0000000086980000, 0x00000000d6180000)
  object space 71168K, 41% used [0x0000000082400000,0x00000000840be098,0x0000000086980000)
 Metaspace       used 20983K, capacity 21602K, committed 21760K, reserved 1069056K
  class space    used 2626K, capacity 2789K, committed 2816K, reserved 1048576K
GC Heap History (10 events):
Event: 103.395 GC heap before
{Heap before GC invocations=79 (full 2):
 PSYoungGen      total 85504K, used 80737K [0x00000000d6180000, 0x00000000f4280000, 0x0000000100000000)
  eden space 84992K, 94% used [0x00000000d6180000,0x00000000db0305b8,0x00000000db480000)
  from space 512K, 31% used [0x00000000f4200000,0x00000000f4228000,0x00000000f4280000)
  to   space 1024K, 0% used [0x00000000f4080000,0x00000000f4080000,0x00000000f4180000)
 ParOldGen       total 71168K, used 29416K [0x0000000082400000, 0x0000000086980000, 0x00000000d6180000)
  object space 71168K, 41% used [0x0000000082400000,0x00000000840ba098,0x0000000086980000)
 Metaspace       used 20967K, capacity 21602K, committed 21760K, reserved 1069056K
  class space    used 2624K, capacity 2789K, committed 2816K, reserved 1048576K
Event: 103.396 GC heap after
Heap after GC invocations=79 (full 2):
 PSYoungGen      total 83456K, used 235K [0x00000000d6180000, 0x00000000f4280000, 0x0000000100000000)
  eden space 82432K, 0% used [0x00000000d6180000,0x00000000d6180000,0x00000000db200000)
  from space 1024K, 22% used [0x00000000f4080000,0x00000000f40bacf8,0x00000000f4180000)
  to   space 1024K, 0% used [0x00000000f4180000,0x00000000f4180000,0x00000000f4280000)
 ParOldGen       total 71168K, used 29416K [0x0000000082400000, 0x0000000086980000, 0x00000000d6180000)
  object space 71168K, 41% used [0x0000000082400000,0x00000000840ba098,0x0000000086980000)
 Metaspace       used 20967K, capacity 21602K, committed 21760K, reserved 1069056K
  class space    used 2624K, capacity 2789K, committed 2816K, reserved 1048576K
}
Event: 103.936 GC heap before
{Heap before GC invocations=80 (full 2):
 PSYoungGen      total 83456K, used 81661K [0x00000000d6180000, 0x00000000f4280000, 0x0000000100000000)
  eden space 82432K, 98% used [0x00000000d6180000,0x00000000db1049a0,0x00000000db200000)
  from space 1024K, 22% used [0x00000000f4080000,0x00000000f40bacf8,0x00000000f4180000)
  to   space 1024K, 0% used [0x00000000f4180000,0x00000000f4180000,0x00000000f4280000)
 ParOldGen       total 71168K, used 29416K [0x0000000082400000, 0x0000000086980000, 0x00000000d6180000)
  object space 71168K, 41% used [0x0000000082400000,0x00000000840ba098,0x0000000086980000)
 Metaspace       used 20967K, capacity 21602K, committed 21760K, reserved 1069056K
  class space    used 2624K, capacity 2789K, committed 2816K, reserved 1048576K
Event: 103.937 GC heap after
Heap after GC invocations=80 (full 2):
 PSYoungGen      total 80384K, used 235K [0x00000000d6180000, 0x00000000f4200000, 0x0000000100000000)
  eden space 79872K, 0% used [0x00000000d6180000,0x00000000d6180000,0x00000000daf80000)
  from space 512K, 45% used [0x00000000f4180000,0x00000000f41bacf8,0x00000000f4200000)
  to   space 1024K, 0% used [0x00000000f4000000,0x00000000f4000000,0x00000000f4100000)
 ParOldGen       total 71168K, used 29424K [0x0000000082400000, 0x0000000086980000, 0x00000000d6180000)
  object space 71168K, 41% used [0x0000000082400000,0x00000000840bc098,0x0000000086980000)
 Metaspace       used 20967K, capacity 21602K, committed 21760K, reserved 1069056K
  class space    used 2624K, capacity 2789K, committed 2816K, reserved 1048576K
}
Event: 104.422 GC heap before
{Heap before GC invocations=81 (full 2):
 PSYoungGen      total 80384K, used 76181K [0x00000000d6180000, 0x00000000f4200000, 0x0000000100000000)
  eden space 79872K, 95% used [0x00000000d6180000,0x00000000dabaa8e8,0x00000000daf80000)
  from space 512K, 45% used [0x00000000f4180000,0x00000000f41bacf8,0x00000000f4200000)
  to   space 1024K, 0% used [0x00000000f4000000,0x00000000f4000000,0x00000000f4100000)
 ParOldGen       total 71168K, used 29424K [0x0000000082400000, 0x0000000086980000, 0x00000000d6180000)
  object space 71168K, 41% used [0x0000000082400000,0x00000000840bc098,0x0000000086980000)
 Metaspace       used 20967K, capacity 21602K, committed 21760K, reserved 1069056K
  class space    used 2624K, capacity 2789K, committed 2816K, reserved 1048576K
Event: 104.424 GC heap after
Heap after GC invocations=81 (full 2):
 PSYoungGen      total 78336K, used 310K [0x00000000d6180000, 0x00000000f4200000, 0x0000000100000000)
  eden space 77312K, 0% used [0x00000000d6180000,0x00000000d6180000,0x00000000dad00000)
  from space 1024K, 30% used [0x00000000f4000000,0x00000000f404d9f0,0x00000000f4100000)
  to   space 1024K, 0% used [0x00000000f4100000,0x00000000f4100000,0x00000000f4200000)
 ParOldGen       total 71168K, used 29424K [0x0000000082400000, 0x0000000086980000, 0x00000000d6180000)
  object space 71168K, 41% used [0x0000000082400000,0x00000000840bc098,0x0000000086980000)
 Metaspace       used 20967K, capacity 21602K, committed 21760K, reserved 1069056K
  class space    used 2624K, capacity 2789K, committed 2816K, reserved 1048576K
}
Event: 104.917 GC heap before
{Heap before GC invocations=82 (full 2):
 PSYoungGen      total 78336K, used 77309K [0x00000000d6180000, 0x00000000f4200000, 0x0000000100000000)
  eden space 77312K, 99% used [0x00000000d6180000,0x00000000dacb1ab8,0x00000000dad00000)
  from space 1024K, 30% used [0x00000000f4000000,0x00000000f404d9f0,0x00000000f4100000)
  to   space 1024K, 0% used [0x00000000f4100000,0x00000000f4100000,0x00000000f4200000)
 ParOldGen       total 71168K, used 29424K [0x0000000082400000, 0x0000000086980000, 0x00000000d6180000)
  object space 71168K, 41% used [0x0000000082400000,0x00000000840bc098,0x0000000086980000)
 Metaspace       used 20969K, capacity 21602K, committed 21760K, reserved 1069056K
  class space    used 2624K, capacity 2789K, committed 2816K, reserved 1048576K
Event: 104.918 GC heap after
Heap after GC invocations=82 (full 2):
 PSYoungGen      total 75776K, used 235K [0x00000000d6180000, 0x00000000f4180000, 0x0000000100000000)
  eden space 75264K, 0% used [0x00000000d6180000,0x00000000d6180000,0x00000000dab00000)
  from space 512K, 45% used [0x00000000f4100000,0x00000000f413acf8,0x00000000f4180000)
  to   space 1024K, 0% used [0x00000000f3f80000,0x00000000f3f80000,0x00000000f4080000)
 ParOldGen       total 71168K, used 29432K [0x0000000082400000, 0x0000000086980000, 0x00000000d6180000)
  object space 71168K, 41% used [0x0000000082400000,0x00000000840be098,0x0000000086980000)
 Metaspace       used 20969K, capacity 21602K, committed 21760K, reserved 1069056K
  class space    used 2624K, capacity 2789K, committed 2816K, reserved 1048576K
}
Event: 105.372 GC heap before
{Heap before GC invocations=83 (full 2):
 PSYoungGen      total 75776K, used 71008K [0x00000000d6180000, 0x00000000f4180000, 0x0000000100000000)
  eden space 75264K, 94% used [0x00000000d6180000,0x00000000da69d628,0x00000000dab00000)
  from space 512K, 45% used [0x00000000f4100000,0x00000000f413acf8,0x00000000f4180000)
  to   space 1024K, 0% used [0x00000000f3f80000,0x00000000f3f80000,0x00000000f4080000)
 ParOldGen       total 71168K, used 29432K [0x0000000082400000, 0x0000000086980000, 0x00000000d6180000)
  object space 71168K, 41% used [0x0000000082400000,0x00000000840be098,0x0000000086980000)
 Metaspace       used 20969K, capacity 21602K, committed 21760K, reserved 1069056K
  class space    used 2624K, capacity 2789K, committed 2816K, reserved 1048576K
Event: 105.373 GC heap after
Heap after GC invocations=83 (full 2):
 PSYoungGen      total 74240K, used 310K [0x00000000d6180000, 0x00000000f4180000, 0x0000000100000000)
  eden space 73216K, 0% used [0x00000000d6180000,0x00000000d6180000,0x00000000da900000)
  from space 1024K, 30% used [0x00000000f3f80000,0x00000000f3fcd9f0,0x00000000f4080000)
  to   space 1024K, 0% used [0x00000000f4080000,0x00000000f4080000,0x00000000f4180000)
 ParOldGen       total 71168K, used 29432K [0x0000000082400000, 0x0000000086980000, 0x00000000d6180000)
  object space 71168K, 41% used [0x0000000082400000,0x00000000840be098,0x0000000086980000)
 Metaspace       used 20969K, capacity 21602K, committed 21760K, reserved 1069056K
  class space    used 2624K, capacity 2789K, committed 2816K, reserved 1048576K
}

