# JRE version: Java(TM) SE Runtime Environment (8.0_91-b15) (build 1.8.0_91-b15)
# Java VM: Java HotSpot(TM) 64-Bit Server VM (25.91-b15 mixed mode windows-amd64 compressed oops)
Heap:
 PSYoungGen      total 61440K, used 51920K [0x00000000d6180000, 0x00000000dd680000, 0x0000000100000000)
  eden space 58368K, 84% used [0x00000000d6180000,0x00000000d91a70b8,0x00000000d9a80000)
  from space 3072K, 85% used [0x00000000dcc80000,0x00000000dcf0d020,0x00000000dcf80000)
  to   space 5632K, 0% used [0x00000000dd100000,0x00000000dd100000,0x00000000dd680000)
 ParOldGen       total 86016K, used 20431K [0x0000000082400000, 0x0000000087800000, 0x00000000d6180000)
  object space 86016K, 23% used [0x0000000082400000,0x00000000837f3d68,0x0000000087800000)
 Metaspace       used 19810K, capacity 20406K, committed 20608K, reserved 1067008K
  class space    used 2414K, capacity 2587K, committed 2688K, reserved 1048576K
GC Heap History (10 events):
Event: 19.261 GC heap before
{Heap before GC invocations=29 (full 0):
 PSYoungGen      total 68096K, used 67715K [0x00000000d6180000, 0x00000000de180000, 0x0000000100000000)
  eden space 67584K, 99% used [0x00000000d6180000,0x00000000da368ce0,0x00000000da380000)
  from space 512K, 43% used [0x00000000de100000,0x00000000de138010,0x00000000de180000)
  to   space 6656K, 0% used [0x00000000dd480000,0x00000000dd480000,0x00000000ddb00000)
 ParOldGen       total 86016K, used 20321K [0x0000000082400000, 0x0000000087800000, 0x00000000d6180000)
  object space 86016K, 23% used [0x0000000082400000,0x00000000837d8558,0x0000000087800000)
 Metaspace       used 19791K, capacity 20406K, committed 20608K, reserved 1067008K
  class space    used 2414K, capacity 2587K, committed 2688K, reserved 1048576K
Event: 19.262 GC heap after
Heap after GC invocations=29 (full 0):
 PSYoungGen      total 72192K, used 160K [0x00000000d6180000, 0x00000000de180000, 0x0000000100000000)
  eden space 65536K, 0% used [0x00000000d6180000,0x00000000d6180000,0x00000000da180000)
  from space 6656K, 2% used [0x00000000dd480000,0x00000000dd4a8000,0x00000000ddb00000)
  to   space 6656K, 0% used [0x00000000ddb00000,0x00000000ddb00000,0x00000000de180000)
 ParOldGen       total 86016K, used 20337K [0x0000000082400000, 0x0000000087800000, 0x00000000d6180000)
  object space 86016K, 23% used [0x0000000082400000,0x00000000837dc558,0x0000000087800000)
 Metaspace       used 19791K, capacity 20406K, committed 20608K, reserved 1067008K
  class space    used 2414K, capacity 2587K, committed 2688K, reserved 1048576K
}
Event: 19.863 GC heap before
{Heap before GC invocations=30 (full 0):
 PSYoungGen      total 72192K, used 64556K [0x00000000d6180000, 0x00000000de180000, 0x0000000100000000)
  eden space 65536K, 98% used [0x00000000d6180000,0x00000000da063288,0x00000000da180000)
  from space 6656K, 2% used [0x00000000dd480000,0x00000000dd4a8000,0x00000000ddb00000)
  to   space 6656K, 0% used [0x00000000ddb00000,0x00000000ddb00000,0x00000000de180000)
 ParOldGen       total 86016K, used 20337K [0x0000000082400000, 0x0000000087800000, 0x00000000d6180000)
  object space 86016K, 23% used [0x0000000082400000,0x00000000837dc558,0x0000000087800000)
 Metaspace       used 19791K, capacity 20406K, committed 20608K, reserved 1067008K
  class space    used 2414K, capacity 2587K, committed 2688K, reserved 1048576K
Event: 19.865 GC heap after
Heap after GC invocations=30 (full 0):
 PSYoungGen      total 64000K, used 160K [0x00000000d6180000, 0x00000000ddb80000, 0x0000000100000000)
  eden space 63488K, 0% used [0x00000000d6180000,0x00000000d6180000,0x00000000d9f80000)
  from space 512K, 31% used [0x00000000ddb00000,0x00000000ddb28000,0x00000000ddb80000)
  to   space 6144K, 0% used [0x00000000dcf80000,0x00000000dcf80000,0x00000000dd580000)
 ParOldGen       total 86016K, used 20361K [0x0000000082400000, 0x0000000087800000, 0x00000000d6180000)
  object space 86016K, 23% used [0x0000000082400000,0x00000000837e2558,0x0000000087800000)
 Metaspace       used 19791K, capacity 20406K, committed 20608K, reserved 1067008K
  class space    used 2414K, capacity 2587K, committed 2688K, reserved 1048576K
}
Event: 20.418 GC heap before
{Heap before GC invocations=31 (full 0):
 PSYoungGen      total 64000K, used 63648K [0x00000000d6180000, 0x00000000ddb80000, 0x0000000100000000)
  eden space 63488K, 100% used [0x00000000d6180000,0x00000000d9f80000,0x00000000d9f80000)
  from space 512K, 31% used [0x00000000ddb00000,0x00000000ddb28000,0x00000000ddb80000)
  to   space 6144K, 0% used [0x00000000dcf80000,0x00000000dcf80000,0x00000000dd580000)
 ParOldGen       total 86016K, used 20361K [0x0000000082400000, 0x0000000087800000, 0x00000000d6180000)
  object space 86016K, 23% used [0x0000000082400000,0x00000000837e2558,0x0000000087800000)
 Metaspace       used 19798K, capacity 20406K, committed 20608K, reserved 1067008K
  class space    used 2414K, capacity 2587K, committed 2688K, reserved 1048576K
Event: 20.419 GC heap after
Heap after GC invocations=31 (full 0):
 PSYoungGen      total 67584K, used 160K [0x00000000d6180000, 0x00000000ddb80000, 0x0000000100000000)
  eden space 61440K, 0% used [0x00000000d6180000,0x00000000d6180000,0x00000000d9d80000)
  from space 6144K, 2% used [0x00000000dcf80000,0x00000000dcfa8000,0x00000000dd580000)
  to   space 5632K, 0% used [0x00000000dd600000,0x00000000dd600000,0x00000000ddb80000)
 ParOldGen       total 86016K, used 20385K [0x0000000082400000, 0x0000000087800000, 0x00000000d6180000)
  object space 86016K, 23% used [0x0000000082400000,0x00000000837e8558,0x0000000087800000)
 Metaspace       used 19798K, capacity 20406K, committed 20608K, reserved 1067008K
  class space    used 2414K, capacity 2587K, committed 2688K, reserved 1048576K
}
Event: 20.978 GC heap before
{Heap before GC invocations=32 (full 0):
 PSYoungGen      total 67584K, used 59614K [0x00000000d6180000, 0x00000000ddb80000, 0x0000000100000000)
  eden space 61440K, 96% used [0x00000000d6180000,0x00000000d9b8fa30,0x00000000d9d80000)
  from space 6144K, 2% used [0x00000000dcf80000,0x00000000dcfa8000,0x00000000dd580000)
  to   space 5632K, 0% used [0x00000000dd600000,0x00000000dd600000,0x00000000ddb80000)
 ParOldGen       total 86016K, used 20385K [0x0000000082400000, 0x0000000087800000, 0x00000000d6180000)
  object space 86016K, 23% used [0x0000000082400000,0x00000000837e8558,0x0000000087800000)
 Metaspace       used 19810K, capacity 20406K, committed 20608K, reserved 1067008K
  class space    used 2414K, capacity 2587K, committed 2688K, reserved 1048576K
Event: 20.980 GC heap after
Heap after GC invocations=32 (full 0):
 PSYoungGen      total 60416K, used 160K [0x00000000d6180000, 0x00000000dd680000, 0x0000000100000000)
  eden space 59904K, 0% used [0x00000000d6180000,0x00000000d6180000,0x00000000d9c00000)
  from space 512K, 31% used [0x00000000dd600000,0x00000000dd628000,0x00000000dd680000)
  to   space 5120K, 0% used [0x00000000dcc80000,0x00000000dcc80000,0x00000000dd180000)
 ParOldGen       total 86016K, used 20409K [0x0000000082400000, 0x0000000087800000, 0x00000000d6180000)
  object space 86016K, 23% used [0x0000000082400000,0x00000000837ee558,0x0000000087800000)
 Metaspace       used 19810K, capacity 20406K, committed 20608K, reserved 1067008K
  class space    used 2414K, capacity 2587K, committed 2688K, reserved 1048576K
}
Event: 21.515 GC heap before
{Heap before GC invocations=33 (full 0):
 PSYoungGen      total 60416K, used 60064K [0x00000000d6180000, 0x00000000dd680000, 0x0000000100000000)
  eden space 59904K, 100% used [0x00000000d6180000,0x00000000d9c00000,0x00000000d9c00000)
  from space 512K, 31% used [0x00000000dd600000,0x00000000dd628000,0x00000000dd680000)
  to   space 5120K, 0% used [0x00000000dcc80000,0x00000000dcc80000,0x00000000dd180000)
 ParOldGen       total 86016K, used 20409K [0x0000000082400000, 0x0000000087800000, 0x00000000d6180000)
  object space 86016K, 23% used [0x0000000082400000,0x00000000837ee558,0x0000000087800000)
 Metaspace       used 19810K, capacity 20406K, committed 20608K, reserved 1067008K
  class space    used 2414K, capacity 2587K, committed 2688K, reserved 1048576K
Event: 21.517 GC heap after
Heap after GC invocations=33 (full 0):
 PSYoungGen      total 61440K, used 2612K [0x00000000d6180000, 0x00000000dd680000, 0x0000000100000000)
  eden space 58368K, 0% used [0x00000000d6180000,0x00000000d6180000,0x00000000d9a80000)
  from space 3072K, 85% used [0x00000000dcc80000,0x00000000dcf0d020,0x00000000dcf80000)
  to   space 5632K, 0% used [0x00000000dd100000,0x00000000dd100000,0x00000000dd680000)
 ParOldGen       total 86016K, used 20431K [0x0000000082400000, 0x0000000087800000, 0x00000000d6180000)
  object space 86016K, 23% used [0x0000000082400000,0x00000000837f3d68,0x0000000087800000)
 Metaspace       used 19810K, capacity 20406K, committed 20608K, reserved 1067008K
  class space    used 2414K, capacity 2587K, committed 2688K, reserved 1048576K
}

