# JRE version: Java(TM) SE Runtime Environment (8.0_91-b14) (build 1.8.0_91-b14)
# Java VM: Java HotSpot(TM) 64-Bit Server VM (25.91-b14 mixed mode windows-amd64 compressed oops)
Heap:
 PSYoungGen      total 79360K, used 49545K [0x00000000d5b80000, 0x00000000e3c00000, 0x0000000100000000)
  eden space 73728K, 66% used [0x00000000d5b80000,0x00000000d8b9a660,0x00000000da380000)
  from space 5632K, 5% used [0x00000000e3100000,0x00000000e3148000,0x00000000e3680000)
  to   space 5632K, 0% used [0x00000000e3680000,0x00000000e3680000,0x00000000e3c00000)
 ParOldGen       total 87552K, used 79784K [0x0000000081200000, 0x0000000086780000, 0x00000000d5b80000)
  object space 87552K, 91% used [0x0000000081200000,0x0000000085fea008,0x0000000086780000)
 Metaspace       used 19807K, capacity 20502K, committed 20608K, reserved 1067008K
  class space    used 2462K, capacity 2649K, committed 2688K, reserved 1048576K
GC Heap History (10 events):
Event: 42.362 GC heap before
{Heap before GC invocations=49 (full 0):
 PSYoungGen      total 87552K, used 87328K [0x00000000d5b80000, 0x00000000e4500000, 0x0000000100000000)
  eden space 87040K, 100% used [0x00000000d5b80000,0x00000000db080000,0x00000000db080000)
  from space 512K, 56% used [0x00000000e4480000,0x00000000e44c8000,0x00000000e4500000)
  to   space 4096K, 0% used [0x00000000e3d00000,0x00000000e3d00000,0x00000000e4100000)
 ParOldGen       total 87552K, used 56124K [0x0000000081200000, 0x0000000086780000, 0x00000000d5b80000)
  object space 87552K, 64% used [0x0000000081200000,0x00000000848cf358,0x0000000086780000)
 Metaspace       used 19807K, capacity 20502K, committed 20608K, reserved 1067008K
  class space    used 2462K, capacity 2649K, committed 2688K, reserved 1048576K
Event: 42.364 GC heap after
Heap after GC invocations=49 (full 0):
 PSYoungGen      total 88064K, used 4080K [0x00000000d5b80000, 0x00000000e4500000, 0x0000000100000000)
  eden space 83968K, 0% used [0x00000000d5b80000,0x00000000d5b80000,0x00000000dad80000)
  from space 4096K, 99% used [0x00000000e3d00000,0x00000000e40fc130,0x00000000e4100000)
  to   space 4096K, 0% used [0x00000000e4100000,0x00000000e4100000,0x00000000e4500000)
 ParOldGen       total 87552K, used 60069K [0x0000000081200000, 0x0000000086780000, 0x00000000d5b80000)
  object space 87552K, 68% used [0x0000000081200000,0x0000000084ca9488,0x0000000086780000)
 Metaspace       used 19807K, capacity 20502K, committed 20608K, reserved 1067008K
  class space    used 2462K, capacity 2649K, committed 2688K, reserved 1048576K
}
Event: 42.839 GC heap before
{Heap before GC invocations=50 (full 0):
 PSYoungGen      total 88064K, used 88048K [0x00000000d5b80000, 0x00000000e4500000, 0x0000000100000000)
  eden space 83968K, 100% used [0x00000000d5b80000,0x00000000dad80000,0x00000000dad80000)
  from space 4096K, 99% used [0x00000000e3d00000,0x00000000e40fc130,0x00000000e4100000)
  to   space 4096K, 0% used [0x00000000e4100000,0x00000000e4100000,0x00000000e4500000)
 ParOldGen       total 87552K, used 75625K [0x0000000081200000, 0x0000000086780000, 0x00000000d5b80000)
  object space 87552K, 86% used [0x0000000081200000,0x0000000085bda460,0x0000000086780000)
 Metaspace       used 19807K, capacity 20502K, committed 20608K, reserved 1067008K
  class space    used 2462K, capacity 2649K, committed 2688K, reserved 1048576K
Event: 42.843 GC heap after
Heap after GC invocations=50 (full 0):
 PSYoungGen      total 81920K, used 256K [0x00000000d5b80000, 0x00000000e4180000, 0x0000000100000000)
  eden space 81408K, 0% used [0x00000000d5b80000,0x00000000d5b80000,0x00000000dab00000)
  from space 512K, 50% used [0x00000000e4100000,0x00000000e4140000,0x00000000e4180000)
  to   space 6144K, 0% used [0x00000000e3580000,0x00000000e3580000,0x00000000e3b80000)
 ParOldGen       total 87552K, used 79569K [0x0000000081200000, 0x0000000086780000, 0x00000000d5b80000)
  object space 87552K, 90% used [0x0000000081200000,0x0000000085fb4590,0x0000000086780000)
 Metaspace       used 19807K, capacity 20502K, committed 20608K, reserved 1067008K
  class space    used 2462K, capacity 2649K, committed 2688K, reserved 1048576K
}
Event: 43.237 GC heap before
{Heap before GC invocations=51 (full 0):
 PSYoungGen      total 81920K, used 81405K [0x00000000d5b80000, 0x00000000e4180000, 0x0000000100000000)
  eden space 81408K, 99% used [0x00000000d5b80000,0x00000000daabf7e8,0x00000000dab00000)
  from space 512K, 50% used [0x00000000e4100000,0x00000000e4140000,0x00000000e4180000)
  to   space 6144K, 0% used [0x00000000e3580000,0x00000000e3580000,0x00000000e3b80000)
 ParOldGen       total 87552K, used 79569K [0x0000000081200000, 0x0000000086780000, 0x00000000d5b80000)
  object space 87552K, 90% used [0x0000000081200000,0x0000000085fb4590,0x0000000086780000)
 Metaspace       used 19807K, capacity 20502K, committed 20608K, reserved 1067008K
  class space    used 2462K, capacity 2649K, committed 2688K, reserved 1048576K
Event: 43.237 GC heap after
Heap after GC invocations=51 (full 0):
 PSYoungGen      total 84992K, used 256K [0x00000000d5b80000, 0x00000000e4180000, 0x0000000100000000)
  eden space 78848K, 0% used [0x00000000d5b80000,0x00000000d5b80000,0x00000000da880000)
  from space 6144K, 4% used [0x00000000e3580000,0x00000000e35c0000,0x00000000e3b80000)
  to   space 6144K, 0% used [0x00000000e3b80000,0x00000000e3b80000,0x00000000e4180000)
 ParOldGen       total 87552K, used 79664K [0x0000000081200000, 0x0000000086780000, 0x00000000d5b80000)
  object space 87552K, 90% used [0x0000000081200000,0x0000000085fcc008,0x0000000086780000)
 Metaspace       used 19807K, capacity 20502K, committed 20608K, reserved 1067008K
  class space    used 2462K, capacity 2649K, committed 2688K, reserved 1048576K
}
Event: 43.594 GC heap before
{Heap before GC invocations=52 (full 0):
 PSYoungGen      total 84992K, used 75808K [0x00000000d5b80000, 0x00000000e4180000, 0x0000000100000000)
  eden space 78848K, 95% used [0x00000000d5b80000,0x00000000da548198,0x00000000da880000)
  from space 6144K, 4% used [0x00000000e3580000,0x00000000e35c0000,0x00000000e3b80000)
  to   space 6144K, 0% used [0x00000000e3b80000,0x00000000e3b80000,0x00000000e4180000)
 ParOldGen       total 87552K, used 79664K [0x0000000081200000, 0x0000000086780000, 0x00000000d5b80000)
  object space 87552K, 90% used [0x0000000081200000,0x0000000085fcc008,0x0000000086780000)
 Metaspace       used 19807K, capacity 20502K, committed 20608K, reserved 1067008K
  class space    used 2462K, capacity 2649K, committed 2688K, reserved 1048576K
Event: 43.596 GC heap after
Heap after GC invocations=52 (full 0):
 PSYoungGen      total 76800K, used 288K [0x00000000d5b80000, 0x00000000e3c00000, 0x0000000100000000)
  eden space 76288K, 0% used [0x00000000d5b80000,0x00000000d5b80000,0x00000000da600000)
  from space 512K, 56% used [0x00000000e3b80000,0x00000000e3bc8000,0x00000000e3c00000)
  to   space 5632K, 0% used [0x00000000e3100000,0x00000000e3100000,0x00000000e3680000)
 ParOldGen       total 87552K, used 79720K [0x0000000081200000, 0x0000000086780000, 0x00000000d5b80000)
  object space 87552K, 91% used [0x0000000081200000,0x0000000085fda008,0x0000000086780000)
 Metaspace       used 19807K, capacity 20502K, committed 20608K, reserved 1067008K
  class space    used 2462K, capacity 2649K, committed 2688K, reserved 1048576K
}
Event: 43.937 GC heap before
{Heap before GC invocations=53 (full 0):
 PSYoungGen      total 76800K, used 73224K [0x00000000d5b80000, 0x00000000e3c00000, 0x0000000100000000)
  eden space 76288K, 95% used [0x00000000d5b80000,0x00000000da2ba298,0x00000000da600000)
  from space 512K, 56% used [0x00000000e3b80000,0x00000000e3bc8000,0x00000000e3c00000)
  to   space 5632K, 0% used [0x00000000e3100000,0x00000000e3100000,0x00000000e3680000)
 ParOldGen       total 87552K, used 79720K [0x0000000081200000, 0x0000000086780000, 0x00000000d5b80000)
  object space 87552K, 91% used [0x0000000081200000,0x0000000085fda008,0x0000000086780000)
 Metaspace       used 19807K, capacity 20502K, committed 20608K, reserved 1067008K
  class space    used 2462K, capacity 2649K, committed 2688K, reserved 1048576K
Event: 43.938 GC heap after
Heap after GC invocations=53 (full 0):
 PSYoungGen      total 79360K, used 288K [0x00000000d5b80000, 0x00000000e3c00000, 0x0000000100000000)
  eden space 73728K, 0% used [0x00000000d5b80000,0x00000000d5b80000,0x00000000da380000)
  from space 5632K, 5% used [0x00000000e3100000,0x00000000e3148000,0x00000000e3680000)
  to   space 5632K, 0% used [0x00000000e3680000,0x00000000e3680000,0x00000000e3c00000)
 ParOldGen       total 87552K, used 79784K [0x0000000081200000, 0x0000000086780000, 0x00000000d5b80000)
  object space 87552K, 91% used [0x0000000081200000,0x0000000085fea008,0x0000000086780000)
 Metaspace       used 19807K, capacity 20502K, committed 20608K, reserved 1067008K
  class space    used 2462K, capacity 2649K, committed 2688K, reserved 1048576K
}

