# JRE version: Java(TM) SE Runtime Environment (8.0_91-b14) (build 1.8.0_91-b14)
# Java VM: Java HotSpot(TM) 64-Bit Server VM (25.91-b14 mixed mode windows-amd64 compressed oops)
Heap:
 PSYoungGen      total 187904K, used 108308K [0x00000000d5b80000, 0x00000000e3980000, 0x0000000100000000)
  eden space 187392K, 57% used [0x00000000d5b80000,0x00000000dc4fd2d8,0x00000000e1280000)
  from space 512K, 56% used [0x00000000e3900000,0x00000000e3948000,0x00000000e3980000)
  to   space 13312K, 0% used [0x00000000e1f80000,0x00000000e1f80000,0x00000000e2c80000)
 ParOldGen       total 87552K, used 28043K [0x0000000081200000, 0x0000000086780000, 0x00000000d5b80000)
  object space 87552K, 32% used [0x0000000081200000,0x0000000082d62f80,0x0000000086780000)
 Metaspace       used 19125K, capacity 19756K, committed 20096K, reserved 1067008K
  class space    used 2409K, capacity 2588K, committed 2688K, reserved 1048576K
GC Heap History (10 events):
Event: 6.700 GC heap before
{Heap before GC invocations=12 (full 0):
 PSYoungGen      total 232960K, used 232736K [0x00000000d5b80000, 0x00000000e6200000, 0x0000000100000000)
  eden space 232448K, 100% used [0x00000000d5b80000,0x00000000e3e80000,0x00000000e3e80000)
  from space 512K, 56% used [0x00000000e4880000,0x00000000e48c8000,0x00000000e4900000)
  to   space 14848K, 0% used [0x00000000e5380000,0x00000000e5380000,0x00000000e6200000)
 ParOldGen       total 87552K, used 27733K [0x0000000081200000, 0x0000000086780000, 0x00000000d5b80000)
  object space 87552K, 31% used [0x0000000081200000,0x0000000082d156b0,0x0000000086780000)
 Metaspace       used 18824K, capacity 19436K, committed 19584K, reserved 1067008K
  class space    used 2409K, capacity 2588K, committed 2688K, reserved 1048576K
Event: 6.701 GC heap after
Heap after GC invocations=12 (full 0):
 PSYoungGen      total 223232K, used 288K [0x00000000d5b80000, 0x00000000e5400000, 0x0000000100000000)
  eden space 222720K, 0% used [0x00000000d5b80000,0x00000000d5b80000,0x00000000e3500000)
  from space 512K, 56% used [0x00000000e5380000,0x00000000e53c8000,0x00000000e5400000)
  to   space 14848K, 0% used [0x00000000e3700000,0x00000000e3700000,0x00000000e4580000)
 ParOldGen       total 87552K, used 27813K [0x0000000081200000, 0x0000000086780000, 0x00000000d5b80000)
  object space 87552K, 31% used [0x0000000081200000,0x0000000082d296e0,0x0000000086780000)
 Metaspace       used 18824K, capacity 19436K, committed 19584K, reserved 1067008K
  class space    used 2409K, capacity 2588K, committed 2688K, reserved 1048576K
}
Event: 7.808 GC heap before
{Heap before GC invocations=13 (full 0):
 PSYoungGen      total 223232K, used 222604K [0x00000000d5b80000, 0x00000000e5400000, 0x0000000100000000)
  eden space 222720K, 99% used [0x00000000d5b80000,0x00000000e349b258,0x00000000e3500000)
  from space 512K, 56% used [0x00000000e5380000,0x00000000e53c8000,0x00000000e5400000)
  to   space 14848K, 0% used [0x00000000e3700000,0x00000000e3700000,0x00000000e4580000)
 ParOldGen       total 87552K, used 27813K [0x0000000081200000, 0x0000000086780000, 0x00000000d5b80000)
  object space 87552K, 31% used [0x0000000081200000,0x0000000082d296e0,0x0000000086780000)
 Metaspace       used 18840K, capacity 19436K, committed 19584K, reserved 1067008K
  class space    used 2409K, capacity 2588K, committed 2688K, reserved 1048576K
Event: 7.809 GC heap after
Heap after GC invocations=13 (full 0):
 PSYoungGen      total 228352K, used 288K [0x00000000d5b80000, 0x00000000e5400000, 0x0000000100000000)
  eden space 213504K, 0% used [0x00000000d5b80000,0x00000000d5b80000,0x00000000e2c00000)
  from space 14848K, 1% used [0x00000000e3700000,0x00000000e3748000,0x00000000e4580000)
  to   space 14336K, 0% used [0x00000000e4600000,0x00000000e4600000,0x00000000e5400000)
 ParOldGen       total 87552K, used 27869K [0x0000000081200000, 0x0000000086780000, 0x00000000d5b80000)
  object space 87552K, 31% used [0x0000000081200000,0x0000000082d376e0,0x0000000086780000)
 Metaspace       used 18840K, capacity 19436K, committed 19584K, reserved 1067008K
  class space    used 2409K, capacity 2588K, committed 2688K, reserved 1048576K
}
Event: 8.900 GC heap before
{Heap before GC invocations=14 (full 0):
 PSYoungGen      total 228352K, used 212950K [0x00000000d5b80000, 0x00000000e5400000, 0x0000000100000000)
  eden space 213504K, 99% used [0x00000000d5b80000,0x00000000e2b2db28,0x00000000e2c00000)
  from space 14848K, 1% used [0x00000000e3700000,0x00000000e3748000,0x00000000e4580000)
  to   space 14336K, 0% used [0x00000000e4600000,0x00000000e4600000,0x00000000e5400000)
 ParOldGen       total 87552K, used 27869K [0x0000000081200000, 0x0000000086780000, 0x00000000d5b80000)
  object space 87552K, 31% used [0x0000000081200000,0x0000000082d376e0,0x0000000086780000)
 Metaspace       used 18953K, capacity 19564K, committed 19840K, reserved 1067008K
  class space    used 2409K, capacity 2588K, committed 2688K, reserved 1048576K
Event: 8.902 GC heap after
Heap after GC invocations=14 (full 0):
 PSYoungGen      total 204800K, used 288K [0x00000000d5b80000, 0x00000000e4680000, 0x0000000100000000)
  eden space 204288K, 0% used [0x00000000d5b80000,0x00000000d5b80000,0x00000000e2300000)
  from space 512K, 56% used [0x00000000e4600000,0x00000000e4648000,0x00000000e4680000)
  to   space 14336K, 0% used [0x00000000e2a80000,0x00000000e2a80000,0x00000000e3880000)
 ParOldGen       total 87552K, used 27931K [0x0000000081200000, 0x0000000086780000, 0x00000000d5b80000)
  object space 87552K, 31% used [0x0000000081200000,0x0000000082d46f80,0x0000000086780000)
 Metaspace       used 18953K, capacity 19564K, committed 19840K, reserved 1067008K
  class space    used 2409K, capacity 2588K, committed 2688K, reserved 1048576K
}
Event: 9.926 GC heap before
{Heap before GC invocations=15 (full 0):
 PSYoungGen      total 204800K, used 203682K [0x00000000d5b80000, 0x00000000e4680000, 0x0000000100000000)
  eden space 204288K, 99% used [0x00000000d5b80000,0x00000000e2220a60,0x00000000e2300000)
  from space 512K, 56% used [0x00000000e4600000,0x00000000e4648000,0x00000000e4680000)
  to   space 14336K, 0% used [0x00000000e2a80000,0x00000000e2a80000,0x00000000e3880000)
 ParOldGen       total 87552K, used 27931K [0x0000000081200000, 0x0000000086780000, 0x00000000d5b80000)
  object space 87552K, 31% used [0x0000000081200000,0x0000000082d46f80,0x0000000086780000)
 Metaspace       used 18985K, capacity 19564K, committed 19840K, reserved 1067008K
  class space    used 2409K, capacity 2588K, committed 2688K, reserved 1048576K
Event: 9.927 GC heap after
Heap after GC invocations=15 (full 0):
 PSYoungGen      total 209920K, used 288K [0x00000000d5b80000, 0x00000000e4680000, 0x0000000100000000)
  eden space 195584K, 0% used [0x00000000d5b80000,0x00000000d5b80000,0x00000000e1a80000)
  from space 14336K, 2% used [0x00000000e2a80000,0x00000000e2ac8000,0x00000000e3880000)
  to   space 13824K, 0% used [0x00000000e3900000,0x00000000e3900000,0x00000000e4680000)
 ParOldGen       total 87552K, used 27987K [0x0000000081200000, 0x0000000086780000, 0x00000000d5b80000)
  object space 87552K, 31% used [0x0000000081200000,0x0000000082d54f80,0x0000000086780000)
 Metaspace       used 18985K, capacity 19564K, committed 19840K, reserved 1067008K
  class space    used 2409K, capacity 2588K, committed 2688K, reserved 1048576K
}
Event: 10.934 GC heap before
{Heap before GC invocations=16 (full 0):
 PSYoungGen      total 209920K, used 195019K [0x00000000d5b80000, 0x00000000e4680000, 0x0000000100000000)
  eden space 195584K, 99% used [0x00000000d5b80000,0x00000000e19aade8,0x00000000e1a80000)
  from space 14336K, 2% used [0x00000000e2a80000,0x00000000e2ac8000,0x00000000e3880000)
  to   space 13824K, 0% used [0x00000000e3900000,0x00000000e3900000,0x00000000e4680000)
 ParOldGen       total 87552K, used 27987K [0x0000000081200000, 0x0000000086780000, 0x00000000d5b80000)
  object space 87552K, 31% used [0x0000000081200000,0x0000000082d54f80,0x0000000086780000)
 Metaspace       used 19120K, capacity 19756K, committed 20096K, reserved 1067008K
  class space    used 2409K, capacity 2588K, committed 2688K, reserved 1048576K
Event: 10.936 GC heap after
Heap after GC invocations=16 (full 0):
 PSYoungGen      total 187904K, used 288K [0x00000000d5b80000, 0x00000000e3980000, 0x0000000100000000)
  eden space 187392K, 0% used [0x00000000d5b80000,0x00000000d5b80000,0x00000000e1280000)
  from space 512K, 56% used [0x00000000e3900000,0x00000000e3948000,0x00000000e3980000)
  to   space 13312K, 0% used [0x00000000e1f80000,0x00000000e1f80000,0x00000000e2c80000)
 ParOldGen       total 87552K, used 28043K [0x0000000081200000, 0x0000000086780000, 0x00000000d5b80000)
  object space 87552K, 32% used [0x0000000081200000,0x0000000082d62f80,0x0000000086780000)
 Metaspace       used 19120K, capacity 19756K, committed 20096K, reserved 1067008K
  class space    used 2409K, capacity 2588K, committed 2688K, reserved 1048576K
}

