# JRE version: Java(TM) SE Runtime Environment (8.0_91-b15) (build 1.8.0_91-b15)
# Java VM: Java HotSpot(TM) 64-Bit Server VM (25.91-b15 mixed mode windows-amd64 compressed oops)
Heap:
 PSYoungGen      total 290304K, used 205654K [0x00000000d6180000, 0x00000000ebf00000, 0x0000000100000000)
  eden space 289792K, 70% used [0x00000000d6180000,0x00000000e2a158b8,0x00000000e7c80000)
  from space 512K, 50% used [0x00000000ebe80000,0x00000000ebec0010,0x00000000ebf00000)
  to   space 21504K, 0% used [0x00000000e9500000,0x00000000e9500000,0x00000000eaa00000)
 ParOldGen       total 86016K, used 42664K [0x0000000082400000, 0x0000000087800000, 0x00000000d6180000)
  object space 86016K, 49% used [0x0000000082400000,0x0000000084daa0d8,0x0000000087800000)
 Metaspace       used 20963K, capacity 21632K, committed 21884K, reserved 1069056K
  class space    used 2629K, capacity 2794K, committed 2816K, reserved 1048576K
GC Heap History (10 events):
Event: 15.569 GC heap before
{Heap before GC invocations=14 (full 0):
 PSYoungGen      total 375296K, used 372969K [0x00000000d6180000, 0x00000000f0200000, 0x0000000100000000)
  eden space 364544K, 99% used [0x00000000d6180000,0x00000000ec3725f0,0x00000000ec580000)
  from space 10752K, 97% used [0x00000000ed680000,0x00000000ee0c8020,0x00000000ee100000)
  to   space 24576K, 0% used [0x00000000eea00000,0x00000000eea00000,0x00000000f0200000)
 ParOldGen       total 86016K, used 42475K [0x0000000082400000, 0x0000000087800000, 0x00000000d6180000)
  object space 86016K, 49% used [0x0000000082400000,0x0000000084d7ae48,0x0000000087800000)
 Metaspace       used 20652K, capacity 21312K, committed 21504K, reserved 1069056K
  class space    used 2627K, capacity 2794K, committed 2816K, reserved 1048576K
Event: 15.570 GC heap after
Heap after GC invocations=14 (full 0):
 PSYoungGen      total 348672K, used 160K [0x00000000d6180000, 0x00000000eea80000, 0x0000000100000000)
  eden space 348160K, 0% used [0x00000000d6180000,0x00000000d6180000,0x00000000eb580000)
  from space 512K, 31% used [0x00000000eea00000,0x00000000eea28000,0x00000000eea80000)
  to   space 23552K, 0% used [0x00000000ebc80000,0x00000000ebc80000,0x00000000ed380000)
 ParOldGen       total 86016K, used 42507K [0x0000000082400000, 0x0000000087800000, 0x00000000d6180000)
  object space 86016K, 49% used [0x0000000082400000,0x0000000084d82e48,0x0000000087800000)
 Metaspace       used 20652K, capacity 21312K, committed 21504K, reserved 1069056K
  class space    used 2627K, capacity 2794K, committed 2816K, reserved 1048576K
}
Event: 19.330 GC heap before
{Heap before GC invocations=15 (full 0):
 PSYoungGen      total 348672K, used 344379K [0x00000000d6180000, 0x00000000eea80000, 0x0000000100000000)
  eden space 348160K, 98% used [0x00000000d6180000,0x00000000eb1a6fe8,0x00000000eb580000)
  from space 512K, 31% used [0x00000000eea00000,0x00000000eea28000,0x00000000eea80000)
  to   space 23552K, 0% used [0x00000000ebc80000,0x00000000ebc80000,0x00000000ed380000)
 ParOldGen       total 86016K, used 42507K [0x0000000082400000, 0x0000000087800000, 0x00000000d6180000)
  object space 86016K, 49% used [0x0000000082400000,0x0000000084d82e48,0x0000000087800000)
 Metaspace       used 20789K, capacity 21440K, committed 21504K, reserved 1069056K
  class space    used 2627K, capacity 2794K, committed 2816K, reserved 1048576K
Event: 19.331 GC heap after
Heap after GC invocations=15 (full 0):
 PSYoungGen      total 355840K, used 192K [0x00000000d6180000, 0x00000000eea80000, 0x0000000100000000)
  eden space 332288K, 0% used [0x00000000d6180000,0x00000000d6180000,0x00000000ea600000)
  from space 23552K, 0% used [0x00000000ebc80000,0x00000000ebcb0000,0x00000000ed380000)
  to   space 23040K, 0% used [0x00000000ed400000,0x00000000ed400000,0x00000000eea80000)
 ParOldGen       total 86016K, used 42547K [0x0000000082400000, 0x0000000087800000, 0x00000000d6180000)
  object space 86016K, 49% used [0x0000000082400000,0x0000000084d8ce48,0x0000000087800000)
 Metaspace       used 20789K, capacity 21440K, committed 21504K, reserved 1069056K
  class space    used 2627K, capacity 2794K, committed 2816K, reserved 1048576K
}
Event: 22.058 GC heap before
{Heap before GC invocations=16 (full 0):
 PSYoungGen      total 355840K, used 198791K [0x00000000d6180000, 0x00000000eea80000, 0x0000000100000000)
  eden space 332288K, 59% used [0x00000000d6180000,0x00000000e2371e70,0x00000000ea600000)
  from space 23552K, 0% used [0x00000000ebc80000,0x00000000ebcb0000,0x00000000ed380000)
  to   space 23040K, 0% used [0x00000000ed400000,0x00000000ed400000,0x00000000eea80000)
 ParOldGen       total 86016K, used 42547K [0x0000000082400000, 0x0000000087800000, 0x00000000d6180000)
  object space 86016K, 49% used [0x0000000082400000,0x0000000084d8ce48,0x0000000087800000)
 Metaspace       used 20879K, capacity 21568K, committed 21884K, reserved 1069056K
  class space    used 2627K, capacity 2794K, committed 2816K, reserved 1048576K
Event: 22.060 GC heap after
Heap after GC invocations=16 (full 0):
 PSYoungGen      total 328192K, used 10592K [0x00000000d6180000, 0x00000000ede80000, 0x0000000100000000)
  eden space 317440K, 0% used [0x00000000d6180000,0x00000000d6180000,0x00000000e9780000)
  from space 10752K, 98% used [0x00000000ed400000,0x00000000ede58030,0x00000000ede80000)
  to   space 23040K, 0% used [0x00000000eb180000,0x00000000eb180000,0x00000000ec800000)
 ParOldGen       total 86016K, used 42608K [0x0000000082400000, 0x0000000087800000, 0x00000000d6180000)
  object space 86016K, 49% used [0x0000000082400000,0x0000000084d9c0d8,0x0000000087800000)
 Metaspace       used 20879K, capacity 21568K, committed 21884K, reserved 1069056K
  class space    used 2627K, capacity 2794K, committed 2816K, reserved 1048576K
}
Event: 38.102 GC heap before
{Heap before GC invocations=17 (full 0):
 PSYoungGen      total 328192K, used 328032K [0x00000000d6180000, 0x00000000ede80000, 0x0000000100000000)
  eden space 317440K, 100% used [0x00000000d6180000,0x00000000e9780000,0x00000000e9780000)
  from space 10752K, 98% used [0x00000000ed400000,0x00000000ede58030,0x00000000ede80000)
  to   space 23040K, 0% used [0x00000000eb180000,0x00000000eb180000,0x00000000ec800000)
 ParOldGen       total 86016K, used 42608K [0x0000000082400000, 0x0000000087800000, 0x00000000d6180000)
  object space 86016K, 49% used [0x0000000082400000,0x0000000084d9c0d8,0x0000000087800000)
 Metaspace       used 20932K, capacity 21632K, committed 21884K, reserved 1069056K
  class space    used 2629K, capacity 2794K, committed 2816K, reserved 1048576K
Event: 38.105 GC heap after
Heap after GC invocations=17 (full 0):
 PSYoungGen      total 303616K, used 160K [0x00000000d6180000, 0x00000000ed480000, 0x0000000100000000)
  eden space 303104K, 0% used [0x00000000d6180000,0x00000000d6180000,0x00000000e8980000)
  from space 512K, 31% used [0x00000000eb180000,0x00000000eb1a8000,0x00000000eb200000)
  to   space 22528K, 0% used [0x00000000ebe80000,0x00000000ebe80000,0x00000000ed480000)
 ParOldGen       total 86016K, used 42632K [0x0000000082400000, 0x0000000087800000, 0x00000000d6180000)
  object space 86016K, 49% used [0x0000000082400000,0x0000000084da20d8,0x0000000087800000)
 Metaspace       used 20932K, capacity 21632K, committed 21884K, reserved 1069056K
  class space    used 2629K, capacity 2794K, committed 2816K, reserved 1048576K
}
Event: 39.633 GC heap before
{Heap before GC invocations=18 (full 0):
 PSYoungGen      total 303616K, used 303264K [0x00000000d6180000, 0x00000000ed480000, 0x0000000100000000)
  eden space 303104K, 100% used [0x00000000d6180000,0x00000000e8980000,0x00000000e8980000)
  from space 512K, 31% used [0x00000000eb180000,0x00000000eb1a8000,0x00000000eb200000)
  to   space 22528K, 0% used [0x00000000ebe80000,0x00000000ebe80000,0x00000000ed480000)
 ParOldGen       total 86016K, used 42632K [0x0000000082400000, 0x0000000087800000, 0x00000000d6180000)
  object space 86016K, 49% used [0x0000000082400000,0x0000000084da20d8,0x0000000087800000)
 Metaspace       used 20940K, capacity 21632K, committed 21884K, reserved 1069056K
  class space    used 2629K, capacity 2794K, committed 2816K, reserved 1048576K
Event: 39.639 GC heap after
Heap after GC invocations=18 (full 0):
 PSYoungGen      total 290304K, used 256K [0x00000000d6180000, 0x00000000ebf00000, 0x0000000100000000)
  eden space 289792K, 0% used [0x00000000d6180000,0x00000000d6180000,0x00000000e7c80000)
  from space 512K, 50% used [0x00000000ebe80000,0x00000000ebec0010,0x00000000ebf00000)
  to   space 21504K, 0% used [0x00000000e9500000,0x00000000e9500000,0x00000000eaa00000)
 ParOldGen       total 86016K, used 42664K [0x0000000082400000, 0x0000000087800000, 0x00000000d6180000)
  object space 86016K, 49% used [0x0000000082400000,0x0000000084daa0d8,0x0000000087800000)
 Metaspace       used 20940K, capacity 21632K, committed 21884K, reserved 1069056K
  class space    used 2629K, capacity 2794K, committed 2816K, reserved 1048576K
}

