# JRE version: Java(TM) SE Runtime Environment (8.0_91-b15) (build 1.8.0_91-b15)
# Java VM: Java HotSpot(TM) 64-Bit Server VM (25.91-b15 mixed mode windows-amd64 compressed oops)
Heap:
 PSYoungGen      total 393728K, used 4027K [0x00000000d6180000, 0x00000000f7400000, 0x0000000100000000)
  eden space 393216K, 0% used [0x00000000d6180000,0x00000000d6526e90,0x00000000ee180000)
  from space 512K, 56% used [0x00000000f7380000,0x00000000f73c8010,0x00000000f7400000)
  to   space 19456K, 0% used [0x00000000f4e00000,0x00000000f4e00000,0x00000000f6100000)
 ParOldGen       total 81408K, used 31252K [0x0000000082400000, 0x0000000087380000, 0x00000000d6180000)
  object space 81408K, 38% used [0x0000000082400000,0x0000000084285038,0x0000000087380000)
 Metaspace       used 20902K, capacity 21538K, committed 21760K, reserved 1069056K
  class space    used 2623K, capacity 2789K, committed 2816K, reserved 1048576K
GC Heap History (10 events):
Event: 16.919 GC heap after
Heap after GC invocations=18 (full 1):
 PSYoungGen      total 523776K, used 160K [0x00000000d6180000, 0x00000000fb480000, 0x0000000100000000)
  eden space 498176K, 0% used [0x00000000d6180000,0x00000000d6180000,0x00000000f4800000)
  from space 25600K, 0% used [0x00000000f8280000,0x00000000f82a8000,0x00000000f9b80000)
  to   space 25088K, 0% used [0x00000000f9c00000,0x00000000f9c00000,0x00000000fb480000)
 ParOldGen       total 81408K, used 31172K [0x0000000082400000, 0x0000000087380000, 0x00000000d6180000)
  object space 81408K, 38% used [0x0000000082400000,0x0000000084271038,0x0000000087380000)
 Metaspace       used 20688K, capacity 21342K, committed 21504K, reserved 1069056K
  class space    used 2623K, capacity 2789K, committed 2816K, reserved 1048576K
}
Event: 18.638 GC heap before
{Heap before GC invocations=19 (full 1):
 PSYoungGen      total 523776K, used 498336K [0x00000000d6180000, 0x00000000fb480000, 0x0000000100000000)
  eden space 498176K, 100% used [0x00000000d6180000,0x00000000f4800000,0x00000000f4800000)
  from space 25600K, 0% used [0x00000000f8280000,0x00000000f82a8000,0x00000000f9b80000)
  to   space 25088K, 0% used [0x00000000f9c00000,0x00000000f9c00000,0x00000000fb480000)
 ParOldGen       total 81408K, used 31172K [0x0000000082400000, 0x0000000087380000, 0x00000000d6180000)
  object space 81408K, 38% used [0x0000000082400000,0x0000000084271038,0x0000000087380000)
 Metaspace       used 20775K, capacity 21406K, committed 21504K, reserved 1069056K
  class space    used 2623K, capacity 2789K, committed 2816K, reserved 1048576K
Event: 18.641 GC heap after
Heap after GC invocations=19 (full 1):
 PSYoungGen      total 475648K, used 160K [0x00000000d6180000, 0x00000000f9c80000, 0x0000000100000000)
  eden space 475136K, 0% used [0x00000000d6180000,0x00000000d6180000,0x00000000f3180000)
  from space 512K, 31% used [0x00000000f9c00000,0x00000000f9c28000,0x00000000f9c80000)
  to   space 24064K, 0% used [0x00000000f6d80000,0x00000000f6d80000,0x00000000f8500000)
 ParOldGen       total 81408K, used 31204K [0x0000000082400000, 0x0000000087380000, 0x00000000d6180000)
  object space 81408K, 38% used [0x0000000082400000,0x0000000084279038,0x0000000087380000)
 Metaspace       used 20775K, capacity 21406K, committed 21504K, reserved 1069056K
  class space    used 2623K, capacity 2789K, committed 2816K, reserved 1048576K
}
Event: 20.210 GC heap before
{Heap before GC invocations=20 (full 1):
 PSYoungGen      total 475648K, used 475296K [0x00000000d6180000, 0x00000000f9c80000, 0x0000000100000000)
  eden space 475136K, 100% used [0x00000000d6180000,0x00000000f3180000,0x00000000f3180000)
  from space 512K, 31% used [0x00000000f9c00000,0x00000000f9c28000,0x00000000f9c80000)
  to   space 24064K, 0% used [0x00000000f6d80000,0x00000000f6d80000,0x00000000f8500000)
 ParOldGen       total 81408K, used 31204K [0x0000000082400000, 0x0000000087380000, 0x00000000d6180000)
  object space 81408K, 38% used [0x0000000082400000,0x0000000084279038,0x0000000087380000)
 Metaspace       used 20782K, capacity 21406K, committed 21504K, reserved 1069056K
  class space    used 2623K, capacity 2789K, committed 2816K, reserved 1048576K
Event: 20.214 GC heap after
Heap after GC invocations=20 (full 1):
 PSYoungGen      total 477184K, used 5376K [0x00000000d6180000, 0x00000000f9c80000, 0x0000000100000000)
  eden space 453120K, 0% used [0x00000000d6180000,0x00000000d6180000,0x00000000f1c00000)
  from space 24064K, 22% used [0x00000000f6d80000,0x00000000f72c0020,0x00000000f8500000)
  to   space 22016K, 0% used [0x00000000f8700000,0x00000000f8700000,0x00000000f9c80000)
 ParOldGen       total 81408K, used 31220K [0x0000000082400000, 0x0000000087380000, 0x00000000d6180000)
  object space 81408K, 38% used [0x0000000082400000,0x000000008427d038,0x0000000087380000)
 Metaspace       used 20782K, capacity 21406K, committed 21504K, reserved 1069056K
  class space    used 2623K, capacity 2789K, committed 2816K, reserved 1048576K
}
Event: 21.652 GC heap before
{Heap before GC invocations=21 (full 1):
 PSYoungGen      total 477184K, used 458496K [0x00000000d6180000, 0x00000000f9c80000, 0x0000000100000000)
  eden space 453120K, 100% used [0x00000000d6180000,0x00000000f1c00000,0x00000000f1c00000)
  from space 24064K, 22% used [0x00000000f6d80000,0x00000000f72c0020,0x00000000f8500000)
  to   space 22016K, 0% used [0x00000000f8700000,0x00000000f8700000,0x00000000f9c80000)
 ParOldGen       total 81408K, used 31220K [0x0000000082400000, 0x0000000087380000, 0x00000000d6180000)
  object space 81408K, 38% used [0x0000000082400000,0x000000008427d038,0x0000000087380000)
 Metaspace       used 20805K, capacity 21406K, committed 21504K, reserved 1069056K
  class space    used 2623K, capacity 2789K, committed 2816K, reserved 1048576K
Event: 21.654 GC heap after
Heap after GC invocations=21 (full 1):
 PSYoungGen      total 432640K, used 192K [0x00000000d6180000, 0x00000000f8780000, 0x0000000100000000)
  eden space 432128K, 0% used [0x00000000d6180000,0x00000000d6180000,0x00000000f0780000)
  from space 512K, 37% used [0x00000000f8700000,0x00000000f8730000,0x00000000f8780000)
  to   space 21504K, 0% used [0x00000000f5d80000,0x00000000f5d80000,0x00000000f7280000)
 ParOldGen       total 81408K, used 31236K [0x0000000082400000, 0x0000000087380000, 0x00000000d6180000)
  object space 81408K, 38% used [0x0000000082400000,0x0000000084281038,0x0000000087380000)
 Metaspace       used 20805K, capacity 21406K, committed 21504K, reserved 1069056K
  class space    used 2623K, capacity 2789K, committed 2816K, reserved 1048576K
}
Event: 23.185 GC heap before
{Heap before GC invocations=22 (full 1):
 PSYoungGen      total 432640K, used 432320K [0x00000000d6180000, 0x00000000f8780000, 0x0000000100000000)
  eden space 432128K, 100% used [0x00000000d6180000,0x00000000f0780000,0x00000000f0780000)
  from space 512K, 37% used [0x00000000f8700000,0x00000000f8730000,0x00000000f8780000)
  to   space 21504K, 0% used [0x00000000f5d80000,0x00000000f5d80000,0x00000000f7280000)
 ParOldGen       total 81408K, used 31236K [0x0000000082400000, 0x0000000087380000, 0x00000000d6180000)
  object space 81408K, 38% used [0x0000000082400000,0x0000000084281038,0x0000000087380000)
 Metaspace       used 20891K, capacity 21474K, committed 21760K, reserved 1069056K
  class space    used 2623K, capacity 2789K, committed 2816K, reserved 1048576K
Event: 23.187 GC heap after
Heap after GC invocations=22 (full 1):
 PSYoungGen      total 433664K, used 160K [0x00000000d6180000, 0x00000000f8780000, 0x0000000100000000)
  eden space 412160K, 0% used [0x00000000d6180000,0x00000000d6180000,0x00000000ef400000)
  from space 21504K, 0% used [0x00000000f5d80000,0x00000000f5da8000,0x00000000f7280000)
  to   space 20480K, 0% used [0x00000000f7380000,0x00000000f7380000,0x00000000f8780000)
 ParOldGen       total 81408K, used 31244K [0x0000000082400000, 0x0000000087380000, 0x00000000d6180000)
  object space 81408K, 38% used [0x0000000082400000,0x0000000084283038,0x0000000087380000)
 Metaspace       used 20891K, capacity 21474K, committed 21760K, reserved 1069056K
  class space    used 2623K, capacity 2789K, committed 2816K, reserved 1048576K
}
Event: 24.711 GC heap before
{Heap before GC invocations=23 (full 1):
 PSYoungGen      total 433664K, used 412320K [0x00000000d6180000, 0x00000000f8780000, 0x0000000100000000)
  eden space 412160K, 100% used [0x00000000d6180000,0x00000000ef400000,0x00000000ef400000)
  from space 21504K, 0% used [0x00000000f5d80000,0x00000000f5da8000,0x00000000f7280000)
  to   space 20480K, 0% used [0x00000000f7380000,0x00000000f7380000,0x00000000f8780000)
 ParOldGen       total 81408K, used 31244K [0x0000000082400000, 0x0000000087380000, 0x00000000d6180000)
  object space 81408K, 38% used [0x0000000082400000,0x0000000084283038,0x0000000087380000)
 Metaspace       used 20902K, capacity 21538K, committed 21760K, reserved 1069056K
  class space    used 2623K, capacity 2789K, committed 2816K, reserved 1048576K

