# JRE version: Java(TM) SE Runtime Environment (8.0_91-b15) (build 1.8.0_91-b15)
# Java VM: Java HotSpot(TM) 64-Bit Server VM (25.91-b15 mixed mode windows-amd64 compressed oops)
Heap:
 PSYoungGen      total 32768K, used 29051K [0x00000000d6180000, 0x00000000d8480000, 0x0000000100000000)
  eden space 30720K, 93% used [0x00000000d6180000,0x00000000d7db1668,0x00000000d7f80000)
  from space 2048K, 8% used [0x00000000d8280000,0x00000000d82ad660,0x00000000d8480000)
  to   space 2560K, 0% used [0x00000000d7f80000,0x00000000d7f80000,0x00000000d8200000)
 ParOldGen       total 86016K, used 61733K [0x0000000082400000, 0x0000000087800000, 0x00000000d6180000)
  object space 86016K, 71% used [0x0000000082400000,0x0000000086049430,0x0000000087800000)
 Metaspace       used 19707K, capacity 20342K, committed 20608K, reserved 1067008K
  class space    used 2401K, capacity 2587K, committed 2688K, reserved 1048576K
GC Heap History (10 events):
Event: 16.787 GC heap before
{Heap before GC invocations=38 (full 0):
 PSYoungGen      total 33792K, used 33408K [0x00000000d6180000, 0x00000000d8900000, 0x0000000100000000)
  eden space 33280K, 100% used [0x00000000d6180000,0x00000000d8200000,0x00000000d8200000)
  from space 512K, 25% used [0x00000000d8280000,0x00000000d82a0000,0x00000000d8300000)
  to   space 3584K, 0% used [0x00000000d8580000,0x00000000d8580000,0x00000000d8900000)
 ParOldGen       total 86016K, used 61613K [0x0000000082400000, 0x0000000087800000, 0x00000000d6180000)
  object space 86016K, 71% used [0x0000000082400000,0x000000008602b430,0x0000000087800000)
 Metaspace       used 19604K, capacity 20214K, committed 20352K, reserved 1067008K
  class space    used 2401K, capacity 2587K, committed 2688K, reserved 1048576K
Event: 16.788 GC heap after
Heap after GC invocations=38 (full 0):
 PSYoungGen      total 34816K, used 160K [0x00000000d6180000, 0x00000000d8780000, 0x0000000100000000)
  eden space 32768K, 0% used [0x00000000d6180000,0x00000000d6180000,0x00000000d8180000)
  from space 2048K, 7% used [0x00000000d8580000,0x00000000d85a8000,0x00000000d8780000)
  to   space 3072K, 0% used [0x00000000d8180000,0x00000000d8180000,0x00000000d8480000)
 ParOldGen       total 86016K, used 61637K [0x0000000082400000, 0x0000000087800000, 0x00000000d6180000)
  object space 86016K, 71% used [0x0000000082400000,0x0000000086031430,0x0000000087800000)
 Metaspace       used 19604K, capacity 20214K, committed 20352K, reserved 1067008K
  class space    used 2401K, capacity 2587K, committed 2688K, reserved 1048576K
}
Event: 17.150 GC heap before
{Heap before GC invocations=39 (full 0):
 PSYoungGen      total 34816K, used 30955K [0x00000000d6180000, 0x00000000d8780000, 0x0000000100000000)
  eden space 32768K, 93% used [0x00000000d6180000,0x00000000d7f92ed0,0x00000000d8180000)
  from space 2048K, 7% used [0x00000000d8580000,0x00000000d85a8000,0x00000000d8780000)
  to   space 3072K, 0% used [0x00000000d8180000,0x00000000d8180000,0x00000000d8480000)
 ParOldGen       total 86016K, used 61637K [0x0000000082400000, 0x0000000087800000, 0x00000000d6180000)
  object space 86016K, 71% used [0x0000000082400000,0x0000000086031430,0x0000000087800000)
 Metaspace       used 19604K, capacity 20214K, committed 20352K, reserved 1067008K
  class space    used 2401K, capacity 2587K, committed 2688K, reserved 1048576K
Event: 17.151 GC heap after
Heap after GC invocations=39 (full 0):
 PSYoungGen      total 32768K, used 160K [0x00000000d6180000, 0x00000000d8700000, 0x0000000100000000)
  eden space 32256K, 0% used [0x00000000d6180000,0x00000000d6180000,0x00000000d8100000)
  from space 512K, 31% used [0x00000000d8180000,0x00000000d81a8000,0x00000000d8200000)
  to   space 3072K, 0% used [0x00000000d8400000,0x00000000d8400000,0x00000000d8700000)
 ParOldGen       total 86016K, used 61669K [0x0000000082400000, 0x0000000087800000, 0x00000000d6180000)
  object space 86016K, 71% used [0x0000000082400000,0x0000000086039430,0x0000000087800000)
 Metaspace       used 19604K, capacity 20214K, committed 20352K, reserved 1067008K
  class space    used 2401K, capacity 2587K, committed 2688K, reserved 1048576K
}
Event: 17.503 GC heap before
{Heap before GC invocations=40 (full 0):
 PSYoungGen      total 32768K, used 32349K [0x00000000d6180000, 0x00000000d8700000, 0x0000000100000000)
  eden space 32256K, 99% used [0x00000000d6180000,0x00000000d80ef650,0x00000000d8100000)
  from space 512K, 31% used [0x00000000d8180000,0x00000000d81a8000,0x00000000d8200000)
  to   space 3072K, 0% used [0x00000000d8400000,0x00000000d8400000,0x00000000d8700000)
 ParOldGen       total 86016K, used 61669K [0x0000000082400000, 0x0000000087800000, 0x00000000d6180000)
  object space 86016K, 71% used [0x0000000082400000,0x0000000086039430,0x0000000087800000)
 Metaspace       used 19604K, capacity 20214K, committed 20352K, reserved 1067008K
  class space    used 2401K, capacity 2587K, committed 2688K, reserved 1048576K
Event: 17.505 GC heap after
Heap after GC invocations=40 (full 0):
 PSYoungGen      total 34304K, used 160K [0x00000000d6180000, 0x00000000d8680000, 0x0000000100000000)
  eden space 31744K, 0% used [0x00000000d6180000,0x00000000d6180000,0x00000000d8080000)
  from space 2560K, 6% used [0x00000000d8400000,0x00000000d8428000,0x00000000d8680000)
  to   space 3072K, 0% used [0x00000000d8080000,0x00000000d8080000,0x00000000d8380000)
 ParOldGen       total 86016K, used 61693K [0x0000000082400000, 0x0000000087800000, 0x00000000d6180000)
  object space 86016K, 71% used [0x0000000082400000,0x000000008603f430,0x0000000087800000)
 Metaspace       used 19604K, capacity 20214K, committed 20352K, reserved 1067008K
  class space    used 2401K, capacity 2587K, committed 2688K, reserved 1048576K
}
Event: 17.807 GC heap before
{Heap before GC invocations=41 (full 0):
 PSYoungGen      total 34304K, used 31904K [0x00000000d6180000, 0x00000000d8680000, 0x0000000100000000)
  eden space 31744K, 100% used [0x00000000d6180000,0x00000000d8080000,0x00000000d8080000)
  from space 2560K, 6% used [0x00000000d8400000,0x00000000d8428000,0x00000000d8680000)
  to   space 3072K, 0% used [0x00000000d8080000,0x00000000d8080000,0x00000000d8380000)
 ParOldGen       total 86016K, used 61693K [0x0000000082400000, 0x0000000087800000, 0x00000000d6180000)
  object space 86016K, 71% used [0x0000000082400000,0x000000008603f430,0x0000000087800000)
 Metaspace       used 19613K, capacity 20214K, committed 20352K, reserved 1067008K
  class space    used 2401K, capacity 2587K, committed 2688K, reserved 1048576K
Event: 17.809 GC heap after
Heap after GC invocations=41 (full 0):
 PSYoungGen      total 31744K, used 237K [0x00000000d6180000, 0x00000000d8500000, 0x0000000100000000)
  eden space 31232K, 0% used [0x00000000d6180000,0x00000000d6180000,0x00000000d8000000)
  from space 512K, 46% used [0x00000000d8080000,0x00000000d80bb7a0,0x00000000d8100000)
  to   space 2560K, 0% used [0x00000000d8280000,0x00000000d8280000,0x00000000d8500000)
 ParOldGen       total 86016K, used 61709K [0x0000000082400000, 0x0000000087800000, 0x00000000d6180000)
  object space 86016K, 71% used [0x0000000082400000,0x0000000086043430,0x0000000087800000)
 Metaspace       used 19613K, capacity 20214K, committed 20352K, reserved 1067008K
  class space    used 2401K, capacity 2587K, committed 2688K, reserved 1048576K
}
Event: 18.139 GC heap before
{Heap before GC invocations=42 (full 0):
 PSYoungGen      total 31744K, used 30009K [0x00000000d6180000, 0x00000000d8500000, 0x0000000100000000)
  eden space 31232K, 95% used [0x00000000d6180000,0x00000000d7e92da8,0x00000000d8000000)
  from space 512K, 46% used [0x00000000d8080000,0x00000000d80bb7a0,0x00000000d8100000)
  to   space 2560K, 0% used [0x00000000d8280000,0x00000000d8280000,0x00000000d8500000)
 ParOldGen       total 86016K, used 61709K [0x0000000082400000, 0x0000000087800000, 0x00000000d6180000)
  object space 86016K, 71% used [0x0000000082400000,0x0000000086043430,0x0000000087800000)
 Metaspace       used 19707K, capacity 20342K, committed 20608K, reserved 1067008K
  class space    used 2401K, capacity 2587K, committed 2688K, reserved 1048576K
Event: 18.140 GC heap after
Heap after GC invocations=42 (full 0):
 PSYoungGen      total 32768K, used 181K [0x00000000d6180000, 0x00000000d8480000, 0x0000000100000000)
  eden space 30720K, 0% used [0x00000000d6180000,0x00000000d6180000,0x00000000d7f80000)
  from space 2048K, 8% used [0x00000000d8280000,0x00000000d82ad660,0x00000000d8480000)
  to   space 2560K, 0% used [0x00000000d7f80000,0x00000000d7f80000,0x00000000d8200000)
 ParOldGen       total 86016K, used 61733K [0x0000000082400000, 0x0000000087800000, 0x00000000d6180000)
  object space 86016K, 71% used [0x0000000082400000,0x0000000086049430,0x0000000087800000)
 Metaspace       used 19707K, capacity 20342K, committed 20608K, reserved 1067008K
  class space    used 2401K, capacity 2587K, committed 2688K, reserved 1048576K
}

