# JRE version: Java(TM) SE Runtime Environment (8.0_91-b15) (build 1.8.0_91-b15)
# Java VM: Java HotSpot(TM) 64-Bit Server VM (25.91-b15 mixed mode windows-amd64 compressed oops)
Heap:
 PSYoungGen      total 195584K, used 178097K [0x00000000d6180000, 0x00000000f2000000, 0x0000000100000000)
  eden space 195072K, 91% used [0x00000000d6180000,0x00000000e0f447c0,0x00000000e2000000)
  from space 512K, 31% used [0x00000000f1f80000,0x00000000f1fa8000,0x00000000f2000000)
  to   space 8192K, 0% used [0x00000000f1000000,0x00000000f1000000,0x00000000f1800000)
 ParOldGen       total 89088K, used 28082K [0x0000000082400000, 0x0000000087b00000, 0x00000000d6180000)
  object space 89088K, 31% used [0x0000000082400000,0x0000000083f6c988,0x0000000087b00000)
 Metaspace       used 21021K, capacity 21730K, committed 22016K, reserved 1069056K
  class space    used 2627K, capacity 2789K, committed 2816K, reserved 1048576K
GC Heap History (10 events):
Event: 45.660 GC heap before
{Heap before GC invocations=37 (full 1):
 PSYoungGen      total 251392K, used 237241K [0x00000000d6180000, 0x00000000f3a00000, 0x0000000100000000)
  eden space 241152K, 98% used [0x00000000d6180000,0x00000000e4906400,0x00000000e4d00000)
  from space 10240K, 1% used [0x00000000f2600000,0x00000000f2628000,0x00000000f3000000)
  to   space 9728K, 0% used [0x00000000f3080000,0x00000000f3080000,0x00000000f3a00000)
 ParOldGen       total 89088K, used 28002K [0x0000000082400000, 0x0000000087b00000, 0x00000000d6180000)
  object space 89088K, 31% used [0x0000000082400000,0x0000000083f58988,0x0000000087b00000)
 Metaspace       used 21007K, capacity 21730K, committed 22016K, reserved 1069056K
  class space    used 2625K, capacity 2789K, committed 2816K, reserved 1048576K
Event: 45.661 GC heap after
Heap after GC invocations=37 (full 1):
 PSYoungGen      total 231424K, used 274K [0x00000000d6180000, 0x00000000f3100000, 0x0000000100000000)
  eden space 230912K, 0% used [0x00000000d6180000,0x00000000d6180000,0x00000000e4300000)
  from space 512K, 53% used [0x00000000f3080000,0x00000000f30c48b0,0x00000000f3100000)
  to   space 9216K, 0% used [0x00000000f1f00000,0x00000000f1f00000,0x00000000f2800000)
 ParOldGen       total 89088K, used 28018K [0x0000000082400000, 0x0000000087b00000, 0x00000000d6180000)
  object space 89088K, 31% used [0x0000000082400000,0x0000000083f5c988,0x0000000087b00000)
 Metaspace       used 21007K, capacity 21730K, committed 22016K, reserved 1069056K
  class space    used 2625K, capacity 2789K, committed 2816K, reserved 1048576K
}
Event: 46.871 GC heap before
{Heap before GC invocations=38 (full 1):
 PSYoungGen      total 231424K, used 231186K [0x00000000d6180000, 0x00000000f3100000, 0x0000000100000000)
  eden space 230912K, 100% used [0x00000000d6180000,0x00000000e4300000,0x00000000e4300000)
  from space 512K, 53% used [0x00000000f3080000,0x00000000f30c48b0,0x00000000f3100000)
  to   space 9216K, 0% used [0x00000000f1f00000,0x00000000f1f00000,0x00000000f2800000)
 ParOldGen       total 89088K, used 28018K [0x0000000082400000, 0x0000000087b00000, 0x00000000d6180000)
  object space 89088K, 31% used [0x0000000082400000,0x0000000083f5c988,0x0000000087b00000)
 Metaspace       used 21007K, capacity 21730K, committed 22016K, reserved 1069056K
  class space    used 2625K, capacity 2789K, committed 2816K, reserved 1048576K
Event: 46.873 GC heap after
Heap after GC invocations=38 (full 1):
 PSYoungGen      total 226816K, used 5344K [0x00000000d6180000, 0x00000000f3100000, 0x0000000100000000)
  eden space 221184K, 0% used [0x00000000d6180000,0x00000000d6180000,0x00000000e3980000)
  from space 5632K, 94% used [0x00000000f1f00000,0x00000000f2438010,0x00000000f2480000)
  to   space 9728K, 0% used [0x00000000f2780000,0x00000000f2780000,0x00000000f3100000)
 ParOldGen       total 89088K, used 28034K [0x0000000082400000, 0x0000000087b00000, 0x00000000d6180000)
  object space 89088K, 31% used [0x0000000082400000,0x0000000083f60988,0x0000000087b00000)
 Metaspace       used 21007K, capacity 21730K, committed 22016K, reserved 1069056K
  class space    used 2625K, capacity 2789K, committed 2816K, reserved 1048576K
}
Event: 48.059 GC heap before
{Heap before GC invocations=39 (full 1):
 PSYoungGen      total 226816K, used 226528K [0x00000000d6180000, 0x00000000f3100000, 0x0000000100000000)
  eden space 221184K, 100% used [0x00000000d6180000,0x00000000e3980000,0x00000000e3980000)
  from space 5632K, 94% used [0x00000000f1f00000,0x00000000f2438010,0x00000000f2480000)
  to   space 9728K, 0% used [0x00000000f2780000,0x00000000f2780000,0x00000000f3100000)
 ParOldGen       total 89088K, used 28034K [0x0000000082400000, 0x0000000087b00000, 0x00000000d6180000)
  object space 89088K, 31% used [0x0000000082400000,0x0000000083f60988,0x0000000087b00000)
 Metaspace       used 21007K, capacity 21730K, committed 22016K, reserved 1069056K
  class space    used 2625K, capacity 2789K, committed 2816K, reserved 1048576K
Event: 48.061 GC heap after
Heap after GC invocations=39 (full 1):
 PSYoungGen      total 212480K, used 160K [0x00000000d6180000, 0x00000000f2800000, 0x0000000100000000)
  eden space 211968K, 0% used [0x00000000d6180000,0x00000000d6180000,0x00000000e3080000)
  from space 512K, 31% used [0x00000000f2780000,0x00000000f27a8000,0x00000000f2800000)
  to   space 9216K, 0% used [0x00000000f1600000,0x00000000f1600000,0x00000000f1f00000)
 ParOldGen       total 89088K, used 28058K [0x0000000082400000, 0x0000000087b00000, 0x00000000d6180000)
  object space 89088K, 31% used [0x0000000082400000,0x0000000083f66988,0x0000000087b00000)
 Metaspace       used 21007K, capacity 21730K, committed 22016K, reserved 1069056K
  class space    used 2625K, capacity 2789K, committed 2816K, reserved 1048576K
}
Event: 49.182 GC heap before
{Heap before GC invocations=40 (full 1):
 PSYoungGen      total 212480K, used 207876K [0x00000000d6180000, 0x00000000f2800000, 0x0000000100000000)
  eden space 211968K, 97% used [0x00000000d6180000,0x00000000e2c59188,0x00000000e3080000)
  from space 512K, 31% used [0x00000000f2780000,0x00000000f27a8000,0x00000000f2800000)
  to   space 9216K, 0% used [0x00000000f1600000,0x00000000f1600000,0x00000000f1f00000)
 ParOldGen       total 89088K, used 28058K [0x0000000082400000, 0x0000000087b00000, 0x00000000d6180000)
  object space 89088K, 31% used [0x0000000082400000,0x0000000083f66988,0x0000000087b00000)
 Metaspace       used 21007K, capacity 21730K, committed 22016K, reserved 1069056K
  class space    used 2625K, capacity 2789K, committed 2816K, reserved 1048576K
Event: 49.183 GC heap after
Heap after GC invocations=40 (full 1):
 PSYoungGen      total 212480K, used 160K [0x00000000d6180000, 0x00000000f2800000, 0x0000000100000000)
  eden space 203264K, 0% used [0x00000000d6180000,0x00000000d6180000,0x00000000e2800000)
  from space 9216K, 1% used [0x00000000f1600000,0x00000000f1628000,0x00000000f1f00000)
  to   space 8704K, 0% used [0x00000000f1f80000,0x00000000f1f80000,0x00000000f2800000)
 ParOldGen       total 89088K, used 28074K [0x0000000082400000, 0x0000000087b00000, 0x00000000d6180000)
  object space 89088K, 31% used [0x0000000082400000,0x0000000083f6a988,0x0000000087b00000)
 Metaspace       used 21007K, capacity 21730K, committed 22016K, reserved 1069056K
  class space    used 2625K, capacity 2789K, committed 2816K, reserved 1048576K
}
Event: 50.294 GC heap before
{Heap before GC invocations=41 (full 1):
 PSYoungGen      total 212480K, used 203424K [0x00000000d6180000, 0x00000000f2800000, 0x0000000100000000)
  eden space 203264K, 100% used [0x00000000d6180000,0x00000000e2800000,0x00000000e2800000)
  from space 9216K, 1% used [0x00000000f1600000,0x00000000f1628000,0x00000000f1f00000)
  to   space 8704K, 0% used [0x00000000f1f80000,0x00000000f1f80000,0x00000000f2800000)
 ParOldGen       total 89088K, used 28074K [0x0000000082400000, 0x0000000087b00000, 0x00000000d6180000)
  object space 89088K, 31% used [0x0000000082400000,0x0000000083f6a988,0x0000000087b00000)
 Metaspace       used 21007K, capacity 21730K, committed 22016K, reserved 1069056K
  class space    used 2625K, capacity 2789K, committed 2816K, reserved 1048576K
Event: 50.296 GC heap after
Heap after GC invocations=41 (full 1):
 PSYoungGen      total 195584K, used 160K [0x00000000d6180000, 0x00000000f2000000, 0x0000000100000000)
  eden space 195072K, 0% used [0x00000000d6180000,0x00000000d6180000,0x00000000e2000000)
  from space 512K, 31% used [0x00000000f1f80000,0x00000000f1fa8000,0x00000000f2000000)
  to   space 8192K, 0% used [0x00000000f1000000,0x00000000f1000000,0x00000000f1800000)
 ParOldGen       total 89088K, used 28082K [0x0000000082400000, 0x0000000087b00000, 0x00000000d6180000)
  object space 89088K, 31% used [0x0000000082400000,0x0000000083f6c988,0x0000000087b00000)
 Metaspace       used 21007K, capacity 21730K, committed 22016K, reserved 1069056K
  class space    used 2625K, capacity 2789K, committed 2816K, reserved 1048576K
}

